/g/g90/choi18/.bashrc: line 15: module: command not found
/g/g90/choi18/.bashrc: line 16: module: command not found
/g/g90/choi18/.bashrc: line 17: module: command not found
Fri Jul  5 18:30:52 PDT 2019
lassen475
Job ID is 360197
gpuroofperf-tool v.0.9.0 (CLI)


------- Running kernel inspection -------
Executing: nvprof
Executing: nvprof --devices all --query-metrics
Retrieving GPU information... Done, took 0.44 seconds
Profiling on GPU: Tesla V100-SXM2-16GB
Invocation: "/g/g90/choi18/miniFE/cuda/src/miniFE.x --num_devices 1 -nx 200 -ny 200 -nz 200"
Executing: jsrun -n1 -a1 -g1 -c40 -r1 nvprof -u ms --demangling off --csv --log-file tmp-simple-360197-%q{OMPI_COMM_WORLD_RANK}.csv /g/g90/choi18/miniFE/cuda/src/miniFE.x --num_devices 1 -nx 200 -ny 200 -nz 200
Running simple profiling... Done, took 3.29 seconds
GPU kernel functions invoked:
1. _ZN6miniFE25matvec_overlap_ell_kernelILNS_12MATVEC_RANGEE0ENS_12PODELLMatrixIdiiEENS_9PODVectorIdiiEEEEvT0_T1_S7_ (Time(%):68.41, 717.4039 msecs, 201 invocations)
2. _ZN6miniFE13waxpby_kernelINS_9PODVectorIdiiEEEEvNT_10ScalarTypeES3_S4_S3_S3_ (Time(%):13.17, 138.1675 msecs, 602 invocations)
3. _ZN6miniFE19element_loop_kernelINS_12PODELLMatrixIdiiEENS_9PODVectorIdiiEENS_7PODMeshIiEEEEvT1_NT_17GlobalOrdinalTypeEPKS9_S8_T0_PKNS8_10ScalarTypeESF_ (Time(%):9.22, 96.6534 msecs, 1 invocations)
4. _ZN6miniFE10dot_kernelINS_9PODVectorIdiiEEEEvT_S3_PNS_10TypeTraitsINS3_10ScalarTypeEE14magnitude_typeE (Time(%):4.45, 46.6831 msecs, 400 invocations)
5. _ZN6miniFE30impose_dirichlet_second_kernelINS_12PODELLMatrixIdiiEENS_9PODVectorIdiiEEEEvNT_10ScalarTypeES5_T0_PNS5_17GlobalOrdinalTypeES8_ (Time(%):1.08, 11.3150 msecs, 2 invocations)
6. _ZN6miniFE25matvec_overlap_ell_kernelILNS_12MATVEC_RANGEE1ENS_12PODELLMatrixIdiiEENS_9PODVectorIdiiEEEEvT0_T1_S7_ (Time(%):0.91, 9.5755 msecs, 201 invocations)
7. _ZN6miniFE32generate_matrix_structure_kernelINS_7PODMeshIiEENS_12PODELLMatrixIdiiEEEEvT_T0_iii (Time(%):0.35, 3.7022 msecs, 1 invocations)
8. _ZN6thrust8cuda_cub4core13_kernel_agentINS0_14__parallel_for16ParallelForAgentINS0_20__uninitialized_fill7functorINS_10device_ptrIdEEdEEmEES9_mEEvT0_T1_ (Time(%):0.23, 2.4528 msecs, 9 invocations)
9. _ZN6miniFE29impose_dirichlet_first_kernelINS_12PODELLMatrixIdiiEENS_9PODVectorIdiiEEEEvNT_10ScalarTypeES5_T0_PNS5_17GlobalOrdinalTypeES8_S8_S8_ (Time(%):0.14, 1.4893 msecs, 2 invocations)
10. _ZN6thrust8cuda_cub4core13_kernel_agentINS0_14__parallel_for16ParallelForAgentINS0_20__uninitialized_fill7functorINS_10device_ptrIiEEiEEmEES9_mEEvT0_T1_ (Time(%):0.10, 1.0825 msecs, 7 invocations)
11. _ZN6miniFE23dot_final_reduce_kernelIdEEvPT_ (Time(%):0.08, 0.8912 msecs, 400 invocations)
12. _ZN6miniFE17cudaMemset_kernelIdEEvPT_S1_i (Time(%):0.05, 0.4879 msecs, 400 invocations)
13. _ZN6thrust8cuda_cub4core13_kernel_agentINS0_14__parallel_for16ParallelForAgentINS0_6__fill7functorINS_6detail15normal_iteratorINS_10device_ptrIdEEEEiEElEESC_lEEvT0_T1_ (Time(%):0.01, 0.0781 msecs, 1 invocations)
Total percentage: 98.21%
Selected percentage: 90.80% (92.45% of total)
Selected kernels: "_ZN6miniFE25matvec_overlap_ell_kernelILNS_12MATVEC_RANGEE0ENS_12PODELLMatrixIdiiEENS_9PODVectorIdiiEEEEvT0_T1_S7_", "_ZN6miniFE19element_loop_kernelINS_12PODELLMatrixIdiiEENS_9PODVectorIdiiEENS_7PODMeshIiEEEEvT1_NT_17GlobalOrdinalTypeEPKS9_S8_T0_PKNS8_10ScalarTypeESF_", "_ZN6miniFE13waxpby_kernelINS_9PODVectorIdiiEEEEvNT_10ScalarTypeES3_S4_S3_S3_"
Executing: jsrun -n1 -a1 -g1 -c40 -r1 nvprof -u ms --csv --demangling off --log-file tmp-metric-360197-%q{OMPI_COMM_WORLD_RANK}.csv --kernels _ZN6miniFE25matvec_overlap_ell_kernelILNS_12MATVEC_RANGEE0ENS_12PODELLMatrixIdiiEENS_9PODVectorIdiiEEEEvT0_T1_S7_ --metrics l2_read_transactions,l2_write_transactions,dram_read_transactions,dram_write_transactions,flop_count_dp,flop_count_dp_add,flop_count_dp_fma,flop_count_dp_mul,flop_count_sp,flop_count_sp_add,flop_count_sp_fma,flop_count_sp_mul,flop_count_sp_special,inst_executed,inst_fp_32,inst_fp_64,inst_integer,inst_compute_ld_st --kernels _ZN6miniFE19element_loop_kernelINS_12PODELLMatrixIdiiEENS_9PODVectorIdiiEENS_7PODMeshIiEEEEvT1_NT_17GlobalOrdinalTypeEPKS9_S8_T0_PKNS8_10ScalarTypeESF_ --metrics l2_read_transactions,l2_write_transactions,dram_read_transactions,dram_write_transactions,flop_count_dp,flop_count_dp_add,flop_count_dp_fma,flop_count_dp_mul,flop_count_sp,flop_count_sp_add,flop_count_sp_fma,flop_count_sp_mul,flop_count_sp_special,inst_executed,inst_fp_32,inst_fp_64,inst_integer,inst_compute_ld_st --kernels _ZN6miniFE13waxpby_kernelINS_9PODVectorIdiiEEEEvNT_10ScalarTypeES3_S4_S3_S3_ --metrics l2_read_transactions,l2_write_transactions,dram_read_transactions,dram_write_transactions,flop_count_dp,flop_count_dp_add,flop_count_dp_fma,flop_count_dp_mul,flop_count_sp,flop_count_sp_add,flop_count_sp_fma,flop_count_sp_mul,flop_count_sp_special,inst_executed,inst_fp_32,inst_fp_64,inst_integer,inst_compute_ld_st /g/g90/choi18/miniFE/cuda/src/miniFE.x --num_devices 1 -nx 200 -ny 200 -nz 200
Running metric profiling (all, 18 total metrics)... Done, took 486.46 seconds
Kernel inspection done!
Executing: nvidia-smi -q
Querying GPU driver version (via nvidia-smi)... Done

Kernel parameters saved to  "miniFE-P1.json"

------- Primary kernel parameters -------
Kernel name: _ZN6miniFE25matvec_overlap_ell_kernelILNS_12MATVEC_RANGEE0ENS_12PODELLMatrixIdiiEENS_9PODVectorIdiiEEEEvT0_T1_S7_
	Kernel type:            Floating point (DP)
	Compute operations:     87929867628 ops
	DRAM accesses:          572647552800 bytes
	Computation efficiency: 1.00000
	Instruction mix:
		Computations:    5.14%
		Load/Stores:    15.82%
		Other:          79.04%

Kernel name: _ZN6miniFE19element_loop_kernelINS_12PODELLMatrixIdiiEENS_9PODVectorIdiiEENS_7PODMeshIiEEEEvT1_NT_17GlobalOrdinalTypeEPKS9_S8_T0_PKNS8_10ScalarTypeESF_
	Kernel type:            Floating point (DP)
	Compute operations:     48837407287 ops
	DRAM accesses:          28884650144 bytes
	Computation efficiency: 0.88285
	Instruction mix:
		Computations:   18.76%
		Load/Stores:    10.15%
		Other:          71.09%

Kernel name: _ZN6miniFE13waxpby_kernelINS_9PODVectorIdiiEEEEvNT_10ScalarTypeES3_S4_S3_S3_
	Kernel type:            Floating point (DP)
	Compute operations:     14665805406 ops
	DRAM accesses:          117263493312 bytes
	Computation efficiency: 0.75000
	Instruction mix:
		Computations:    9.52%
		Load/Stores:    14.29%
		Other:          76.19%

Done

------------------------------------------------------------
Sender: LSF System <lsfadmin@lassen710>
Subject: Job 360197: <rf-g1> in cluster <lassen> Done

Job <rf-g1> was submitted from host <lassen709> by user <choi18> in cluster <lassen> at Fri Jul  5 12:48:13 2019
Job was executed on host(s) <1*lassen710>, in queue <pbatch>, as user <choi18> in cluster <lassen> at Fri Jul  5 18:30:48 2019
                            <40*lassen475>
</g/g90/choi18> was used as the home directory.
</g/g90/choi18/miniFE/cuda/src> was used as the working directory.
Started at Fri Jul  5 18:30:48 2019
Terminated at Fri Jul  5 18:39:30 2019
Results reported at Fri Jul  5 18:39:30 2019

Your job looked like:

------------------------------------------------------------
# LSBATCH: User input
#!/bin/bash

#BSUB -nnodes 1
#BSUB -core_isolation 2
#BSUB -W 120
#BSUB -G asccasc
#BSUB -J rf-g1
#BSUB -q pbatch

date; hostname
echo -n 'Job ID is '; echo $LSB_JOBID
cd /g/g90/choi18/gpuroofperf-toolkit/tool

python3 gpuroofperf-cli.py -x "jsrun -n1 -a1 -g1 -c40 -r1" -o miniFE-P1.json /g/g90/choi18/miniFE/cuda/src/miniFE.x --num_devices 1 -nx 200 -ny 200 -nz 200

echo 'Done'

------------------------------------------------------------

Successfully completed.

Resource usage summary:

    CPU time :                                   0.32 sec.
    Max Memory :                                 56 MB
    Average Memory :                             55.26 MB
    Total Requested Memory :                     -
    Delta Memory :                               -
    Max Swap :                                   1421 MB
    Max Processes :                              4
    Max Threads :                                27
    Run time :                                   522 sec.
    Turnaround time :                            21077 sec.

The output (if any) is above this job summary.

