/g/g90/choi18/.bashrc: line 15: module: command not found
/g/g90/choi18/.bashrc: line 16: module: command not found
/g/g90/choi18/.bashrc: line 17: module: command not found
Mon Jul 15 18:50:17 PDT 2019
lassen268
Job ID is 377810
gpuroofperf-tool v.0.9.0 (CLI)


------- Running kernel inspection -------
Executing: nvprof
Executing: nvprof --devices all --query-metrics
Retrieving GPU information... Done, took 0.44 seconds
Profiling on GPU: Tesla V100-SXM2-16GB
Invocation: "/g/g90/choi18/miniFE/cuda/src/miniFE.x --num_devices 4 -nx 800 -ny 400 -nz 400"
Executing: jsrun -n4 -a4 -g4 -c40 -r1 nvprof -u ms --profile-from-start off --demangling off --csv --log-file tmp-simple-377810-%q{OMPI_COMM_WORLD_RANK}.csv /g/g90/choi18/miniFE/cuda/src/miniFE.x --num_devices 4 -nx 800 -ny 400 -nz 400
Running simple profiling... Done, took 8.59 seconds
GPU kernel functions invoked:
1. _ZN6miniFE25matvec_overlap_ell_kernelILNS_12MATVEC_RANGEE0ENS_12PODELLMatrixIdiiEENS_9PODVectorIdiiEEEEvT0_T1_S7_ (Time(%):74.70, 704.0645 msecs, 201 invocations)
2. _ZN6miniFE13waxpby_kernelINS_9PODVectorIdiiEEEEvNT_10ScalarTypeES3_S4_S3_S3_ (Time(%):14.45, 136.2156 msecs, 602 invocations)
3. _ZN6miniFE10dot_kernelINS_9PODVectorIdiiEEEEvT_S3_PNS_10TypeTraitsINS3_10ScalarTypeEE14magnitude_typeE (Time(%):4.95, 46.6055 msecs, 400 invocations)
4. _ZN6miniFE25matvec_overlap_ell_kernelILNS_12MATVEC_RANGEE1ENS_12PODELLMatrixIdiiEENS_9PODVectorIdiiEEEEvT0_T1_S7_ (Time(%):4.76, 44.9074 msecs, 201 invocations)
5. _ZN6miniFE20copyElementsToBufferIdiEEvPT_S2_PT0_i (Time(%):0.23, 2.1905 msecs, 201 invocations)
6. _ZN6miniFE23dot_final_reduce_kernelIdEEvPT_ (Time(%):0.09, 0.8364 msecs, 400 invocations)
7. _ZN6miniFE17cudaMemset_kernelIdEEvPT_S1_i (Time(%):0.04, 0.4034 msecs, 400 invocations)
8. _ZN6thrust8cuda_cub4core13_kernel_agentINS0_14__parallel_for16ParallelForAgentINS0_20__uninitialized_fill7functorINS_10device_ptrIdEEdEEmEES9_mEEvT0_T1_ (Time(%):0.02, 0.2317 msecs, 4 invocations)
Total percentage: 99.26%
Selected percentage: 98.87% (99.61% of total)
Selected kernels: "_ZN6miniFE10dot_kernelINS_9PODVectorIdiiEEEEvT_S3_PNS_10TypeTraitsINS3_10ScalarTypeEE14magnitude_typeE", "_ZN6miniFE25matvec_overlap_ell_kernelILNS_12MATVEC_RANGEE1ENS_12PODELLMatrixIdiiEENS_9PODVectorIdiiEEEEvT0_T1_S7_", "_ZN6miniFE25matvec_overlap_ell_kernelILNS_12MATVEC_RANGEE0ENS_12PODELLMatrixIdiiEENS_9PODVectorIdiiEEEEvT0_T1_S7_", "_ZN6miniFE13waxpby_kernelINS_9PODVectorIdiiEEEEvNT_10ScalarTypeES3_S4_S3_S3_"
Executing: jsrun -n4 -a4 -g4 -c40 -r1 nvprof -u ms --profile-from-start off --csv --demangling off --log-file tmp-metric-377810-%q{OMPI_COMM_WORLD_RANK}.csv --kernels _ZN6miniFE10dot_kernelINS_9PODVectorIdiiEEEEvT_S3_PNS_10TypeTraitsINS3_10ScalarTypeEE14magnitude_typeE --metrics l2_read_transactions,l2_write_transactions,dram_read_transactions,dram_write_transactions,flop_count_dp,flop_count_dp_add,flop_count_dp_fma,flop_count_dp_mul,flop_count_sp,flop_count_sp_add,flop_count_sp_fma,flop_count_sp_mul,flop_count_sp_special,inst_executed,inst_fp_32,inst_fp_64,inst_integer,inst_compute_ld_st --kernels _ZN6miniFE25matvec_overlap_ell_kernelILNS_12MATVEC_RANGEE1ENS_12PODELLMatrixIdiiEENS_9PODVectorIdiiEEEEvT0_T1_S7_ --metrics l2_read_transactions,l2_write_transactions,dram_read_transactions,dram_write_transactions,flop_count_dp,flop_count_dp_add,flop_count_dp_fma,flop_count_dp_mul,flop_count_sp,flop_count_sp_add,flop_count_sp_fma,flop_count_sp_mul,flop_count_sp_special,inst_executed,inst_fp_32,inst_fp_64,inst_integer,inst_compute_ld_st --kernels _ZN6miniFE25matvec_overlap_ell_kernelILNS_12MATVEC_RANGEE0ENS_12PODELLMatrixIdiiEENS_9PODVectorIdiiEEEEvT0_T1_S7_ --metrics l2_read_transactions,l2_write_transactions,dram_read_transactions,dram_write_transactions,flop_count_dp,flop_count_dp_add,flop_count_dp_fma,flop_count_dp_mul,flop_count_sp,flop_count_sp_add,flop_count_sp_fma,flop_count_sp_mul,flop_count_sp_special,inst_executed,inst_fp_32,inst_fp_64,inst_integer,inst_compute_ld_st --kernels _ZN6miniFE13waxpby_kernelINS_9PODVectorIdiiEEEEvNT_10ScalarTypeES3_S4_S3_S3_ --metrics l2_read_transactions,l2_write_transactions,dram_read_transactions,dram_write_transactions,flop_count_dp,flop_count_dp_add,flop_count_dp_fma,flop_count_dp_mul,flop_count_sp,flop_count_sp_add,flop_count_sp_fma,flop_count_sp_mul,flop_count_sp_special,inst_executed,inst_fp_32,inst_fp_64,inst_integer,inst_compute_ld_st /g/g90/choi18/miniFE/cuda/src/miniFE.x --num_devices 4 -nx 800 -ny 400 -nz 400
Running metric profiling (all, 18 total metrics)... Done, took 2533.26 seconds
Kernel inspection done!
Executing: nvidia-smi -q
Querying GPU driver version (via nvidia-smi)... Done

Kernel parameters saved to  "miniFE-P16-RCB.json"

------- Primary kernel parameters -------
Kernel name: _ZN6miniFE10dot_kernelINS_9PODVectorIdiiEEEEvT_S3_PNS_10TypeTraitsINS3_10ScalarTypeEE14magnitude_typeE
	Kernel type:            Floating point (DP)
	Compute operations:     6609305600 ops
	DRAM accesses:          39686067200 bytes
	Computation efficiency: 0.96930
	Instruction mix:
		Computations:    7.20%
		Load/Stores:    14.84%
		Other:          77.96%

Kernel name: _ZN6miniFE25matvec_overlap_ell_kernelILNS_12MATVEC_RANGEE1ENS_12PODELLMatrixIdiiEENS_9PODVectorIdiiEEEEvT0_T1_S7_
	Kernel type:            Floating point (DP)
	Compute operations:     456793605 ops
	DRAM accesses:          19169952096 bytes
	Computation efficiency: 0.95008
	Instruction mix:
		Computations:    0.19%
		Load/Stores:     1.82%
		Other:          97.99%

Kernel name: _ZN6miniFE25matvec_overlap_ell_kernelILNS_12MATVEC_RANGEE0ENS_12PODELLMatrixIdiiEENS_9PODVectorIdiiEEEEvT0_T1_S7_
	Kernel type:            Floating point (DP)
	Compute operations:     86190165996 ops
	DRAM accesses:          563091742656 bytes
	Computation efficiency: 1.00000
	Instruction mix:
		Computations:    5.11%
		Load/Stores:    15.72%
		Other:          79.17%

Kernel name: _ZN6miniFE13waxpby_kernelINS_9PODVectorIdiiEEEEvNT_10ScalarTypeES3_S4_S3_S3_
	Kernel type:            Floating point (DP)
	Compute operations:     14448000000 ops
	DRAM accesses:          115514495488 bytes
	Computation efficiency: 0.75000
	Instruction mix:
		Computations:    9.52%
		Load/Stores:    14.29%
		Other:          76.19%

Done

------------------------------------------------------------
Sender: LSF System <lsfadmin@lassen710>
Subject: Job 377810: <rf-g16-rcb> in cluster <lassen> Done

Job <rf-g16-rcb> was submitted from host <lassen7> by user <choi18> in cluster <lassen> at Mon Jul 15 17:00:44 2019
Job was executed on host(s) <1*lassen710>, in queue <pbatch>, as user <choi18> in cluster <lassen> at Mon Jul 15 18:50:11 2019
                            <40*lassen268>
                            <40*lassen269>
                            <40*lassen90>
                            <40*lassen270>
</g/g90/choi18> was used as the home directory.
</g/g90/choi18/miniFE/cuda/src> was used as the working directory.
Started at Mon Jul 15 18:50:11 2019
Terminated at Mon Jul 15 19:33:15 2019
Results reported at Mon Jul 15 19:33:15 2019

Your job looked like:

------------------------------------------------------------
# LSBATCH: User input
#!/bin/bash

#BSUB -nnodes 4
#BSUB -core_isolation 2
#BSUB -W 240
#BSUB -G asccasc
#BSUB -J rf-g16-rcb
#BSUB -q pbatch

date; hostname
echo -n 'Job ID is '; echo $LSB_JOBID
cd /g/g90/choi18/gpuroofperf-toolkit/tool

python3 gpuroofperf-cli.py -x "jsrun -n4 -a4 -g4 -c40 -r1" -o miniFE-P16-RCB.json /g/g90/choi18/miniFE/cuda/src/miniFE.x --num_devices 4 -nx 800 -ny 400 -nz 400

echo 'Done'

------------------------------------------------------------

Successfully completed.

Resource usage summary:

    CPU time :                                   0.62 sec.
    Max Memory :                                 68 MB
    Average Memory :                             57.01 MB
    Total Requested Memory :                     -
    Delta Memory :                               -
    Max Swap :                                   1421 MB
    Max Processes :                              4
    Max Threads :                                27
    Run time :                                   2584 sec.
    Turnaround time :                            9151 sec.

The output (if any) is above this job summary.

