Mapped MPI rank 0 to device 0
 OMP_NUM_THREADS=4
      creating/filling mesh...0.460885s, total time: 0.460885
generating matrix structure...0.46819s, total time: 0.929075
         assembling FE data...0.160966s, total time: 1.09004
      imposing Dirichlet BC...0.01841s, total time: 1.10845
      imposing Dirichlet BC...5.96046e-06s, total time: 1.10846
making matrix indices local...Mapped MPI rank 1 to device 1
Mapped MPI rank 0 to device 0
Mapped MPI rank 1 to device 1
Mapped MPI rank 2 to device 2
Mapped MPI rank 0 to device 0
Mapped MPI rank 1 to device 1
Mapped MPI rank 3 to device 3
Mapped MPI rank 2 to device 2
Mapped MPI rank 3 to device 3
Mapped MPI rank 3 to device 3
Mapped MPI rank 2 to device 2
Mapped MPI rank 1 to device 1
Mapped MPI rank 0 to device 0
Mapped MPI rank 3 to device 3
Mapped MPI rank 2 to device 2
0.151482s, total time: 1.25994
Starting CG solver ... 
Initial Residual = 401.254
[2][DOT-1] dot_kernel: 0.105440, dot_final_reduce_kernel: 0.005056, D2H memcpy: 0.005632, MPI_Allreduce: 0.033465
[2][WAXPBY-1] waxpby_kernel: 0.243744
[2][MATVEC] copyElementsToBuffer: 3.768512, D2H memcpy: 0.062816, int kernel: 3.790432, MPI comm: 4.686016, ext kernel: 0.182016
[2][DOT-2] dot_kernel: 0.151008, dot_final_reduce_kernel: 0.004640, D2H memcpy: 0.006304, MPI_Allreduce: 0.605313
[2][WAXPBY-2] waxpby_kernel: 0.242080
[2][WAXPBY-3] waxpby_kernel: 0.231232
[3][DOT-1] dot_kernel: 0.105248, dot_final_reduce_kernel: 0.004672, D2H memcpy: 0.008960, MPI_Allreduce: 0.013191
[3][WAXPBY-1] waxpby_kernel: 0.246144
[3][MATVEC] copyElementsToBuffer: 3.768832, D2H memcpy: 0.107008, int kernel: 3.805504, MPI comm: 4.821433, ext kernel: 0.181472
[3][DOT-2] dot_kernel: 0.151072, dot_final_reduce_kernel: 0.004896, D2H memcpy: 0.009664, MPI_Allreduce: 0.414770
[3][WAXPBY-2] waxpby_kernel: 0.244672
[3][WAXPBY-3] waxpby_kernel: 0.231456
[4][DOT-1] dot_kernel: 0.102848, dot_final_reduce_kernel: 0.004672, D2H memcpy: 0.007808, MPI_Allreduce: 0.012525
[4][WAXPBY-1] waxpby_kernel: 0.243584
[4][MATVEC] copyElementsToBuffer: 3.769024, D2H memcpy: 0.104128, int kernel: 3.808000, MPI comm: 4.689403, ext kernel: 0.181952
[4][DOT-2] dot_kernel: 0.151072, dot_final_reduce_kernel: 0.004704, D2H memcpy: 0.007712, MPI_Allreduce: 0.588876
[4][WAXPBY-2] waxpby_kernel: 0.244672
[4][WAXPBY-3] waxpby_kernel: 0.230784
[5][DOT-1] dot_kernel: 0.100160, dot_final_reduce_kernel: 0.004672, D2H memcpy: 0.006816, MPI_Allreduce: 0.013919
[5][WAXPBY-1] waxpby_kernel: 0.245280
[5][MATVEC] copyElementsToBuffer: 3.766368, D2H memcpy: 0.095936, int kernel: 3.796480, MPI comm: 4.669804, ext kernel: 0.181728
[5][DOT-2] dot_kernel: 0.150944, dot_final_reduce_kernel: 0.004864, D2H memcpy: 0.005984, MPI_Allreduce: 0.600186
[5][WAXPBY-2] waxpby_kernel: 0.246336
[5][WAXPBY-3] waxpby_kernel: 0.230976
[6][DOT-1] dot_kernel: 0.102112, dot_final_reduce_kernel: 0.004736, D2H memcpy: 0.005600, MPI_Allreduce: 0.032743
[6][WAXPBY-1] waxpby_kernel: 0.243424
[6][MATVEC] copyElementsToBuffer: 3.772736, D2H memcpy: 0.089472, int kernel: 3.796576, MPI comm: 4.801158, ext kernel: 0.180960
[6][DOT-2] dot_kernel: 0.151232, dot_final_reduce_kernel: 0.004640, D2H memcpy: 0.002528, MPI_Allreduce: 0.456645
[6][WAXPBY-2] waxpby_kernel: 0.243072
[6][WAXPBY-3] waxpby_kernel: 0.231328
[7][DOT-1] dot_kernel: 0.102464, dot_final_reduce_kernel: 0.004672, D2H memcpy: 0.010688, MPI_Allreduce: 0.016552
[7][WAXPBY-1] waxpby_kernel: 0.245568
[7][MATVEC] copyElementsToBuffer: 3.768544, D2H memcpy: 0.088864, int kernel: 3.797088, MPI comm: 4.785097, ext kernel: 0.177824
[7][DOT-2] dot_kernel: 0.150912, dot_final_reduce_kernel: 0.004864, D2H memcpy: 0.008800, MPI_Allreduce: 0.493773
[7][WAXPBY-2] waxpby_kernel: 0.242176
[7][WAXPBY-3] waxpby_kernel: 0.231264
[8][DOT-1] dot_kernel: 0.102656, dot_final_reduce_kernel: 0.004672, D2H memcpy: 0.007488, MPI_Allreduce: 0.016125
[8][WAXPBY-1] waxpby_kernel: 0.245856
[8][MATVEC] copyElementsToBuffer: 3.772448, D2H memcpy: 0.091648, int kernel: 3.800800, MPI comm: 4.790510, ext kernel: 0.181536
[8][DOT-2] dot_kernel: 0.151808, dot_final_reduce_kernel: 0.004736, D2H memcpy: 0.007168, MPI_Allreduce: 0.498108
[8][WAXPBY-2] waxpby_kernel: 0.244448
[8][WAXPBY-3] waxpby_kernel: 0.231296
[9][DOT-1] dot_kernel: 0.105632, dot_final_reduce_kernel: 0.004672, D2H memcpy: 0.009120, MPI_Allreduce: 0.015414
[9][WAXPBY-1] waxpby_kernel: 0.245504
[9][MATVEC] copyElementsToBuffer: 3.764192, D2H memcpy: 0.121344, int kernel: 3.805600, MPI comm: 4.807915, ext kernel: 0.182144
[9][DOT-2] dot_kernel: 0.150432, dot_final_reduce_kernel: 0.004640, D2H memcpy: 0.007072, MPI_Allreduce: 0.481002
[9][WAXPBY-2] waxpby_kernel: 0.244320
[9][WAXPBY-3] waxpby_kernel: 0.230944
[10][DOT-1] dot_kernel: 0.104640, dot_final_reduce_kernel: 0.004736, D2H memcpy: 0.001920, MPI_Allreduce: 0.015681
[10][WAXPBY-1] waxpby_kernel: 0.244992
[10][MATVEC] copyElementsToBuffer: 3.772928, D2H memcpy: 0.122688, int kernel: 3.813504, MPI comm: 4.675847, ext kernel: 0.179680
[10][DOT-2] dot_kernel: 0.151296, dot_final_reduce_kernel: 0.004672, D2H memcpy: 0.004640, MPI_Allreduce: 0.324452
[10][WAXPBY-2] waxpby_kernel: 0.244768
[10][WAXPBY-3] waxpby_kernel: 0.231200
[11][DOT-1] dot_kernel: 0.104192, dot_final_reduce_kernel: 0.004672, D2H memcpy: 0.003680, MPI_Allreduce: 0.015394
[11][WAXPBY-1] waxpby_kernel: 0.242880
[11][MATVEC] copyElementsToBuffer: 3.762624, D2H memcpy: 0.073280, int kernel: 3.796800, MPI comm: 4.588594, ext kernel: 0.177664
[11][DOT-2] dot_kernel: 0.151264, dot_final_reduce_kernel: 0.004640, D2H memcpy: 0.004192, MPI_Allreduce: 0.564637
[11][WAXPBY-2] waxpby_kernel: 0.246560
[11][WAXPBY-3] waxpby_kernel: 0.231040
[12][DOT-1] dot_kernel: 0.101440, dot_final_reduce_kernel: 0.004672, D2H memcpy: 0.007424, MPI_Allreduce: 0.016071
[12][WAXPBY-1] waxpby_kernel: 0.247232
[12][MATVEC] copyElementsToBuffer: 3.769984, D2H memcpy: 0.097568, int kernel: 3.796608, MPI comm: 4.666017, ext kernel: 0.179872
[12][DOT-2] dot_kernel: 0.151200, dot_final_reduce_kernel: 0.004704, D2H memcpy: 0.004032, MPI_Allreduce: 0.544314
[12][WAXPBY-2] waxpby_kernel: 0.243744
[12][WAXPBY-3] waxpby_kernel: 0.231008
[13][DOT-1] dot_kernel: 0.102560, dot_final_reduce_kernel: 0.004672, D2H memcpy: 0.006176, MPI_Allreduce: 0.012751
[13][WAXPBY-1] waxpby_kernel: 0.243872
[13][MATVEC] copyElementsToBuffer: 3.765952, D2H memcpy: 0.096224, int kernel: 3.800192, MPI comm: 4.791506, ext kernel: 0.177984
[13][DOT-2] dot_kernel: 0.151616, dot_final_reduce_kernel: 0.004640, D2H memcpy: 0.007648, MPI_Allreduce: 0.500849
[13][WAXPBY-2] waxpby_kernel: 0.244352
[13][WAXPBY-3] waxpby_kernel: 0.231200
[14][DOT-1] dot_kernel: 0.102880, dot_final_reduce_kernel: 0.004768, D2H memcpy: 0.006848, MPI_Allreduce: 0.013490
[14][WAXPBY-1] waxpby_kernel: 0.246240
[14][MATVEC] copyElementsToBuffer: 3.760256, D2H memcpy: 0.093152, int kernel: 3.789824, MPI comm: 4.779124, ext kernel: 0.179648
[14][DOT-2] dot_kernel: 0.150912, dot_final_reduce_kernel: 0.004640, D2H memcpy: 0.006592, MPI_Allreduce: 0.422289
[14][WAXPBY-2] waxpby_kernel: 0.244928
[14][WAXPBY-3] waxpby_kernel: 0.231232
[15][DOT-1] dot_kernel: 0.102560, dot_final_reduce_kernel: 0.004704, D2H memcpy: 0.006048, MPI_Allreduce: 0.015071
[15][WAXPBY-1] waxpby_kernel: 0.247552
[15][MATVEC] copyElementsToBuffer: 3.765856, D2H memcpy: 0.111872, int kernel: 3.808192, MPI comm: 4.724993, ext kernel: 0.180288
[15][DOT-2] dot_kernel: 0.150976, dot_final_reduce_kernel: 0.004672, D2H memcpy: 0.008128, MPI_Allreduce: 0.525681
[15][WAXPBY-2] waxpby_kernel: 0.245632
[15][WAXPBY-3] waxpby_kernel: 0.231296
[16][DOT-1] dot_kernel: 0.098656, dot_final_reduce_kernel: 0.004672, D2H memcpy: 0.008224, MPI_Allreduce: 0.015195
[16][WAXPBY-1] waxpby_kernel: 0.247040
[16][MATVEC] copyElementsToBuffer: 3.771616, D2H memcpy: 0.113856, int kernel: 3.800864, MPI comm: 4.768613, ext kernel: 0.181504
[16][DOT-2] dot_kernel: 0.150432, dot_final_reduce_kernel: 0.004704, D2H memcpy: 0.004288, MPI_Allreduce: 0.509739
[16][WAXPBY-2] waxpby_kernel: 0.245984
[16][WAXPBY-3] waxpby_kernel: 0.231040
[17][DOT-1] dot_kernel: 0.101184, dot_final_reduce_kernel: 0.004672, D2H memcpy: 0.008576, MPI_Allreduce: 0.017115
[17][WAXPBY-1] waxpby_kernel: 0.244896
[17][MATVEC] copyElementsToBuffer: 3.769472, D2H memcpy: 0.101376, int kernel: 3.811456, MPI comm: 4.743218, ext kernel: 0.180608
[17][DOT-2] dot_kernel: 0.150976, dot_final_reduce_kernel: 0.004672, D2H memcpy: 0.008416, MPI_Allreduce: 0.521304
[17][WAXPBY-2] waxpby_kernel: 0.245344
[17][WAXPBY-3] waxpby_kernel: 0.231040
[18][DOT-1] dot_kernel: 0.102784, dot_final_reduce_kernel: 0.004736, D2H memcpy: 0.002240, MPI_Allreduce: 0.014857
[18][WAXPBY-1] waxpby_kernel: 0.246432
[18][MATVEC] copyElementsToBuffer: 3.772384, D2H memcpy: 0.101216, int kernel: 3.797824, MPI comm: 4.655266, ext kernel: 0.181440
[18][DOT-2] dot_kernel: 0.151232, dot_final_reduce_kernel: 0.004672, D2H memcpy: 0.008128, MPI_Allreduce: 0.619996
[18][WAXPBY-2] waxpby_kernel: 0.244032
[18][WAXPBY-3] waxpby_kernel: 0.231520
[19][DOT-1] dot_kernel: 0.102272, dot_final_reduce_kernel: 0.004672, D2H memcpy: 0.005280, MPI_Allreduce: 0.016253
[19][WAXPBY-1] waxpby_kernel: 0.247200
[19][MATVEC] copyElementsToBuffer: 3.768768, D2H memcpy: 0.097440, int kernel: 3.799872, MPI comm: 4.773478, ext kernel: 0.183072
[19][DOT-2] dot_kernel: 0.150304, dot_final_reduce_kernel: 0.004640, D2H memcpy: 0.005568, MPI_Allreduce: 0.519559
[19][WAXPBY-2] waxpby_kernel: 0.246528
[19][WAXPBY-3] waxpby_kernel: 0.230848
Iteration = 20   Residual = 0.175425
[20][DOT-1] dot_kernel: 0.100992, dot_final_reduce_kernel: 0.004672, D2H memcpy: 0.002400, MPI_Allreduce: 0.016386
[20][WAXPBY-1] waxpby_kernel: 0.247296
[20][MATVEC] copyElementsToBuffer: 3.766880, D2H memcpy: 0.084192, int kernel: 3.795744, MPI comm: 4.702270, ext kernel: 0.176480
[20][DOT-2] dot_kernel: 0.150880, dot_final_reduce_kernel: 0.004704, D2H memcpy: 0.006400, MPI_Allreduce: 0.572652
[20][WAXPBY-2] waxpby_kernel: 0.246368
[20][WAXPBY-3] waxpby_kernel: 0.231360
[21][DOT-1] dot_kernel: 0.101728, dot_final_reduce_kernel: 0.004672, D2H memcpy: 0.004512, MPI_Allreduce: 0.016635
[21][WAXPBY-1] waxpby_kernel: 0.245344
[21][MATVEC] copyElementsToBuffer: 3.773216, D2H memcpy: 0.096224, int kernel: 3.814016, MPI comm: 4.796023, ext kernel: 0.182336
[21][DOT-2] dot_kernel: 0.151008, dot_final_reduce_kernel: 0.004640, D2H memcpy: 0.005600, MPI_Allreduce: 0.497175
[21][WAXPBY-2] waxpby_kernel: 0.245248
[21][WAXPBY-3] waxpby_kernel: 0.231104
[22][DOT-1] dot_kernel: 0.102752, dot_final_reduce_kernel: 0.004736, D2H memcpy: 0.001856, MPI_Allreduce: 0.016677
[22][WAXPBY-1] waxpby_kernel: 0.246816
[22][MATVEC] copyElementsToBuffer: 3.772416, D2H memcpy: 0.124416, int kernel: 3.812480, MPI comm: 4.658165, ext kernel: 0.180384
[22][DOT-2] dot_kernel: 0.151168, dot_final_reduce_kernel: 0.004640, D2H memcpy: 0.007520, MPI_Allreduce: 0.613671
[22][WAXPBY-2] waxpby_kernel: 0.245376
[22][WAXPBY-3] waxpby_kernel: 0.231168
[23][DOT-1] dot_kernel: 0.101568, dot_final_reduce_kernel: 0.004672, D2H memcpy: 0.005184, MPI_Allreduce: 0.015884
[23][WAXPBY-1] waxpby_kernel: 0.245792
[23][MATVEC] copyElementsToBuffer: 3.776928, D2H memcpy: 0.120832, int kernel: 3.818656, MPI comm: 4.707966, ext kernel: 0.176800
[23][DOT-2] dot_kernel: 0.150592, dot_final_reduce_kernel: 0.004448, D2H memcpy: 0.009056, MPI_Allreduce: 0.559157
[23][WAXPBY-2] waxpby_kernel: 0.245984
[23][WAXPBY-3] waxpby_kernel: 0.231680
[24][DOT-1] dot_kernel: 0.100864, dot_final_reduce_kernel: 0.004480, D2H memcpy: 0.006880, MPI_Allreduce: 0.016835
[24][WAXPBY-1] waxpby_kernel: 0.244448
[24][MATVEC] copyElementsToBuffer: 3.765984, D2H memcpy: 0.123424, int kernel: 3.819648, MPI comm: 4.742559, ext kernel: 0.177184
[24][DOT-2] dot_kernel: 0.150464, dot_final_reduce_kernel: 0.004512, D2H memcpy: 0.007648, MPI_Allreduce: 1.513077
[24][WAXPBY-2] waxpby_kernel: 0.243840
[24][WAXPBY-3] waxpby_kernel: 0.231776
[25][DOT-1] dot_kernel: 0.099168, dot_final_reduce_kernel: 0.004448, D2H memcpy: 0.007328, MPI_Allreduce: 0.014925
[25][WAXPBY-1] waxpby_kernel: 0.243744
[25][MATVEC] copyElementsToBuffer: 3.772032, D2H memcpy: 0.130176, int kernel: 3.816768, MPI comm: 4.787416, ext kernel: 0.176672
[25][DOT-2] dot_kernel: 0.150752, dot_final_reduce_kernel: 0.004448, D2H memcpy: 0.002432, MPI_Allreduce: 0.511948
[25][WAXPBY-2] waxpby_kernel: 0.245856
[25][WAXPBY-3] waxpby_kernel: 0.231328
[26][DOT-1] dot_kernel: 0.096608, dot_final_reduce_kernel: 0.004512, D2H memcpy: 0.003744, MPI_Allreduce: 0.016492
[26][WAXPBY-1] waxpby_kernel: 0.246112
[26][MATVEC] copyElementsToBuffer: 3.763520, D2H memcpy: 0.103840, int kernel: 3.799584, MPI comm: 4.756763, ext kernel: 0.177216
[26][DOT-2] dot_kernel: 0.150560, dot_final_reduce_kernel: 0.004448, D2H memcpy: 0.004512, MPI_Allreduce: 0.521908
[26][WAXPBY-2] waxpby_kernel: 0.245312
[26][WAXPBY-3] waxpby_kernel: 0.231264
[27][DOT-1] dot_kernel: 0.101184, dot_final_reduce_kernel: 0.004448, D2H memcpy: 0.003264, MPI_Allreduce: 0.014777
[27][WAXPBY-1] waxpby_kernel: 0.245440
[27][MATVEC] copyElementsToBuffer: 3.770816, D2H memcpy: 0.102464, int kernel: 3.798464, MPI comm: 4.759125, ext kernel: 0.179264
[27][DOT-2] dot_kernel: 0.150720, dot_final_reduce_kernel: 0.004448, D2H memcpy: 0.004672, MPI_Allreduce: 0.519219
[27][WAXPBY-2] waxpby_kernel: 0.245280
[27][WAXPBY-3] waxpby_kernel: 0.232096
[28][DOT-1] dot_kernel: 0.102144, dot_final_reduce_kernel: 0.004448, D2H memcpy: 0.001856, MPI_Allreduce: 0.015597
[28][WAXPBY-1] waxpby_kernel: 0.247520
[28][MATVEC] copyElementsToBuffer: 3.776544, D2H memcpy: 0.103296, int kernel: 3.818784, MPI comm: 4.739307, ext kernel: 0.175776
[28][DOT-2] dot_kernel: 0.151040, dot_final_reduce_kernel: 0.004480, D2H memcpy: 0.002368, MPI_Allreduce: 0.548440
[28][WAXPBY-2] waxpby_kernel: 0.245728
[28][WAXPBY-3] waxpby_kernel: 0.231296
[29][DOT-1] dot_kernel: 0.099424, dot_final_reduce_kernel: 0.004448, D2H memcpy: 0.003392, MPI_Allreduce: 0.016072
[29][WAXPBY-1] waxpby_kernel: 0.246464
[29][MATVEC] copyElementsToBuffer: 3.768832, D2H memcpy: 0.120352, int kernel: 3.821664, MPI comm: 4.746725, ext kernel: 0.173440
[29][DOT-2] dot_kernel: 0.151232, dot_final_reduce_kernel: 0.004448, D2H memcpy: 0.002656, MPI_Allreduce: 0.547819
[29][WAXPBY-2] waxpby_kernel: 0.245376
[29][WAXPBY-3] waxpby_kernel: 0.231616
[30][DOT-1] dot_kernel: 0.101728, dot_final_reduce_kernel: 0.004512, D2H memcpy: 0.009120, MPI_Allreduce: 0.015238
[30][WAXPBY-1] waxpby_kernel: 0.246112
[30][MATVEC] copyElementsToBuffer: 3.769728, D2H memcpy: 0.091360, int kernel: 3.803712, MPI comm: 4.763608, ext kernel: 0.180832
[30][DOT-2] dot_kernel: 0.150720, dot_final_reduce_kernel: 0.004416, D2H memcpy: 0.006624, MPI_Allreduce: 0.487088
[30][WAXPBY-2] waxpby_kernel: 0.244800
[30][WAXPBY-3] waxpby_kernel: 0.232032
[31][DOT-1] dot_kernel: 0.102368, dot_final_reduce_kernel: 0.004448, D2H memcpy: 0.004480, MPI_Allreduce: 0.014873
[31][WAXPBY-1] waxpby_kernel: 0.245664
[31][MATVEC] copyElementsToBuffer: 3.777312, D2H memcpy: 0.091744, int kernel: 3.813344, MPI comm: 4.698275, ext kernel: 0.179584
[31][DOT-2] dot_kernel: 0.150400, dot_final_reduce_kernel: 0.004416, D2H memcpy: 0.002752, MPI_Allreduce: 0.574375
[31][WAXPBY-2] waxpby_kernel: 0.244800
[31][WAXPBY-3] waxpby_kernel: 0.231680
[32][DOT-1] dot_kernel: 0.102688, dot_final_reduce_kernel: 0.004480, D2H memcpy: 0.008960, MPI_Allreduce: 0.015906
[32][WAXPBY-1] waxpby_kernel: 0.246112
[32][MATVEC] copyElementsToBuffer: 3.774912, D2H memcpy: 0.109280, int kernel: 3.804960, MPI comm: 4.720999, ext kernel: 0.177600
[32][DOT-2] dot_kernel: 0.150560, dot_final_reduce_kernel: 0.004480, D2H memcpy: 0.007488, MPI_Allreduce: 0.563436
[32][WAXPBY-2] waxpby_kernel: 0.246432
[32][WAXPBY-3] waxpby_kernel: 0.231552
[33][DOT-1] dot_kernel: 0.101056, dot_final_reduce_kernel: 0.004448, D2H memcpy: 0.008544, MPI_Allreduce: 0.016591
[33][WAXPBY-1] waxpby_kernel: 0.245888
[33][MATVEC] copyElementsToBuffer: 3.768416, D2H memcpy: 0.116896, int kernel: 3.826304, MPI comm: 4.681874, ext kernel: 0.177664
[33][DOT-2] dot_kernel: 0.150592, dot_final_reduce_kernel: 0.004480, D2H memcpy: 0.004928, MPI_Allreduce: 0.606015
[33][WAXPBY-2] waxpby_kernel: 0.247584
[33][WAXPBY-3] waxpby_kernel: 0.231520
[34][DOT-1] dot_kernel: 0.102112, dot_final_reduce_kernel: 0.004544, D2H memcpy: 0.002784, MPI_Allreduce: 0.016578
[34][WAXPBY-1] waxpby_kernel: 0.247008
[34][MATVEC] copyElementsToBuffer: 3.766592, D2H memcpy: 0.101216, int kernel: 3.804864, MPI comm: 4.752579, ext kernel: 0.178464
[34][DOT-2] dot_kernel: 0.150880, dot_final_reduce_kernel: 0.004416, D2H memcpy: 0.005760, MPI_Allreduce: 0.533968
[34][WAXPBY-2] waxpby_kernel: 0.247232
[34][WAXPBY-3] waxpby_kernel: 0.231840
[35][DOT-1] dot_kernel: 0.102464, dot_final_reduce_kernel: 0.004480, D2H memcpy: 0.008032, MPI_Allreduce: 0.015923
[35][WAXPBY-1] waxpby_kernel: 0.245152
[35][MATVEC] copyElementsToBuffer: 3.772864, D2H memcpy: 0.087296, int kernel: 3.818336, MPI comm: 4.633119, ext kernel: 0.179200
[35][DOT-2] dot_kernel: 0.151008, dot_final_reduce_kernel: 0.004416, D2H memcpy: 0.008256, MPI_Allreduce: 0.648217
[35][WAXPBY-2] waxpby_kernel: 0.244192
[35][WAXPBY-3] waxpby_kernel: 0.231968
[36][DOT-1] dot_kernel: 0.101824, dot_final_reduce_kernel: 0.004640, D2H memcpy: 0.008896, MPI_Allreduce: 0.012371
[36][WAXPBY-1] waxpby_kernel: 0.244032
[36][MATVEC] copyElementsToBuffer: 3.771840, D2H memcpy: 0.092768, int kernel: 3.807744, MPI comm: 4.741717, ext kernel: 0.178432
[36][DOT-2] dot_kernel: 0.151104, dot_final_reduce_kernel: 0.004512, D2H memcpy: 0.002368, MPI_Allreduce: 0.472207
[36][WAXPBY-2] waxpby_kernel: 0.244864
[36][WAXPBY-3] waxpby_kernel: 0.231904
[37][DOT-1] dot_kernel: 0.101152, dot_final_reduce_kernel: 0.004608, D2H memcpy: 0.009088, MPI_Allreduce: 0.015163
[37][WAXPBY-1] waxpby_kernel: 0.243424
[37][MATVEC] copyElementsToBuffer: 3.769088, D2H memcpy: 0.102368, int kernel: 3.797472, MPI comm: 4.782237, ext kernel: 0.180032
[37][DOT-2] dot_kernel: 0.150752, dot_final_reduce_kernel: 0.004448, D2H memcpy: 0.008864, MPI_Allreduce: 0.486236
[37][WAXPBY-2] waxpby_kernel: 0.244896
[37][WAXPBY-3] waxpby_kernel: 0.231744
[38][DOT-1] dot_kernel: 0.102272, dot_final_reduce_kernel: 0.004512, D2H memcpy: 0.008768, MPI_Allreduce: 0.015220
[38][WAXPBY-1] waxpby_kernel: 0.248288
[38][MATVEC] copyElementsToBuffer: 3.772864, D2H memcpy: 0.125248, int kernel: 3.814752, MPI comm: 4.744031, ext kernel: 0.178368
[38][DOT-2] dot_kernel: 0.151104, dot_final_reduce_kernel: 0.004448, D2H memcpy: 0.002400, MPI_Allreduce: 0.536175
[38][WAXPBY-2] waxpby_kernel: 0.244800
[38][WAXPBY-3] waxpby_kernel: 0.231616
[39][DOT-1] dot_kernel: 0.100384, dot_final_reduce_kernel: 0.004416, D2H memcpy: 0.007040, MPI_Allreduce: 0.015319
[39][WAXPBY-1] waxpby_kernel: 0.244736
[39][MATVEC] copyElementsToBuffer: 3.771200, D2H memcpy: 0.129312, int kernel: 3.817376, MPI comm: 4.737068, ext kernel: 0.179744
[39][DOT-2] dot_kernel: 0.151040, dot_final_reduce_kernel: 0.004416, D2H memcpy: 0.006112, MPI_Allreduce: 0.547066
[39][WAXPBY-2] waxpby_kernel: 0.245952
[39][WAXPBY-3] waxpby_kernel: 0.231424
Iteration = 40   Residual = 0.108265
[40][DOT-1] dot_kernel: 0.103328, dot_final_reduce_kernel: 0.004448, D2H memcpy: 0.009408, MPI_Allreduce: 0.013556
[40][WAXPBY-1] waxpby_kernel: 0.246848
[40][MATVEC] copyElementsToBuffer: 3.765280, D2H memcpy: 0.095456, int kernel: 3.811008, MPI comm: 4.709917, ext kernel: 0.179136
[40][DOT-2] dot_kernel: 0.150656, dot_final_reduce_kernel: 0.004480, D2H memcpy: 0.003072, MPI_Allreduce: 0.565787
[40][WAXPBY-2] waxpby_kernel: 0.247840
[40][WAXPBY-3] waxpby_kernel: 0.231488
[41][DOT-1] dot_kernel: 0.102208, dot_final_reduce_kernel: 0.004448, D2H memcpy: 0.001696, MPI_Allreduce: 0.016634
[41][WAXPBY-1] waxpby_kernel: 0.247520
[41][MATVEC] copyElementsToBuffer: 3.769184, D2H memcpy: 0.090752, int kernel: 3.797088, MPI comm: 4.609681, ext kernel: 0.177760
[41][DOT-2] dot_kernel: 0.150624, dot_final_reduce_kernel: 0.004384, D2H memcpy: 0.002720, MPI_Allreduce: 0.664199
[41][WAXPBY-2] waxpby_kernel: 0.244320
[41][WAXPBY-3] waxpby_kernel: 0.231680
[42][DOT-1] dot_kernel: 0.103168, dot_final_reduce_kernel: 0.004480, D2H memcpy: 0.005056, MPI_Allreduce: 0.014116
[42][WAXPBY-1] waxpby_kernel: 0.243360
[42][MATVEC] copyElementsToBuffer: 3.774432, D2H memcpy: 0.113696, int kernel: 3.810880, MPI comm: 4.724223, ext kernel: 0.178688
[42][DOT-2] dot_kernel: 0.150400, dot_final_reduce_kernel: 0.004384, D2H memcpy: 0.007424, MPI_Allreduce: 0.571686
[42][WAXPBY-2] waxpby_kernel: 0.243008
[42][WAXPBY-3] waxpby_kernel: 0.231712
[43][DOT-1] dot_kernel: 0.102720, dot_final_reduce_kernel: 0.004448, D2H memcpy: 0.008224, MPI_Allreduce: 0.016341
[43][WAXPBY-1] waxpby_kernel: 0.242944
[43][MATVEC] copyElementsToBuffer: 3.769280, D2H memcpy: 0.055712, int kernel: 3.792896, MPI comm: 4.579609, ext kernel: 0.179840
[43][DOT-2] dot_kernel: 0.151040, dot_final_reduce_kernel: 0.004416, D2H memcpy: 0.002464, MPI_Allreduce: 0.536013
[43][WAXPBY-2] waxpby_kernel: 0.243552
[43][WAXPBY-3] waxpby_kernel: 0.231264
[44][DOT-1] dot_kernel: 0.102336, dot_final_reduce_kernel: 0.004416, D2H memcpy: 0.005088, MPI_Allreduce: 0.013712
[44][WAXPBY-1] waxpby_kernel: 0.246368
[44][MATVEC] copyElementsToBuffer: 3.765824, D2H memcpy: 0.088896, int kernel: 3.805440, MPI comm: 4.782361, ext kernel: 0.174240
[44][DOT-2] dot_kernel: 0.151232, dot_final_reduce_kernel: 0.004480, D2H memcpy: 0.004480, MPI_Allreduce: 0.479066
[44][WAXPBY-2] waxpby_kernel: 0.243072
[44][WAXPBY-3] waxpby_kernel: 0.231872
[45][DOT-1] dot_kernel: 0.101376, dot_final_reduce_kernel: 0.004416, D2H memcpy: 0.007616, MPI_Allreduce: 0.013106
[45][WAXPBY-1] waxpby_kernel: 0.243584
[45][MATVEC] copyElementsToBuffer: 3.767680, D2H memcpy: 0.078272, int kernel: 3.792928, MPI comm: 4.726987, ext kernel: 0.178624
[45][DOT-2] dot_kernel: 0.150624, dot_final_reduce_kernel: 0.004384, D2H memcpy: 0.006592, MPI_Allreduce: 0.512195
[45][WAXPBY-2] waxpby_kernel: 0.244256
[45][WAXPBY-3] waxpby_kernel: 0.231552
[46][DOT-1] dot_kernel: 0.101632, dot_final_reduce_kernel: 0.004480, D2H memcpy: 0.008576, MPI_Allreduce: 0.012423
[46][WAXPBY-1] waxpby_kernel: 0.243840
[46][MATVEC] copyElementsToBuffer: 3.767744, D2H memcpy: 0.084352, int kernel: 3.797216, MPI comm: 4.765870, ext kernel: 0.179232
[46][DOT-2] dot_kernel: 0.150816, dot_final_reduce_kernel: 0.004416, D2H memcpy: 0.004448, MPI_Allreduce: 0.513675
[46][WAXPBY-2] waxpby_kernel: 0.245760
[46][WAXPBY-3] waxpby_kernel: 0.231424
[47][DOT-1] dot_kernel: 0.100416, dot_final_reduce_kernel: 0.004416, D2H memcpy: 0.005216, MPI_Allreduce: 0.014261
[47][WAXPBY-1] waxpby_kernel: 0.245152
[47][MATVEC] copyElementsToBuffer: 3.774080, D2H memcpy: 0.093440, int kernel: 3.798496, MPI comm: 4.635741, ext kernel: 0.179040
[47][DOT-2] dot_kernel: 0.151168, dot_final_reduce_kernel: 0.004416, D2H memcpy: 0.008384, MPI_Allreduce: 0.649649
[47][WAXPBY-2] waxpby_kernel: 0.244480
[47][WAXPBY-3] waxpby_kernel: 0.231840
[48][DOT-1] dot_kernel: 0.100992, dot_final_reduce_kernel: 0.004512, D2H memcpy: 0.009120, MPI_Allreduce: 0.014804
[48][WAXPBY-1] waxpby_kernel: 0.244352
[48][MATVEC] copyElementsToBuffer: 3.772480, D2H memcpy: 0.125536, int kernel: 3.815040, MPI comm: 4.720354, ext kernel: 0.177440
[48][DOT-2] dot_kernel: 0.151392, dot_final_reduce_kernel: 0.004448, D2H memcpy: 0.004192, MPI_Allreduce: 0.522509
[48][WAXPBY-2] waxpby_kernel: 0.243456
[48][WAXPBY-3] waxpby_kernel: 0.232064
[49][DOT-1] dot_kernel: 0.100256, dot_final_reduce_kernel: 0.004416, D2H memcpy: 0.008480, MPI_Allreduce: 0.013972
[49][WAXPBY-1] waxpby_kernel: 0.247200
[49][MATVEC] copyElementsToBuffer: 3.774112, D2H memcpy: 0.093568, int kernel: 3.813728, MPI comm: 4.774458, ext kernel: 0.177888
[49][DOT-2] dot_kernel: 0.150688, dot_final_reduce_kernel: 0.004512, D2H memcpy: 0.005024, MPI_Allreduce: 0.511448
[49][WAXPBY-2] waxpby_kernel: 0.243520
[49][WAXPBY-3] waxpby_kernel: 0.231808
[50][DOT-1] dot_kernel: 0.097248, dot_final_reduce_kernel: 0.004576, D2H memcpy: 0.008544, MPI_Allreduce: 0.014603
[50][WAXPBY-1] waxpby_kernel: 0.245920
[50][MATVEC] copyElementsToBuffer: 3.777600, D2H memcpy: 0.106976, int kernel: 3.827744, MPI comm: 4.767749, ext kernel: 0.176672
[50][DOT-2] dot_kernel: 0.151040, dot_final_reduce_kernel: 0.004416, D2H memcpy: 0.007968, MPI_Allreduce: 0.517992
[50][WAXPBY-2] waxpby_kernel: 0.246176
[50][WAXPBY-3] waxpby_kernel: 0.231584
[51][DOT-1] dot_kernel: 0.102368, dot_final_reduce_kernel: 0.004448, D2H memcpy: 0.005312, MPI_Allreduce: 0.014294
[51][WAXPBY-1] waxpby_kernel: 0.245024
[51][MATVEC] copyElementsToBuffer: 3.767520, D2H memcpy: 0.089856, int kernel: 3.805184, MPI comm: 4.631495, ext kernel: 0.177440
[51][DOT-2] dot_kernel: 0.150464, dot_final_reduce_kernel: 0.004416, D2H memcpy: 0.003488, MPI_Allreduce: 0.668478
[51][WAXPBY-2] waxpby_kernel: 0.247040
[51][WAXPBY-3] waxpby_kernel: 0.231808
[52][DOT-1] dot_kernel: 0.097696, dot_final_reduce_kernel: 0.004448, D2H memcpy: 0.007648, MPI_Allreduce: 0.016816
[52][WAXPBY-1] waxpby_kernel: 0.244512
[52][MATVEC] copyElementsToBuffer: 3.769056, D2H memcpy: 0.090208, int kernel: 3.797600, MPI comm: 4.730940, ext kernel: 0.181536
[52][DOT-2] dot_kernel: 0.150624, dot_final_reduce_kernel: 0.004576, D2H memcpy: 0.004576, MPI_Allreduce: 0.538773
[52][WAXPBY-2] waxpby_kernel: 0.246784
[52][WAXPBY-3] waxpby_kernel: 0.231520
[53][DOT-1] dot_kernel: 0.102048, dot_final_reduce_kernel: 0.004448, D2H memcpy: 0.005088, MPI_Allreduce: 0.015902
[53][WAXPBY-1] waxpby_kernel: 0.247136
[53][MATVEC] copyElementsToBuffer: 3.775648, D2H memcpy: 0.100224, int kernel: 3.805504, MPI comm: 4.819124, ext kernel: 0.178432
[53][DOT-2] dot_kernel: 0.150464, dot_final_reduce_kernel: 0.004416, D2H memcpy: 0.006656, MPI_Allreduce: 0.469684
[53][WAXPBY-2] waxpby_kernel: 0.246880
[53][WAXPBY-3] waxpby_kernel: 0.232192
[54][DOT-1] dot_kernel: 0.102240, dot_final_reduce_kernel: 0.004512, D2H memcpy: 0.002400, MPI_Allreduce: 0.016080
[54][WAXPBY-1] waxpby_kernel: 0.246688
[54][MATVEC] copyElementsToBuffer: 3.766976, D2H memcpy: 0.123264, int kernel: 3.816864, MPI comm: 4.760782, ext kernel: 0.180032
[54][DOT-2] dot_kernel: 0.150912, dot_final_reduce_kernel: 0.004384, D2H memcpy: 0.006624, MPI_Allreduce: 0.494120
[54][WAXPBY-2] waxpby_kernel: 0.243776
[54][WAXPBY-3] waxpby_kernel: 0.231840
[55][DOT-1] dot_kernel: 0.101248, dot_final_reduce_kernel: 0.004448, D2H memcpy: 0.001792, MPI_Allreduce: 0.014415
[55][WAXPBY-1] waxpby_kernel: 0.245984
[55][MATVEC] copyElementsToBuffer: 3.769312, D2H memcpy: 0.104864, int kernel: 3.802464, MPI comm: 4.802623, ext kernel: 0.176320
[55][DOT-2] dot_kernel: 0.150848, dot_final_reduce_kernel: 0.004416, D2H memcpy: 0.004992, MPI_Allreduce: 0.461436
[55][WAXPBY-2] waxpby_kernel: 0.242848
[55][WAXPBY-3] waxpby_kernel: 0.231488
[56][DOT-1] dot_kernel: 0.101632, dot_final_reduce_kernel: 0.004416, D2H memcpy: 0.006464, MPI_Allreduce: 0.014304
[56][WAXPBY-1] waxpby_kernel: 0.244864
[56][MATVEC] copyElementsToBuffer: 3.776352, D2H memcpy: 0.111360, int kernel: 3.807488, MPI comm: 4.667572, ext kernel: 0.178816
[56][DOT-2] dot_kernel: 0.150400, dot_final_reduce_kernel: 0.004448, D2H memcpy: 0.003072, MPI_Allreduce: 0.417800
[56][WAXPBY-2] waxpby_kernel: 0.246240
[56][WAXPBY-3] waxpby_kernel: 0.231776
[57][DOT-1] dot_kernel: 0.103648, dot_final_reduce_kernel: 0.004448, D2H memcpy: 0.005792, MPI_Allreduce: 0.014656
[57][WAXPBY-1] waxpby_kernel: 0.245728
[57][MATVEC] copyElementsToBuffer: 3.769184, D2H memcpy: 0.101728, int kernel: 3.810048, MPI comm: 4.703191, ext kernel: 0.177632
[57][DOT-2] dot_kernel: 0.150528, dot_final_reduce_kernel: 0.004416, D2H memcpy: 0.004736, MPI_Allreduce: 0.575941
[57][WAXPBY-2] waxpby_kernel: 0.245056
[57][WAXPBY-3] waxpby_kernel: 0.231840
[58][DOT-1] dot_kernel: 0.101824, dot_final_reduce_kernel: 0.004512, D2H memcpy: 0.007456, MPI_Allreduce: 0.015628
[58][WAXPBY-1] waxpby_kernel: 0.246656
[58][MATVEC] copyElementsToBuffer: 3.771584, D2H memcpy: 0.099200, int kernel: 3.807904, MPI comm: 4.761423, ext kernel: 0.175680
[58][DOT-2] dot_kernel: 0.150464, dot_final_reduce_kernel: 0.004416, D2H memcpy: 0.007456, MPI_Allreduce: 0.521937
[58][WAXPBY-2] waxpby_kernel: 0.243264
[58][WAXPBY-3] waxpby_kernel: 0.231904
[59][DOT-1] dot_kernel: 0.103744, dot_final_reduce_kernel: 0.004608, D2H memcpy: 0.009152, MPI_Allreduce: 0.012556
[59][WAXPBY-1] waxpby_kernel: 0.248160
[59][MATVEC] copyElementsToBuffer: 3.768352, D2H memcpy: 0.125568, int kernel: 3.809728, MPI comm: 4.785245, ext kernel: 0.178528
[59][DOT-2] dot_kernel: 0.150592, dot_final_reduce_kernel: 0.004576, D2H memcpy: 0.006240, MPI_Allreduce: 0.494718
[59][WAXPBY-2] waxpby_kernel: 0.243232
[59][WAXPBY-3] waxpby_kernel: 0.231456
Iteration = 60   Residual = 0.0449725
[60][DOT-1] dot_kernel: 0.100320, dot_final_reduce_kernel: 0.004448, D2H memcpy: 0.005120, MPI_Allreduce: 0.014775
[60][WAXPBY-1] waxpby_kernel: 0.245504
[60][MATVEC] copyElementsToBuffer: 3.763616, D2H memcpy: 0.102592, int kernel: 3.800736, MPI comm: 4.734697, ext kernel: 0.176224
[60][DOT-2] dot_kernel: 0.150400, dot_final_reduce_kernel: 0.004448, D2H memcpy: 0.009312, MPI_Allreduce: 0.541261
[60][WAXPBY-2] waxpby_kernel: 0.245024
[60][WAXPBY-3] waxpby_kernel: 0.231840
[61][DOT-1] dot_kernel: 0.101760, dot_final_reduce_kernel: 0.004416, D2H memcpy: 0.003648, MPI_Allreduce: 0.015381
[61][WAXPBY-1] waxpby_kernel: 0.246048
[61][MATVEC] copyElementsToBuffer: 3.763968, D2H memcpy: 0.125024, int kernel: 3.808928, MPI comm: 4.697463, ext kernel: 0.180192
[61][DOT-2] dot_kernel: 0.150848, dot_final_reduce_kernel: 0.004384, D2H memcpy: 0.007392, MPI_Allreduce: 0.575226
[61][WAXPBY-2] waxpby_kernel: 0.245728
[61][WAXPBY-3] waxpby_kernel: 0.231584
[62][DOT-1] dot_kernel: 0.101088, dot_final_reduce_kernel: 0.004512, D2H memcpy: 0.001728, MPI_Allreduce: 0.015349
[62][WAXPBY-1] waxpby_kernel: 0.244256
[62][MATVEC] copyElementsToBuffer: 3.775584, D2H memcpy: 0.103744, int kernel: 3.812096, MPI comm: 4.752700, ext kernel: 0.179232
[62][DOT-2] dot_kernel: 0.150208, dot_final_reduce_kernel: 0.004416, D2H memcpy: 0.003200, MPI_Allreduce: 0.531775
[62][WAXPBY-2] waxpby_kernel: 0.245536
[62][WAXPBY-3] waxpby_kernel: 0.232096
[63][DOT-1] dot_kernel: 0.101856, dot_final_reduce_kernel: 0.004448, D2H memcpy: 0.008544, MPI_Allreduce: 0.016591
[63][WAXPBY-1] waxpby_kernel: 0.244416
[63][MATVEC] copyElementsToBuffer: 3.767872, D2H memcpy: 0.110176, int kernel: 3.815424, MPI comm: 4.718130, ext kernel: 0.178368
[63][DOT-2] dot_kernel: 0.150752, dot_final_reduce_kernel: 0.004672, D2H memcpy: 0.007840, MPI_Allreduce: 0.563411
[63][WAXPBY-2] waxpby_kernel: 0.245280
[63][WAXPBY-3] waxpby_kernel: 0.231808
[64][DOT-1] dot_kernel: 0.102176, dot_final_reduce_kernel: 0.004448, D2H memcpy: 0.007008, MPI_Allreduce: 0.018000
[64][WAXPBY-1] waxpby_kernel: 0.247392
[64][MATVEC] copyElementsToBuffer: 3.769120, D2H memcpy: 0.126336, int kernel: 3.805056, MPI comm: 4.697303, ext kernel: 0.177088
[64][DOT-2] dot_kernel: 0.150528, dot_final_reduce_kernel: 0.004480, D2H memcpy: 0.004640, MPI_Allreduce: 0.588048
[64][WAXPBY-2] waxpby_kernel: 0.243264
[64][WAXPBY-3] waxpby_kernel: 0.232000
[65][DOT-1] dot_kernel: 0.097664, dot_final_reduce_kernel: 0.004416, D2H memcpy: 0.003232, MPI_Allreduce: 0.014929
[65][WAXPBY-1] waxpby_kernel: 0.244640
[65][MATVEC] copyElementsToBuffer: 3.777664, D2H memcpy: 0.088640, int kernel: 3.806752, MPI comm: 4.774956, ext kernel: 0.180992
[65][DOT-2] dot_kernel: 0.150240, dot_final_reduce_kernel: 0.004416, D2H memcpy: 0.006976, MPI_Allreduce: 0.435183
[65][WAXPBY-2] waxpby_kernel: 0.241760
[65][WAXPBY-3] waxpby_kernel: 0.231616
[66][DOT-1] dot_kernel: 0.103008, dot_final_reduce_kernel: 0.004480, D2H memcpy: 0.002016, MPI_Allreduce: 0.020572
[66][WAXPBY-1] waxpby_kernel: 0.242272
[66][MATVEC] copyElementsToBuffer: 3.779264, D2H memcpy: 0.101504, int kernel: 3.824992, MPI comm: 4.708835, ext kernel: 0.177696
[66][DOT-2] dot_kernel: 0.151264, dot_final_reduce_kernel: 0.004448, D2H memcpy: 0.005760, MPI_Allreduce: 0.503573
[66][WAXPBY-2] waxpby_kernel: 0.244928
[66][WAXPBY-3] waxpby_kernel: 0.231744
[67][DOT-1] dot_kernel: 0.102048, dot_final_reduce_kernel: 0.004448, D2H memcpy: 0.006240, MPI_Allreduce: 0.014552
[67][WAXPBY-1] waxpby_kernel: 0.244384
[67][MATVEC] copyElementsToBuffer: 3.772992, D2H memcpy: 0.084704, int kernel: 3.801088, MPI comm: 4.712621, ext kernel: 0.179584
[67][DOT-2] dot_kernel: 0.150624, dot_final_reduce_kernel: 0.004416, D2H memcpy: 0.009344, MPI_Allreduce: 0.571336
[67][WAXPBY-2] waxpby_kernel: 0.244736
[67][WAXPBY-3] waxpby_kernel: 0.231296
[68][DOT-1] dot_kernel: 0.098752, dot_final_reduce_kernel: 0.004448, D2H memcpy: 0.006528, MPI_Allreduce: 0.015238
[68][WAXPBY-1] waxpby_kernel: 0.246912
[68][MATVEC] copyElementsToBuffer: 3.769056, D2H memcpy: 0.090080, int kernel: 3.800800, MPI comm: 4.747685, ext kernel: 0.175968
[68][DOT-2] dot_kernel: 0.150496, dot_final_reduce_kernel: 0.004480, D2H memcpy: 0.007360, MPI_Allreduce: 0.535689
[68][WAXPBY-2] waxpby_kernel: 0.244256
[68][WAXPBY-3] waxpby_kernel: 0.231456
[69][DOT-1] dot_kernel: 0.102400, dot_final_reduce_kernel: 0.004416, D2H memcpy: 0.003488, MPI_Allreduce: 0.012633
[69][WAXPBY-1] waxpby_kernel: 0.245472
[69][MATVEC] copyElementsToBuffer: 3.764320, D2H memcpy: 0.115616, int kernel: 3.820320, MPI comm: 4.820866, ext kernel: 0.176544
[69][DOT-2] dot_kernel: 0.150496, dot_final_reduce_kernel: 0.004448, D2H memcpy: 0.007232, MPI_Allreduce: 0.460456
[69][WAXPBY-2] waxpby_kernel: 0.243296
[69][WAXPBY-3] waxpby_kernel: 0.231712
[70][DOT-1] dot_kernel: 0.103648, dot_final_reduce_kernel: 0.004512, D2H memcpy: 0.007776, MPI_Allreduce: 0.012687
[70][WAXPBY-1] waxpby_kernel: 0.245248
[70][MATVEC] copyElementsToBuffer: 3.770208, D2H memcpy: 0.098848, int kernel: 3.808000, MPI comm: 4.731910, ext kernel: 0.176864
[70][DOT-2] dot_kernel: 0.150752, dot_final_reduce_kernel: 0.004384, D2H memcpy: 0.004672, MPI_Allreduce: 0.561755
[70][WAXPBY-2] waxpby_kernel: 0.247360
[70][WAXPBY-3] waxpby_kernel: 0.231712
[71][DOT-1] dot_kernel: 0.101632, dot_final_reduce_kernel: 0.004576, D2H memcpy: 0.005536, MPI_Allreduce: 0.016412
[71][WAXPBY-1] waxpby_kernel: 0.248320
[71][MATVEC] copyElementsToBuffer: 3.776000, D2H memcpy: 0.103488, int kernel: 3.812928, MPI comm: 4.715445, ext kernel: 0.178016
[71][DOT-2] dot_kernel: 0.150176, dot_final_reduce_kernel: 0.004416, D2H memcpy: 0.009472, MPI_Allreduce: 0.554584
[71][WAXPBY-2] waxpby_kernel: 0.242944
[71][WAXPBY-3] waxpby_kernel: 0.231872
[72][DOT-1] dot_kernel: 0.102944, dot_final_reduce_kernel: 0.004416, D2H memcpy: 0.005056, MPI_Allreduce: 0.013818
[72][WAXPBY-1] waxpby_kernel: 0.247616
[72][MATVEC] copyElementsToBuffer: 3.767360, D2H memcpy: 0.108384, int kernel: 3.809472, MPI comm: 4.742145, ext kernel: 0.178752
[72][DOT-2] dot_kernel: 0.150720, dot_final_reduce_kernel: 0.004480, D2H memcpy: 0.008512, MPI_Allreduce: 0.444191
[72][WAXPBY-2] waxpby_kernel: 0.242816
[72][WAXPBY-3] waxpby_kernel: 0.231232
[73][DOT-1] dot_kernel: 0.098496, dot_final_reduce_kernel: 0.004448, D2H memcpy: 0.009792, MPI_Allreduce: 0.017356
[73][WAXPBY-1] waxpby_kernel: 0.244704
[73][MATVEC] copyElementsToBuffer: 3.772896, D2H memcpy: 0.128128, int kernel: 3.796768, MPI comm: 4.735155, ext kernel: 0.178656
[73][DOT-2] dot_kernel: 0.150816, dot_final_reduce_kernel: 0.004608, D2H memcpy: 0.009696, MPI_Allreduce: 0.564350
[73][WAXPBY-2] waxpby_kernel: 0.243712
[73][WAXPBY-3] waxpby_kernel: 0.232000
[74][DOT-1] dot_kernel: 0.099168, dot_final_reduce_kernel: 0.004480, D2H memcpy: 0.004672, MPI_Allreduce: 0.396783
[74][WAXPBY-1] waxpby_kernel: 0.246752
[74][MATVEC] copyElementsToBuffer: 3.774688, D2H memcpy: 0.104192, int kernel: 3.803712, MPI comm: 4.691389, ext kernel: 0.176640
[74][DOT-2] dot_kernel: 0.150976, dot_final_reduce_kernel: 0.004544, D2H memcpy: 0.006112, MPI_Allreduce: 0.601450
[74][WAXPBY-2] waxpby_kernel: 0.245536
[74][WAXPBY-3] waxpby_kernel: 0.232064
[75][DOT-1] dot_kernel: 0.098880, dot_final_reduce_kernel: 0.004448, D2H memcpy: 0.002400, MPI_Allreduce: 0.015204
[75][WAXPBY-1] waxpby_kernel: 0.247328
[75][MATVEC] copyElementsToBuffer: 3.772544, D2H memcpy: 0.118720, int kernel: 3.815904, MPI comm: 4.747914, ext kernel: 0.177696
[75][DOT-2] dot_kernel: 0.150560, dot_final_reduce_kernel: 0.004608, D2H memcpy: 0.009664, MPI_Allreduce: 0.534542
[75][WAXPBY-2] waxpby_kernel: 0.246784
[75][WAXPBY-3] waxpby_kernel: 0.231456
[76][DOT-1] dot_kernel: 0.099712, dot_final_reduce_kernel: 0.004416, D2H memcpy: 0.004064, MPI_Allreduce: 0.014652
[76][WAXPBY-1] waxpby_kernel: 0.244864
[76][MATVEC] copyElementsToBuffer: 3.765696, D2H memcpy: 0.129280, int kernel: 3.814080, MPI comm: 4.773309, ext kernel: 0.178656
[76][DOT-2] dot_kernel: 0.150496, dot_final_reduce_kernel: 0.004480, D2H memcpy: 0.006944, MPI_Allreduce: 0.507873
[76][WAXPBY-2] waxpby_kernel: 0.246368
[76][WAXPBY-3] waxpby_kernel: 0.231776
[77][DOT-1] dot_kernel: 0.100960, dot_final_reduce_kernel: 0.004448, D2H memcpy: 0.009024, MPI_Allreduce: 0.015531
[77][WAXPBY-1] waxpby_kernel: 0.248480
[77][MATVEC] copyElementsToBuffer: 3.767680, D2H memcpy: 0.082880, int kernel: 3.805632, MPI comm: 4.708753, ext kernel: 0.175712
[77][DOT-2] dot_kernel: 0.150368, dot_final_reduce_kernel: 0.004608, D2H memcpy: 0.006144, MPI_Allreduce: 0.570159
[77][WAXPBY-2] waxpby_kernel: 0.245600
[77][WAXPBY-3] waxpby_kernel: 0.231968
[78][DOT-1] dot_kernel: 0.101088, dot_final_reduce_kernel: 0.004512, D2H memcpy: 0.005760, MPI_Allreduce: 0.015357
[78][WAXPBY-1] waxpby_kernel: 0.247264
[78][MATVEC] copyElementsToBuffer: 3.769376, D2H memcpy: 0.091968, int kernel: 3.801376, MPI comm: 4.699611, ext kernel: 0.175392
[78][DOT-2] dot_kernel: 0.150752, dot_final_reduce_kernel: 0.004384, D2H memcpy: 0.004800, MPI_Allreduce: 0.587517
[78][WAXPBY-2] waxpby_kernel: 0.246080
[78][WAXPBY-3] waxpby_kernel: 0.232064
[79][DOT-1] dot_kernel: 0.101376, dot_final_reduce_kernel: 0.004448, D2H memcpy: 0.006272, MPI_Allreduce: 0.015750
[79][WAXPBY-1] waxpby_kernel: 0.246848
[79][MATVEC] copyElementsToBuffer: 3.782560, D2H memcpy: 6.050112, int kernel: 3.817440, MPI comm: 10.410983, ext kernel: 0.197856
[79][DOT-2] dot_kernel: 0.150976, dot_final_reduce_kernel: 0.004640, D2H memcpy: 0.007264, MPI_Allreduce: 0.029411
[79][WAXPBY-2] waxpby_kernel: 0.246816
[79][WAXPBY-3] waxpby_kernel: 0.232128
Iteration = 80   Residual = 0.0321397
[80][DOT-1] dot_kernel: 0.101728, dot_final_reduce_kernel: 0.004448, D2H memcpy: 0.007360, MPI_Allreduce: 0.017875
[80][WAXPBY-1] waxpby_kernel: 0.247328
[80][MATVEC] copyElementsToBuffer: 3.766176, D2H memcpy: 0.106272, int kernel: 3.811968, MPI comm: 4.756117, ext kernel: 0.179232
[80][DOT-2] dot_kernel: 0.151168, dot_final_reduce_kernel: 0.004480, D2H memcpy: 0.004608, MPI_Allreduce: 0.487211
[80][WAXPBY-2] waxpby_kernel: 0.243776
[80][WAXPBY-3] waxpby_kernel: 0.231808
[81][DOT-1] dot_kernel: 0.101664, dot_final_reduce_kernel: 0.004416, D2H memcpy: 0.004480, MPI_Allreduce: 0.012882
[81][WAXPBY-1] waxpby_kernel: 0.247072
[81][MATVEC] copyElementsToBuffer: 3.772480, D2H memcpy: 0.113152, int kernel: 3.808032, MPI comm: 4.721514, ext kernel: 0.177856
[81][DOT-2] dot_kernel: 0.151168, dot_final_reduce_kernel: 0.004416, D2H memcpy: 0.006944, MPI_Allreduce: 0.552304
[81][WAXPBY-2] waxpby_kernel: 0.243104
[81][WAXPBY-3] waxpby_kernel: 0.231808
[82][DOT-1] dot_kernel: 0.101504, dot_final_reduce_kernel: 0.004640, D2H memcpy: 0.005472, MPI_Allreduce: 2.334956
[82][WAXPBY-1] waxpby_kernel: 0.244800
[82][MATVEC] copyElementsToBuffer: 3.769408, D2H memcpy: 0.103936, int kernel: 3.816864, MPI comm: 4.756957, ext kernel: 0.177664
[82][DOT-2] dot_kernel: 0.150944, dot_final_reduce_kernel: 0.004640, D2H memcpy: 0.002624, MPI_Allreduce: 4.884845
[82][WAXPBY-2] waxpby_kernel: 0.243776
[82][WAXPBY-3] waxpby_kernel: 0.231648
[83][DOT-1] dot_kernel: 0.103232, dot_final_reduce_kernel: 0.004448, D2H memcpy: 0.008480, MPI_Allreduce: 0.013124
[83][WAXPBY-1] waxpby_kernel: 0.243584
[83][MATVEC] copyElementsToBuffer: 3.770208, D2H memcpy: 0.109824, int kernel: 3.817952, MPI comm: 4.748307, ext kernel: 0.178528
[83][DOT-2] dot_kernel: 0.150080, dot_final_reduce_kernel: 0.004416, D2H memcpy: 0.002848, MPI_Allreduce: 0.545360
[83][WAXPBY-2] waxpby_kernel: 0.242784
[83][WAXPBY-3] waxpby_kernel: 0.232224
[84][DOT-1] dot_kernel: 0.101728, dot_final_reduce_kernel: 0.004448, D2H memcpy: 0.003872, MPI_Allreduce: 0.014626
[84][WAXPBY-1] waxpby_kernel: 0.246048
[84][MATVEC] copyElementsToBuffer: 3.772096, D2H memcpy: 0.107968, int kernel: 3.808768, MPI comm: 4.709005, ext kernel: 0.176576
[84][DOT-2] dot_kernel: 0.150176, dot_final_reduce_kernel: 0.004480, D2H memcpy: 0.002304, MPI_Allreduce: 0.558471
[84][WAXPBY-2] waxpby_kernel: 0.245472
[84][WAXPBY-3] waxpby_kernel: 0.231552
[85][DOT-1] dot_kernel: 0.102048, dot_final_reduce_kernel: 0.004448, D2H memcpy: 0.004736, MPI_Allreduce: 0.015964
[85][WAXPBY-1] waxpby_kernel: 0.246432
[85][MATVEC] copyElementsToBuffer: 3.774080, D2H memcpy: 0.128928, int kernel: 3.815296, MPI comm: 4.752312, ext kernel: 0.176576
[85][DOT-2] dot_kernel: 0.150688, dot_final_reduce_kernel: 0.004416, D2H memcpy: 0.002688, MPI_Allreduce: 0.529064
[85][WAXPBY-2] waxpby_kernel: 0.243328
[85][WAXPBY-3] waxpby_kernel: 0.231872
[86][DOT-1] dot_kernel: 0.102592, dot_final_reduce_kernel: 0.004480, D2H memcpy: 0.008864, MPI_Allreduce: 0.012826
[86][WAXPBY-1] waxpby_kernel: 0.241760
[86][MATVEC] copyElementsToBuffer: 3.766944, D2H memcpy: 0.106720, int kernel: 3.805856, MPI comm: 4.747772, ext kernel: 0.176832
[86][DOT-2] dot_kernel: 0.151008, dot_final_reduce_kernel: 0.004416, D2H memcpy: 0.008864, MPI_Allreduce: 0.459410
[86][WAXPBY-2] waxpby_kernel: 0.247296
[86][WAXPBY-3] waxpby_kernel: 0.232160
[87][DOT-1] dot_kernel: 0.096576, dot_final_reduce_kernel: 0.004448, D2H memcpy: 0.005472, MPI_Allreduce: 0.018741
[87][WAXPBY-1] waxpby_kernel: 0.248800
[87][MATVEC] copyElementsToBuffer: 3.770560, D2H memcpy: 0.114624, int kernel: 3.810208, MPI comm: 4.679038, ext kernel: 0.176640
[87][DOT-2] dot_kernel: 0.151104, dot_final_reduce_kernel: 0.004384, D2H memcpy: 0.008256, MPI_Allreduce: 0.596579
[87][WAXPBY-2] waxpby_kernel: 0.244288
[87][WAXPBY-3] waxpby_kernel: 0.232896
[88][DOT-1] dot_kernel: 0.100896, dot_final_reduce_kernel: 0.004448, D2H memcpy: 0.007328, MPI_Allreduce: 0.016814
[88][WAXPBY-1] waxpby_kernel: 0.244896
[88][MATVEC] copyElementsToBuffer: 3.767072, D2H memcpy: 0.089472, int kernel: 3.796128, MPI comm: 4.770323, ext kernel: 0.180416
[88][DOT-2] dot_kernel: 0.150560, dot_final_reduce_kernel: 0.004448, D2H memcpy: 0.006720, MPI_Allreduce: 0.489270
[88][WAXPBY-2] waxpby_kernel: 0.247040
[88][WAXPBY-3] waxpby_kernel: 0.231776
[89][DOT-1] dot_kernel: 0.102144, dot_final_reduce_kernel: 0.004448, D2H memcpy: 0.007328, MPI_Allreduce: 0.016277
[89][WAXPBY-1] waxpby_kernel: 0.246304
[89][MATVEC] copyElementsToBuffer: 3.768672, D2H memcpy: 0.087232, int kernel: 3.803392, MPI comm: 4.698723, ext kernel: 0.175040
[89][DOT-2] dot_kernel: 0.150464, dot_final_reduce_kernel: 0.004384, D2H memcpy: 0.005280, MPI_Allreduce: 0.577346
[89][WAXPBY-2] waxpby_kernel: 0.246432
[89][WAXPBY-3] waxpby_kernel: 0.231392
[90][DOT-1] dot_kernel: 0.100448, dot_final_reduce_kernel: 0.004480, D2H memcpy: 0.004448, MPI_Allreduce: 0.014863
[90][WAXPBY-1] waxpby_kernel: 0.244384
[90][MATVEC] copyElementsToBuffer: 3.770624, D2H memcpy: 0.104800, int kernel: 3.799424, MPI comm: 4.682682, ext kernel: 0.178432
[90][DOT-2] dot_kernel: 0.150752, dot_final_reduce_kernel: 0.004416, D2H memcpy: 0.007520, MPI_Allreduce: 0.580448
[90][WAXPBY-2] waxpby_kernel: 0.246432
[90][WAXPBY-3] waxpby_kernel: 0.231648
[91][DOT-1] dot_kernel: 0.101632, dot_final_reduce_kernel: 0.004448, D2H memcpy: 0.008736, MPI_Allreduce: 0.015221
[91][WAXPBY-1] waxpby_kernel: 0.245984
[91][MATVEC] copyElementsToBuffer: 3.767360, D2H memcpy: 0.084384, int kernel: 3.800352, MPI comm: 4.676831, ext kernel: 0.178816
[91][DOT-2] dot_kernel: 0.150560, dot_final_reduce_kernel: 0.004608, D2H memcpy: 0.004832, MPI_Allreduce: 0.598581
[91][WAXPBY-2] waxpby_kernel: 0.245248
[91][WAXPBY-3] waxpby_kernel: 0.231648
[92][DOT-1] dot_kernel: 0.101216, dot_final_reduce_kernel: 0.004416, D2H memcpy: 0.009824, MPI_Allreduce: 0.016246
[92][WAXPBY-1] waxpby_kernel: 0.245792
[92][MATVEC] copyElementsToBuffer: 3.770496, D2H memcpy: 0.092064, int kernel: 3.809280, MPI comm: 4.784790, ext kernel: 0.178240
[92][DOT-2] dot_kernel: 0.150560, dot_final_reduce_kernel: 0.004480, D2H memcpy: 0.004896, MPI_Allreduce: 0.478804
[92][WAXPBY-2] waxpby_kernel: 0.246976
[92][WAXPBY-3] waxpby_kernel: 0.231264
[93][DOT-1] dot_kernel: 0.101504, dot_final_reduce_kernel: 0.004416, D2H memcpy: 0.004992, MPI_Allreduce: 0.016046
[93][WAXPBY-1] waxpby_kernel: 0.245952
[93][MATVEC] copyElementsToBuffer: 3.764928, D2H memcpy: 0.112192, int kernel: 3.806304, MPI comm: 4.702639, ext kernel: 0.176224
[93][DOT-2] dot_kernel: 0.150656, dot_final_reduce_kernel: 0.004416, D2H memcpy: 0.006624, MPI_Allreduce: 0.593692
[93][WAXPBY-2] waxpby_kernel: 0.247232
[93][WAXPBY-3] waxpby_kernel: 0.231872
[94][DOT-1] dot_kernel: 0.101312, dot_final_reduce_kernel: 0.004480, D2H memcpy: 0.008160, MPI_Allreduce: 0.016562
[94][WAXPBY-1] waxpby_kernel: 0.246848
[94][MATVEC] copyElementsToBuffer: 3.768416, D2H memcpy: 0.104224, int kernel: 3.812288, MPI comm: 4.720562, ext kernel: 0.179680
[94][DOT-2] dot_kernel: 0.150560, dot_final_reduce_kernel: 0.004608, D2H memcpy: 0.004576, MPI_Allreduce: 0.264186
[94][WAXPBY-2] waxpby_kernel: 0.242624
[94][WAXPBY-3] waxpby_kernel: 0.231360
[95][DOT-1] dot_kernel: 0.102080, dot_final_reduce_kernel: 0.004480, D2H memcpy: 0.005536, MPI_Allreduce: 0.013277
[95][WAXPBY-1] waxpby_kernel: 0.245760
[95][MATVEC] copyElementsToBuffer: 3.776128, D2H memcpy: 0.093376, int kernel: 3.806464, MPI comm: 4.772385, ext kernel: 0.176704
[95][DOT-2] dot_kernel: 0.150880, dot_final_reduce_kernel: 0.004384, D2H memcpy: 0.007904, MPI_Allreduce: 0.511518
[95][WAXPBY-2] waxpby_kernel: 0.242592
[95][WAXPBY-3] waxpby_kernel: 0.231840
[96][DOT-1] dot_kernel: 0.103200, dot_final_reduce_kernel: 0.004416, D2H memcpy: 0.001856, MPI_Allreduce: 0.024011
[96][WAXPBY-1] waxpby_kernel: 0.244352
[96][MATVEC] copyElementsToBuffer: 3.769152, D2H memcpy: 0.077984, int kernel: 3.809472, MPI comm: 4.761876, ext kernel: 0.177280
[96][DOT-2] dot_kernel: 0.151328, dot_final_reduce_kernel: 0.004480, D2H memcpy: 0.004064, MPI_Allreduce: 0.508056
[96][WAXPBY-2] waxpby_kernel: 0.242688
[96][WAXPBY-3] waxpby_kernel: 0.231520
[97][DOT-1] dot_kernel: 0.101856, dot_final_reduce_kernel: 0.004448, D2H memcpy: 0.008608, MPI_Allreduce: 0.013351
[97][WAXPBY-1] waxpby_kernel: 0.244288
[97][MATVEC] copyElementsToBuffer: 3.762624, D2H memcpy: 0.101184, int kernel: 3.796288, MPI comm: 4.755603, ext kernel: 0.176928
[97][DOT-2] dot_kernel: 0.151008, dot_final_reduce_kernel: 0.004608, D2H memcpy: 0.005120, MPI_Allreduce: 0.537066
[97][WAXPBY-2] waxpby_kernel: 0.242560
[97][WAXPBY-3] waxpby_kernel: 0.231616
[98][DOT-1] dot_kernel: 0.101440, dot_final_reduce_kernel: 0.004512, D2H memcpy: 0.008416, MPI_Allreduce: 0.020562
[98][WAXPBY-1] waxpby_kernel: 0.244224
[98][MATVEC] copyElementsToBuffer: 3.774688, D2H memcpy: 0.124480, int kernel: 3.817312, MPI comm: 4.736551, ext kernel: 0.179104
[98][DOT-2] dot_kernel: 0.150400, dot_final_reduce_kernel: 0.004608, D2H memcpy: 0.007616, MPI_Allreduce: 0.542391
[98][WAXPBY-2] waxpby_kernel: 0.246208
[98][WAXPBY-3] waxpby_kernel: 0.232160
[99][DOT-1] dot_kernel: 0.102464, dot_final_reduce_kernel: 0.004448, D2H memcpy: 0.007328, MPI_Allreduce: 0.013022
[99][WAXPBY-1] waxpby_kernel: 0.243104
[99][MATVEC] copyElementsToBuffer: 3.771328, D2H memcpy: 0.102880, int kernel: 3.799680, MPI comm: 4.793048, ext kernel: 0.177696
[99][DOT-2] dot_kernel: 0.150528, dot_final_reduce_kernel: 0.004384, D2H memcpy: 0.007264, MPI_Allreduce: 0.495641
[99][WAXPBY-2] waxpby_kernel: 0.245024
[99][WAXPBY-3] waxpby_kernel: 0.231392
Iteration = 100   Residual = 0.0231085
[100][DOT-1] dot_kernel: 0.102624, dot_final_reduce_kernel: 0.004416, D2H memcpy: 0.008256, MPI_Allreduce: 0.014738
[100][WAXPBY-1] waxpby_kernel: 0.243968
[100][MATVEC] copyElementsToBuffer: 3.768992, D2H memcpy: 0.089568, int kernel: 3.804000, MPI comm: 4.722745, ext kernel: 0.177376
[100][DOT-2] dot_kernel: 0.151392, dot_final_reduce_kernel: 0.004448, D2H memcpy: 0.007552, MPI_Allreduce: 0.469058
[100][WAXPBY-2] waxpby_kernel: 0.246880
[100][WAXPBY-3] waxpby_kernel: 0.231552
[101][DOT-1] dot_kernel: 0.100992, dot_final_reduce_kernel: 0.004416, D2H memcpy: 0.006400, MPI_Allreduce: 0.016138
[101][WAXPBY-1] waxpby_kernel: 0.245856
[101][MATVEC] copyElementsToBuffer: 3.769536, D2H memcpy: 0.094368, int kernel: 3.808384, MPI comm: 4.694331, ext kernel: 0.180352
[101][DOT-2] dot_kernel: 0.150880, dot_final_reduce_kernel: 0.004416, D2H memcpy: 0.009056, MPI_Allreduce: 0.580825
[101][WAXPBY-2] waxpby_kernel: 0.245184
[101][WAXPBY-3] waxpby_kernel: 0.231680
[102][DOT-1] dot_kernel: 0.100000, dot_final_reduce_kernel: 0.004512, D2H memcpy: 0.001728, MPI_Allreduce: 0.014476
[102][WAXPBY-1] waxpby_kernel: 0.245984
[102][MATVEC] copyElementsToBuffer: 3.770432, D2H memcpy: 0.105472, int kernel: 3.801728, MPI comm: 4.707679, ext kernel: 0.180064
[102][DOT-2] dot_kernel: 0.150976, dot_final_reduce_kernel: 0.004416, D2H memcpy: 0.008032, MPI_Allreduce: 0.568582
[102][WAXPBY-2] waxpby_kernel: 0.242464
[102][WAXPBY-3] waxpby_kernel: 0.232288
[103][DOT-1] dot_kernel: 0.099872, dot_final_reduce_kernel: 0.004448, D2H memcpy: 0.006208, MPI_Allreduce: 0.523856
[103][WAXPBY-1] waxpby_kernel: 0.244992
[103][MATVEC] copyElementsToBuffer: 3.775200, D2H memcpy: 0.109984, int kernel: 3.812032, MPI comm: 4.730956, ext kernel: 0.176480
[103][DOT-2] dot_kernel: 0.150528, dot_final_reduce_kernel: 0.004416, D2H memcpy: 0.009344, MPI_Allreduce: 0.559717
[103][WAXPBY-2] waxpby_kernel: 0.242176
[103][WAXPBY-3] waxpby_kernel: 0.231584
[104][DOT-1] dot_kernel: 0.101760, dot_final_reduce_kernel: 0.004448, D2H memcpy: 0.008320, MPI_Allreduce: 0.014974
[104][WAXPBY-1] waxpby_kernel: 0.242848
[104][MATVEC] copyElementsToBuffer: 3.769504, D2H memcpy: 0.081120, int kernel: 3.805248, MPI comm: 4.647639, ext kernel: 0.177568
[104][DOT-2] dot_kernel: 0.150432, dot_final_reduce_kernel: 0.004480, D2H memcpy: 0.004672, MPI_Allreduce: 0.582470
[104][WAXPBY-2] waxpby_kernel: 0.244704
[104][WAXPBY-3] waxpby_kernel: 0.231648
[105][DOT-1] dot_kernel: 0.098944, dot_final_reduce_kernel: 0.004448, D2H memcpy: 0.007776, MPI_Allreduce: 0.014029
[105][WAXPBY-1] waxpby_kernel: 0.245344
[105][MATVEC] copyElementsToBuffer: 3.772352, D2H memcpy: 0.113056, int kernel: 3.825120, MPI comm: 4.715611, ext kernel: 0.180512
[105][DOT-2] dot_kernel: 0.151072, dot_final_reduce_kernel: 0.004416, D2H memcpy: 0.009600, MPI_Allreduce: 0.569004
[105][WAXPBY-2] waxpby_kernel: 0.245504
[105][WAXPBY-3] waxpby_kernel: 0.231424
[106][DOT-1] dot_kernel: 0.096864, dot_final_reduce_kernel: 0.004512, D2H memcpy: 0.007872, MPI_Allreduce: 0.014790
[106][WAXPBY-1] waxpby_kernel: 0.244704
[106][MATVEC] copyElementsToBuffer: 3.767168, D2H memcpy: 0.091136, int kernel: 3.818592, MPI comm: 4.731534, ext kernel: 0.178336
[106][DOT-2] dot_kernel: 0.150912, dot_final_reduce_kernel: 0.004416, D2H memcpy: 0.008768, MPI_Allreduce: 0.560443
[106][WAXPBY-2] waxpby_kernel: 0.246336
[106][WAXPBY-3] waxpby_kernel: 0.231712
[107][DOT-1] dot_kernel: 0.099264, dot_final_reduce_kernel: 0.004448, D2H memcpy: 0.001696, MPI_Allreduce: 0.014224
[107][WAXPBY-1] waxpby_kernel: 0.246912
[107][MATVEC] copyElementsToBuffer: 3.762560, D2H memcpy: 0.122464, int kernel: 3.807648, MPI comm: 4.798535, ext kernel: 0.175104
[107][DOT-2] dot_kernel: 0.150656, dot_final_reduce_kernel: 0.004384, D2H memcpy: 0.005792, MPI_Allreduce: 0.249882
[107][WAXPBY-2] waxpby_kernel: 0.245472
[107][WAXPBY-3] waxpby_kernel: 0.231520
[108][DOT-1] dot_kernel: 0.099552, dot_final_reduce_kernel: 0.004448, D2H memcpy: 0.004064, MPI_Allreduce: 0.015814
[108][WAXPBY-1] waxpby_kernel: 0.246624
[108][MATVEC] copyElementsToBuffer: 3.776224, D2H memcpy: 0.123008, int kernel: 3.811872, MPI comm: 4.796931, ext kernel: 0.174240
[108][DOT-2] dot_kernel: 0.150624, dot_final_reduce_kernel: 0.004512, D2H memcpy: 0.009184, MPI_Allreduce: 0.489625
[108][WAXPBY-2] waxpby_kernel: 0.244288
[108][WAXPBY-3] waxpby_kernel: 0.231264
[109][DOT-1] dot_kernel: 0.103200, dot_final_reduce_kernel: 0.004448, D2H memcpy: 0.002112, MPI_Allreduce: 0.015900
[109][WAXPBY-1] waxpby_kernel: 0.244032
[109][MATVEC] copyElementsToBuffer: 3.774880, D2H memcpy: 0.103456, int kernel: 3.803616, MPI comm: 4.694719, ext kernel: 0.176608
[109][DOT-2] dot_kernel: 0.150528, dot_final_reduce_kernel: 0.004416, D2H memcpy: 0.008352, MPI_Allreduce: 0.604979
[109][WAXPBY-2] waxpby_kernel: 0.246336
[109][WAXPBY-3] waxpby_kernel: 0.231584
[110][DOT-1] dot_kernel: 0.100832, dot_final_reduce_kernel: 0.004512, D2H memcpy: 0.008064, MPI_Allreduce: 0.016124
[110][WAXPBY-1] waxpby_kernel: 0.248736
[110][MATVEC] copyElementsToBuffer: 3.773280, D2H memcpy: 0.097792, int kernel: 3.809824, MPI comm: 4.710421, ext kernel: 0.175744
[110][DOT-2] dot_kernel: 0.151104, dot_final_reduce_kernel: 0.004416, D2H memcpy: 0.007712, MPI_Allreduce: 0.576982
[110][WAXPBY-2] waxpby_kernel: 0.246944
[110][WAXPBY-3] waxpby_kernel: 0.231968
[111][DOT-1] dot_kernel: 0.102336, dot_final_reduce_kernel: 0.004544, D2H memcpy: 0.009120, MPI_Allreduce: 0.016101
[111][WAXPBY-1] waxpby_kernel: 0.245728
[111][MATVEC] copyElementsToBuffer: 3.769792, D2H memcpy: 0.081952, int kernel: 3.796992, MPI comm: 4.743789, ext kernel: 0.175744
[111][DOT-2] dot_kernel: 0.150880, dot_final_reduce_kernel: 0.004416, D2H memcpy: 0.008064, MPI_Allreduce: 0.543234
[111][WAXPBY-2] waxpby_kernel: 0.247360
[111][WAXPBY-3] waxpby_kernel: 0.231648
[112][DOT-1] dot_kernel: 0.101920, dot_final_reduce_kernel: 0.004416, D2H memcpy: 0.002624, MPI_Allreduce: 0.018304
[112][WAXPBY-1] waxpby_kernel: 0.245888
[112][MATVEC] copyElementsToBuffer: 3.767648, D2H memcpy: 0.101440, int kernel: 3.809824, MPI comm: 9.978363, ext kernel: 0.173856
[112][DOT-2] dot_kernel: 0.150656, dot_final_reduce_kernel: 0.004480, D2H memcpy: 0.002752, MPI_Allreduce: 0.114647
[112][WAXPBY-2] waxpby_kernel: 0.246976
[112][WAXPBY-3] waxpby_kernel: 0.231520
[113][DOT-1] dot_kernel: 0.103424, dot_final_reduce_kernel: 0.004416, D2H memcpy: 0.007040, MPI_Allreduce: 0.013106
[113][WAXPBY-1] waxpby_kernel: 0.247616
[113][MATVEC] copyElementsToBuffer: 3.764576, D2H memcpy: 0.118656, int kernel: 3.795936, MPI comm: 4.687250, ext kernel: 0.177952
[113][DOT-2] dot_kernel: 0.150688, dot_final_reduce_kernel: 0.004384, D2H memcpy: 0.006880, MPI_Allreduce: 0.585841
[113][WAXPBY-2] waxpby_kernel: 0.240960
[113][WAXPBY-3] waxpby_kernel: 0.231680
[114][DOT-1] dot_kernel: 0.102656, dot_final_reduce_kernel: 0.004480, D2H memcpy: 0.001856, MPI_Allreduce: 0.024298
[114][WAXPBY-1] waxpby_kernel: 0.241312
[114][MATVEC] copyElementsToBuffer: 3.771680, D2H memcpy: 0.094624, int kernel: 3.800992, MPI comm: 4.755263, ext kernel: 0.174624
[114][DOT-2] dot_kernel: 0.151744, dot_final_reduce_kernel: 0.004416, D2H memcpy: 0.005536, MPI_Allreduce: 0.556555
[114][WAXPBY-2] waxpby_kernel: 0.245344
[114][WAXPBY-3] waxpby_kernel: 0.231968
[115][DOT-1] dot_kernel: 0.103392, dot_final_reduce_kernel: 0.004448, D2H memcpy: 0.001888, MPI_Allreduce: 0.012573
[115][WAXPBY-1] waxpby_kernel: 0.240352
[115][MATVEC] copyElementsToBuffer: 3.774752, D2H memcpy: 0.090560, int kernel: 3.797280, MPI comm: 4.788682, ext kernel: 0.175360
[115][DOT-2] dot_kernel: 0.150752, dot_final_reduce_kernel: 0.004608, D2H memcpy: 0.009184, MPI_Allreduce: 0.517661
[115][WAXPBY-2] waxpby_kernel: 0.243872
[115][WAXPBY-3] waxpby_kernel: 0.231808
[116][DOT-1] dot_kernel: 0.104352, dot_final_reduce_kernel: 0.004448, D2H memcpy: 0.001760, MPI_Allreduce: 0.013129
[116][WAXPBY-1] waxpby_kernel: 0.246752
[116][MATVEC] copyElementsToBuffer: 3.768320, D2H memcpy: 0.105632, int kernel: 3.812704, MPI comm: 4.704962, ext kernel: 0.179168
[116][DOT-2] dot_kernel: 0.150368, dot_final_reduce_kernel: 0.004480, D2H memcpy: 0.003200, MPI_Allreduce: 0.567967
[116][WAXPBY-2] waxpby_kernel: 0.244352
[116][WAXPBY-3] waxpby_kernel: 0.231680
[117][DOT-1] dot_kernel: 0.102208, dot_final_reduce_kernel: 0.004416, D2H memcpy: 0.004736, MPI_Allreduce: 0.013429
[117][WAXPBY-1] waxpby_kernel: 0.243840
[117][MATVEC] copyElementsToBuffer: 3.772224, D2H memcpy: 0.100800, int kernel: 3.802976, MPI comm: 4.753553, ext kernel: 0.179072
[117][DOT-2] dot_kernel: 0.150752, dot_final_reduce_kernel: 0.004416, D2H memcpy: 0.005856, MPI_Allreduce: 0.539505
[117][WAXPBY-2] waxpby_kernel: 0.242464
[117][WAXPBY-3] waxpby_kernel: 0.231904
[118][DOT-1] dot_kernel: 0.102848, dot_final_reduce_kernel: 0.004512, D2H memcpy: 0.007104, MPI_Allreduce: 0.011964
[118][WAXPBY-1] waxpby_kernel: 0.243488
[118][MATVEC] copyElementsToBuffer: 3.775872, D2H memcpy: 0.120608, int kernel: 3.803648, MPI comm: 4.720971, ext kernel: 0.177056
[118][DOT-2] dot_kernel: 0.150976, dot_final_reduce_kernel: 0.004416, D2H memcpy: 0.008992, MPI_Allreduce: 0.512227
[118][WAXPBY-2] waxpby_kernel: 0.244992
[118][WAXPBY-3] waxpby_kernel: 0.231808
[119][DOT-1] dot_kernel: 0.101216, dot_final_reduce_kernel: 0.004416, D2H memcpy: 0.007296, MPI_Allreduce: 0.016181
[119][WAXPBY-1] waxpby_kernel: 0.244832
[119][MATVEC] copyElementsToBuffer: 3.768096, D2H memcpy: 0.098752, int kernel: 3.810848, MPI comm: 4.711293, ext kernel: 0.179360
[119][DOT-2] dot_kernel: 0.151392, dot_final_reduce_kernel: 0.004416, D2H memcpy: 0.009728, MPI_Allreduce: 2.523125
[119][WAXPBY-2] waxpby_kernel: 0.243904
[119][WAXPBY-3] waxpby_kernel: 0.231360
Iteration = 120   Residual = 0.0304453
[120][DOT-1] dot_kernel: 0.100288, dot_final_reduce_kernel: 0.004448, D2H memcpy: 0.008064, MPI_Allreduce: 0.014421
[120][WAXPBY-1] waxpby_kernel: 0.246848
[120][MATVEC] copyElementsToBuffer: 3.776288, D2H memcpy: 0.120320, int kernel: 3.820960, MPI comm: 4.655451, ext kernel: 0.180224
[120][DOT-2] dot_kernel: 0.150720, dot_final_reduce_kernel: 0.004480, D2H memcpy: 0.008896, MPI_Allreduce: 4.503613
[120][WAXPBY-2] waxpby_kernel: 0.247072
[120][WAXPBY-3] waxpby_kernel: 0.231616
[121][DOT-1] dot_kernel: 0.102688, dot_final_reduce_kernel: 0.004416, D2H memcpy: 0.007712, MPI_Allreduce: 0.013441
[121][WAXPBY-1] waxpby_kernel: 0.243232
[121][MATVEC] copyElementsToBuffer: 3.781696, D2H memcpy: 0.137504, int kernel: 3.816192, MPI comm: 4.728210, ext kernel: 0.176416
[121][DOT-2] dot_kernel: 0.151328, dot_final_reduce_kernel: 0.004416, D2H memcpy: 0.008288, MPI_Allreduce: 0.566482
[121][WAXPBY-2] waxpby_kernel: 0.244704
[121][WAXPBY-3] waxpby_kernel: 0.231904
[122][DOT-1] dot_kernel: 0.103392, dot_final_reduce_kernel: 0.004512, D2H memcpy: 0.008416, MPI_Allreduce: 0.014441
[122][WAXPBY-1] waxpby_kernel: 0.243072
[122][MATVEC] copyElementsToBuffer: 3.772608, D2H memcpy: 0.116256, int kernel: 3.792096, MPI comm: 4.728983, ext kernel: 0.179168
[122][DOT-2] dot_kernel: 0.151168, dot_final_reduce_kernel: 0.004384, D2H memcpy: 0.004352, MPI_Allreduce: 0.556439
[122][WAXPBY-2] waxpby_kernel: 0.245248
[122][WAXPBY-3] waxpby_kernel: 0.231648
[123][DOT-1] dot_kernel: 0.100832, dot_final_reduce_kernel: 0.004448, D2H memcpy: 0.007136, MPI_Allreduce: 0.015040
[123][WAXPBY-1] waxpby_kernel: 0.244384
[123][MATVEC] copyElementsToBuffer: 3.770176, D2H memcpy: 0.099840, int kernel: 3.803808, MPI comm: 4.710890, ext kernel: 0.179648
[123][DOT-2] dot_kernel: 0.150400, dot_final_reduce_kernel: 0.004416, D2H memcpy: 0.007520, MPI_Allreduce: 0.584916
[123][WAXPBY-2] waxpby_kernel: 0.243456
[123][WAXPBY-3] waxpby_kernel: 0.232512
[124][DOT-1] dot_kernel: 0.098976, dot_final_reduce_kernel: 0.004448, D2H memcpy: 0.007136, MPI_Allreduce: 0.017439
[124][WAXPBY-1] waxpby_kernel: 0.246048
[124][MATVEC] copyElementsToBuffer: 3.768640, D2H memcpy: 0.096128, int kernel: 3.797120, MPI comm: 4.748771, ext kernel: 0.178112
[124][DOT-2] dot_kernel: 0.151008, dot_final_reduce_kernel: 0.004448, D2H memcpy: 0.002400, MPI_Allreduce: 0.538823
[124][WAXPBY-2] waxpby_kernel: 0.245216
[124][WAXPBY-3] waxpby_kernel: 0.231680
[125][DOT-1] dot_kernel: 0.098592, dot_final_reduce_kernel: 0.004640, D2H memcpy: 0.002144, MPI_Allreduce: 0.020169
[125][WAXPBY-1] waxpby_kernel: 0.245408
[125][MATVEC] copyElementsToBuffer: 3.765664, D2H memcpy: 0.131360, int kernel: 3.806176, MPI comm: 4.776172, ext kernel: 0.174624
[125][DOT-2] dot_kernel: 0.150496, dot_final_reduce_kernel: 0.004416, D2H memcpy: 0.003104, MPI_Allreduce: 0.528658
[125][WAXPBY-2] waxpby_kernel: 0.241984
[125][WAXPBY-3] waxpby_kernel: 0.231552
[126][DOT-1] dot_kernel: 0.099296, dot_final_reduce_kernel: 0.004512, D2H memcpy: 0.005056, MPI_Allreduce: 0.024082
[126][WAXPBY-1] waxpby_kernel: 0.243776
[126][MATVEC] copyElementsToBuffer: 3.776608, D2H memcpy: 0.095520, int kernel: 3.815104, MPI comm: 4.722799, ext kernel: 0.178528
[126][DOT-2] dot_kernel: 0.150688, dot_final_reduce_kernel: 0.004832, D2H memcpy: 0.005920, MPI_Allreduce: 0.307345
[126][WAXPBY-2] waxpby_kernel: 0.246400
[126][WAXPBY-3] waxpby_kernel: 0.231712
[127][DOT-1] dot_kernel: 0.103616, dot_final_reduce_kernel: 0.004416, D2H memcpy: 0.005056, MPI_Allreduce: 0.016806
[127][WAXPBY-1] waxpby_kernel: 0.247520
[127][MATVEC] copyElementsToBuffer: 3.772096, D2H memcpy: 0.138464, int kernel: 3.805152, MPI comm: 4.695375, ext kernel: 0.177504
[127][DOT-2] dot_kernel: 0.150304, dot_final_reduce_kernel: 0.004416, D2H memcpy: 0.008864, MPI_Allreduce: 0.509498
[127][WAXPBY-2] waxpby_kernel: 0.243648
[127][WAXPBY-3] waxpby_kernel: 0.231328
[128][DOT-1] dot_kernel: 0.104160, dot_final_reduce_kernel: 0.004416, D2H memcpy: 0.007168, MPI_Allreduce: 0.015456
[128][WAXPBY-1] waxpby_kernel: 0.248032
[128][MATVEC] copyElementsToBuffer: 3.774880, D2H memcpy: 0.132256, int kernel: 3.804384, MPI comm: 4.726477, ext kernel: 0.178016
[128][DOT-2] dot_kernel: 0.150080, dot_final_reduce_kernel: 0.004736, D2H memcpy: 0.009664, MPI_Allreduce: 0.551288
[128][WAXPBY-2] waxpby_kernel: 0.245216
[128][WAXPBY-3] waxpby_kernel: 0.231552
[129][DOT-1] dot_kernel: 0.099936, dot_final_reduce_kernel: 0.004448, D2H memcpy: 0.005344, MPI_Allreduce: 0.016499
[129][WAXPBY-1] waxpby_kernel: 0.245824
[129][MATVEC] copyElementsToBuffer: 3.775648, D2H memcpy: 0.106464, int kernel: 3.803232, MPI comm: 4.726989, ext kernel: 0.179008
[129][DOT-2] dot_kernel: 0.150496, dot_final_reduce_kernel: 0.004448, D2H memcpy: 0.007040, MPI_Allreduce: 0.553606
[129][WAXPBY-2] waxpby_kernel: 0.243968
[129][WAXPBY-3] waxpby_kernel: 0.231680
[130][DOT-1] dot_kernel: 0.098528, dot_final_reduce_kernel: 0.004480, D2H memcpy: 0.006528, MPI_Allreduce: 0.014613
[130][WAXPBY-1] waxpby_kernel: 0.245792
[130][MATVEC] copyElementsToBuffer: 3.775808, D2H memcpy: 0.105760, int kernel: 3.808768, MPI comm: 4.811409, ext kernel: 0.177056
[130][DOT-2] dot_kernel: 0.151392, dot_final_reduce_kernel: 0.004384, D2H memcpy: 0.004128, MPI_Allreduce: 0.472037
[130][WAXPBY-2] waxpby_kernel: 0.243808
[130][WAXPBY-3] waxpby_kernel: 0.231872
[131][DOT-1] dot_kernel: 0.098144, dot_final_reduce_kernel: 0.004832, D2H memcpy: 0.005760, MPI_Allreduce: 0.015087
[131][WAXPBY-1] waxpby_kernel: 0.244992
[131][MATVEC] copyElementsToBuffer: 3.770112, D2H memcpy: 0.129952, int kernel: 3.840544, MPI comm: 4.685604, ext kernel: 0.177728
[131][DOT-2] dot_kernel: 0.150848, dot_final_reduce_kernel: 0.004480, D2H memcpy: 0.006112, MPI_Allreduce: 0.609033
[131][WAXPBY-2] waxpby_kernel: 0.245856
[131][WAXPBY-3] waxpby_kernel: 0.231968
[132][DOT-1] dot_kernel: 0.099648, dot_final_reduce_kernel: 0.004448, D2H memcpy: 0.008416, MPI_Allreduce: 0.014794
[132][WAXPBY-1] waxpby_kernel: 0.243616
[132][MATVEC] copyElementsToBuffer: 3.769248, D2H memcpy: 0.115328, int kernel: 3.807424, MPI comm: 4.741390, ext kernel: 0.177952
[132][DOT-2] dot_kernel: 0.150368, dot_final_reduce_kernel: 0.004480, D2H memcpy: 0.002592, MPI_Allreduce: 0.554186
[132][WAXPBY-2] waxpby_kernel: 0.242752
[132][WAXPBY-3] waxpby_kernel: 0.231904
[133][DOT-1] dot_kernel: 0.102624, dot_final_reduce_kernel: 0.004448, D2H memcpy: 0.008608, MPI_Allreduce: 0.011908
[133][WAXPBY-1] waxpby_kernel: 0.244096
[133][MATVEC] copyElementsToBuffer: 3.764992, D2H memcpy: 0.095776, int kernel: 3.792096, MPI comm: 4.734374, ext kernel: 0.177184
[133][DOT-2] dot_kernel: 0.150752, dot_final_reduce_kernel: 0.004416, D2H memcpy: 0.004800, MPI_Allreduce: 0.553862
[133][WAXPBY-2] waxpby_kernel: 0.241984
[133][WAXPBY-3] waxpby_kernel: 0.231712
[134][DOT-1] dot_kernel: 0.103712, dot_final_reduce_kernel: 0.004832, D2H memcpy: 0.003136, MPI_Allreduce: 0.015761
[134][WAXPBY-1] waxpby_kernel: 0.243968
[134][MATVEC] copyElementsToBuffer: 3.764320, D2H memcpy: 0.091680, int kernel: 3.799360, MPI comm: 4.901507, ext kernel: 0.180512
[134][DOT-2] dot_kernel: 0.150560, dot_final_reduce_kernel: 0.004384, D2H memcpy: 0.009568, MPI_Allreduce: 0.264575
[134][WAXPBY-2] waxpby_kernel: 0.246144
[134][WAXPBY-3] waxpby_kernel: 0.231360
[135][DOT-1] dot_kernel: 0.103200, dot_final_reduce_kernel: 0.004448, D2H memcpy: 0.001792, MPI_Allreduce: 0.015812
[135][WAXPBY-1] waxpby_kernel: 0.247104
[135][MATVEC] copyElementsToBuffer: 3.771712, D2H memcpy: 0.132736, int kernel: 3.796992, MPI comm: 4.787424, ext kernel: 0.179840
[135][DOT-2] dot_kernel: 0.150784, dot_final_reduce_kernel: 0.004416, D2H memcpy: 0.006528, MPI_Allreduce: 0.399644
[135][WAXPBY-2] waxpby_kernel: 0.244064
[135][WAXPBY-3] waxpby_kernel: 0.232128
[136][DOT-1] dot_kernel: 0.102848, dot_final_reduce_kernel: 0.004448, D2H memcpy: 0.001856, MPI_Allreduce: 0.017990
[136][WAXPBY-1] waxpby_kernel: 0.242944
[136][MATVEC] copyElementsToBuffer: 3.772064, D2H memcpy: 0.103584, int kernel: 3.800928, MPI comm: 4.785056, ext kernel: 0.178272
[136][DOT-2] dot_kernel: 0.150816, dot_final_reduce_kernel: 0.004448, D2H memcpy: 0.008512, MPI_Allreduce: 0.509354
[136][WAXPBY-2] waxpby_kernel: 0.245056
[136][WAXPBY-3] waxpby_kernel: 0.231552
[137][DOT-1] dot_kernel: 0.097664, dot_final_reduce_kernel: 0.004416, D2H memcpy: 0.008288, MPI_Allreduce: 0.015094
[137][WAXPBY-1] waxpby_kernel: 0.245152
[137][MATVEC] copyElementsToBuffer: 3.769184, D2H memcpy: 0.090816, int kernel: 3.795168, MPI comm: 4.727880, ext kernel: 0.178048
[137][DOT-2] dot_kernel: 0.150688, dot_final_reduce_kernel: 0.004640, D2H memcpy: 0.006720, MPI_Allreduce: 0.518973
[137][WAXPBY-2] waxpby_kernel: 0.244224
[137][WAXPBY-3] waxpby_kernel: 0.231936
[138][DOT-1] dot_kernel: 0.100800, dot_final_reduce_kernel: 0.004512, D2H memcpy: 0.006720, MPI_Allreduce: 0.015033
[138][WAXPBY-1] waxpby_kernel: 0.244416
[138][MATVEC] copyElementsToBuffer: 3.768832, D2H memcpy: 0.094976, int kernel: 3.810144, MPI comm: 4.821222, ext kernel: 0.177664
[138][DOT-2] dot_kernel: 0.150912, dot_final_reduce_kernel: 0.004608, D2H memcpy: 0.004608, MPI_Allreduce: 0.473193
[138][WAXPBY-2] waxpby_kernel: 0.247392
[138][WAXPBY-3] waxpby_kernel: 0.231552
[139][DOT-1] dot_kernel: 0.100544, dot_final_reduce_kernel: 0.004416, D2H memcpy: 0.008704, MPI_Allreduce: 0.016667
[139][WAXPBY-1] waxpby_kernel: 0.247264
[139][MATVEC] copyElementsToBuffer: 3.768768, D2H memcpy: 0.088544, int kernel: 3.799360, MPI comm: 4.765159, ext kernel: 0.176512
[139][DOT-2] dot_kernel: 0.150464, dot_final_reduce_kernel: 0.004608, D2H memcpy: 0.009696, MPI_Allreduce: 0.506249
[139][WAXPBY-2] waxpby_kernel: 0.245088
[139][WAXPBY-3] waxpby_kernel: 0.232288
Iteration = 140   Residual = 0.0151262
[140][DOT-1] dot_kernel: 0.099104, dot_final_reduce_kernel: 0.004448, D2H memcpy: 0.001824, MPI_Allreduce: 0.017755
[140][WAXPBY-1] waxpby_kernel: 0.244832
[140][MATVEC] copyElementsToBuffer: 3.768704, D2H memcpy: 0.102112, int kernel: 3.815648, MPI comm: 4.673655, ext kernel: 0.176000
[140][DOT-2] dot_kernel: 0.151072, dot_final_reduce_kernel: 0.004480, D2H memcpy: 0.007328, MPI_Allreduce: 0.339816
[140][WAXPBY-2] waxpby_kernel: 0.243424
[140][WAXPBY-3] waxpby_kernel: 0.231296
[141][DOT-1] dot_kernel: 0.102944, dot_final_reduce_kernel: 0.004448, D2H memcpy: 0.004704, MPI_Allreduce: 0.015773
[141][WAXPBY-1] waxpby_kernel: 0.244448
[141][MATVEC] copyElementsToBuffer: 3.770048, D2H memcpy: 0.074560, int kernel: 3.796416, MPI comm: 4.839715, ext kernel: 0.181152
[141][DOT-2] dot_kernel: 0.150656, dot_final_reduce_kernel: 0.004384, D2H memcpy: 0.005472, MPI_Allreduce: 0.395837
[141][WAXPBY-2] waxpby_kernel: 0.243936
[141][WAXPBY-3] waxpby_kernel: 0.231296
[142][DOT-1] dot_kernel: 0.102336, dot_final_reduce_kernel: 0.004480, D2H memcpy: 0.001888, MPI_Allreduce: 0.013181
[142][WAXPBY-1] waxpby_kernel: 0.244256
[142][MATVEC] copyElementsToBuffer: 3.772736, D2H memcpy: 0.104544, int kernel: 3.805536, MPI comm: 4.728735, ext kernel: 0.177728
[142][DOT-2] dot_kernel: 0.150848, dot_final_reduce_kernel: 0.004416, D2H memcpy: 0.002400, MPI_Allreduce: 0.565228
[142][WAXPBY-2] waxpby_kernel: 0.243680
[142][WAXPBY-3] waxpby_kernel: 0.231840
[143][DOT-1] dot_kernel: 0.103040, dot_final_reduce_kernel: 0.004448, D2H memcpy: 0.007648, MPI_Allreduce: 0.015681
[143][WAXPBY-1] waxpby_kernel: 0.244032
[143][MATVEC] copyElementsToBuffer: 3.762560, D2H memcpy: 0.093056, int kernel: 3.794080, MPI comm: 4.770508, ext kernel: 0.173248
[143][DOT-2] dot_kernel: 0.150720, dot_final_reduce_kernel: 0.004640, D2H memcpy: 0.006112, MPI_Allreduce: 0.529034
[143][WAXPBY-2] waxpby_kernel: 0.244864
[143][WAXPBY-3] waxpby_kernel: 0.231584
[144][DOT-1] dot_kernel: 0.101472, dot_final_reduce_kernel: 0.004640, D2H memcpy: 0.008320, MPI_Allreduce: 0.018919
[144][WAXPBY-1] waxpby_kernel: 0.246112
[144][MATVEC] copyElementsToBuffer: 3.777472, D2H memcpy: 0.113728, int kernel: 3.817888, MPI comm: 4.700726, ext kernel: 0.174528
[144][DOT-2] dot_kernel: 0.150304, dot_final_reduce_kernel: 0.004480, D2H memcpy: 0.005120, MPI_Allreduce: 0.538980
[144][WAXPBY-2] waxpby_kernel: 0.245344
[144][WAXPBY-3] waxpby_kernel: 0.231776
[145][DOT-1] dot_kernel: 0.101824, dot_final_reduce_kernel: 0.004448, D2H memcpy: 0.002720, MPI_Allreduce: 0.014994
[145][WAXPBY-1] waxpby_kernel: 0.247552
[145][MATVEC] copyElementsToBuffer: 3.774432, D2H memcpy: 0.131424, int kernel: 3.807616, MPI comm: 4.708521, ext kernel: 0.175936
[145][DOT-2] dot_kernel: 0.150720, dot_final_reduce_kernel: 0.004416, D2H memcpy: 0.008384, MPI_Allreduce: 0.567983
[145][WAXPBY-2] waxpby_kernel: 0.245024
[145][WAXPBY-3] waxpby_kernel: 0.231424
[146][DOT-1] dot_kernel: 0.100128, dot_final_reduce_kernel: 0.004512, D2H memcpy: 0.006048, MPI_Allreduce: 0.016665
[146][WAXPBY-1] waxpby_kernel: 0.245024
[146][MATVEC] copyElementsToBuffer: 3.771328, D2H memcpy: 0.080384, int kernel: 3.795168, MPI comm: 4.665836, ext kernel: 0.177984
[146][DOT-2] dot_kernel: 0.150560, dot_final_reduce_kernel: 0.004416, D2H memcpy: 0.010048, MPI_Allreduce: 0.524145
[146][WAXPBY-2] waxpby_kernel: 0.245344
[146][WAXPBY-3] waxpby_kernel: 0.231552
[147][DOT-1] dot_kernel: 0.101696, dot_final_reduce_kernel: 0.004416, D2H memcpy: 0.007968, MPI_Allreduce: 0.015562
[147][WAXPBY-1] waxpby_kernel: 0.247776
[147][MATVEC] copyElementsToBuffer: 3.769472, D2H memcpy: 0.114528, int kernel: 3.810976, MPI comm: 4.803511, ext kernel: 0.177408
[147][DOT-2] dot_kernel: 0.150656, dot_final_reduce_kernel: 0.004416, D2H memcpy: 0.007840, MPI_Allreduce: 0.477982
[147][WAXPBY-2] waxpby_kernel: 0.242144
[147][WAXPBY-3] waxpby_kernel: 0.231808
[148][DOT-1] dot_kernel: 0.102880, dot_final_reduce_kernel: 0.004448, D2H memcpy: 0.004096, MPI_Allreduce: 0.012964
[148][WAXPBY-1] waxpby_kernel: 0.246112
[148][MATVEC] copyElementsToBuffer: 3.770720, D2H memcpy: 0.112608, int kernel: 3.797440, MPI comm: 4.712419, ext kernel: 0.177184
[148][DOT-2] dot_kernel: 0.150976, dot_final_reduce_kernel: 0.004480, D2H memcpy: 0.004576, MPI_Allreduce: 0.272020
[148][WAXPBY-2] waxpby_kernel: 0.244800
[148][WAXPBY-3] waxpby_kernel: 0.231712
[149][DOT-1] dot_kernel: 0.098176, dot_final_reduce_kernel: 0.004448, D2H memcpy: 0.007296, MPI_Allreduce: 0.014796
[149][WAXPBY-1] waxpby_kernel: 0.246272
[149][MATVEC] copyElementsToBuffer: 3.773568, D2H memcpy: 0.127872, int kernel: 3.804736, MPI comm: 4.731688, ext kernel: 0.176384
[149][DOT-2] dot_kernel: 0.151136, dot_final_reduce_kernel: 0.004448, D2H memcpy: 0.007424, MPI_Allreduce: 0.561871
[149][WAXPBY-2] waxpby_kernel: 0.245056
[149][WAXPBY-3] waxpby_kernel: 0.231968
[150][DOT-1] dot_kernel: 0.098176, dot_final_reduce_kernel: 0.004512, D2H memcpy: 0.008896, MPI_Allreduce: 0.014536
[150][WAXPBY-1] waxpby_kernel: 0.247136
[150][MATVEC] copyElementsToBuffer: 3.766240, D2H memcpy: 0.109600, int kernel: 3.817920, MPI comm: 4.709914, ext kernel: 0.178528
[150][DOT-2] dot_kernel: 0.150848, dot_final_reduce_kernel: 0.004416, D2H memcpy: 0.006112, MPI_Allreduce: 0.573591
[150][WAXPBY-2] waxpby_kernel: 0.243904
[150][WAXPBY-3] waxpby_kernel: 0.231232
[151][DOT-1] dot_kernel: 0.097344, dot_final_reduce_kernel: 0.004416, D2H memcpy: 0.006336, MPI_Allreduce: 0.015353
[151][WAXPBY-1] waxpby_kernel: 0.243424
[151][MATVEC] copyElementsToBuffer: 3.772352, D2H memcpy: 0.109920, int kernel: 3.811392, MPI comm: 4.696784, ext kernel: 0.178400
[151][DOT-2] dot_kernel: 0.150752, dot_final_reduce_kernel: 0.004416, D2H memcpy: 0.005312, MPI_Allreduce: 0.496219
[151][WAXPBY-2] waxpby_kernel: 0.244224
[151][WAXPBY-3] waxpby_kernel: 0.231904
[152][DOT-1] dot_kernel: 0.101888, dot_final_reduce_kernel: 0.004448, D2H memcpy: 0.003328, MPI_Allreduce: 0.015440
[152][WAXPBY-1] waxpby_kernel: 0.247168
[152][MATVEC] copyElementsToBuffer: 3.765344, D2H memcpy: 0.121056, int kernel: 3.813440, MPI comm: 4.656023, ext kernel: 0.177088
[152][DOT-2] dot_kernel: 0.150816, dot_final_reduce_kernel: 0.004480, D2H memcpy: 0.004992, MPI_Allreduce: 0.310634
[152][WAXPBY-2] waxpby_kernel: 0.243136
[152][WAXPBY-3] waxpby_kernel: 0.231840
[153][DOT-1] dot_kernel: 0.100416, dot_final_reduce_kernel: 0.004448, D2H memcpy: 0.004704, MPI_Allreduce: 0.014173
[153][WAXPBY-1] waxpby_kernel: 0.244032
[153][MATVEC] copyElementsToBuffer: 3.766336, D2H memcpy: 0.107040, int kernel: 3.799072, MPI comm: 4.735604, ext kernel: 0.179712
[153][DOT-2] dot_kernel: 0.150336, dot_final_reduce_kernel: 0.004416, D2H memcpy: 0.007616, MPI_Allreduce: 0.421194
[153][WAXPBY-2] waxpby_kernel: 0.243328
[153][WAXPBY-3] waxpby_kernel: 0.231520
[154][DOT-1] dot_kernel: 0.102720, dot_final_reduce_kernel: 0.004480, D2H memcpy: 0.004576, MPI_Allreduce: 0.013357
[154][WAXPBY-1] waxpby_kernel: 0.245760
[154][MATVEC] copyElementsToBuffer: 3.771648, D2H memcpy: 0.095552, int kernel: 3.796768, MPI comm: 4.724169, ext kernel: 0.177824
[154][DOT-2] dot_kernel: 0.150560, dot_final_reduce_kernel: 0.004544, D2H memcpy: 0.006144, MPI_Allreduce: 0.557723
[154][WAXPBY-2] waxpby_kernel: 0.241888
[154][WAXPBY-3] waxpby_kernel: 0.231200
[155][DOT-1] dot_kernel: 0.104320, dot_final_reduce_kernel: 0.004480, D2H memcpy: 0.009120, MPI_Allreduce: 0.012310
[155][WAXPBY-1] waxpby_kernel: 0.244704
[155][MATVEC] copyElementsToBuffer: 3.768000, D2H memcpy: 0.115008, int kernel: 3.793600, MPI comm: 4.719247, ext kernel: 0.177632
[155][DOT-2] dot_kernel: 0.150656, dot_final_reduce_kernel: 0.004416, D2H memcpy: 0.004672, MPI_Allreduce: 0.579116
[155][WAXPBY-2] waxpby_kernel: 0.244064
[155][WAXPBY-3] waxpby_kernel: 0.231936
[156][DOT-1] dot_kernel: 0.100768, dot_final_reduce_kernel: 0.004448, D2H memcpy: 0.007840, MPI_Allreduce: 0.016081
[156][WAXPBY-1] waxpby_kernel: 0.247392
[156][MATVEC] copyElementsToBuffer: 3.769184, D2H memcpy: 0.115488, int kernel: 3.805024, MPI comm: 4.711037, ext kernel: 0.176960
[156][DOT-2] dot_kernel: 0.150912, dot_final_reduce_kernel: 0.004544, D2H memcpy: 0.006080, MPI_Allreduce: 0.586970
[156][WAXPBY-2] waxpby_kernel: 0.244000
[156][WAXPBY-3] waxpby_kernel: 0.232096
[157][DOT-1] dot_kernel: 0.098272, dot_final_reduce_kernel: 0.004448, D2H memcpy: 0.003488, MPI_Allreduce: 0.019414
[157][WAXPBY-1] waxpby_kernel: 0.248672
[157][MATVEC] copyElementsToBuffer: 3.776128, D2H memcpy: 0.124864, int kernel: 3.812992, MPI comm: 4.716125, ext kernel: 0.178976
[157][DOT-2] dot_kernel: 0.150816, dot_final_reduce_kernel: 0.004416, D2H memcpy: 0.006752, MPI_Allreduce: 0.566375
[157][WAXPBY-2] waxpby_kernel: 0.244000
[157][WAXPBY-3] waxpby_kernel: 0.231616
[158][DOT-1] dot_kernel: 0.100640, dot_final_reduce_kernel: 0.004512, D2H memcpy: 0.003584, MPI_Allreduce: 0.013851
[158][WAXPBY-1] waxpby_kernel: 0.243872
[158][MATVEC] copyElementsToBuffer: 3.774720, D2H memcpy: 0.119168, int kernel: 3.810432, MPI comm: 4.690822, ext kernel: 0.179872
[158][DOT-2] dot_kernel: 0.151072, dot_final_reduce_kernel: 0.004608, D2H memcpy: 0.006272, MPI_Allreduce: 0.593032
[158][WAXPBY-2] waxpby_kernel: 0.246144
[158][WAXPBY-3] waxpby_kernel: 0.231840
[159][DOT-1] dot_kernel: 0.100032, dot_final_reduce_kernel: 0.004448, D2H memcpy: 0.001728, MPI_Allreduce: 0.014787
[159][WAXPBY-1] waxpby_kernel: 0.246752
[159][MATVEC] copyElementsToBuffer: 3.772160, D2H memcpy: 0.120384, int kernel: 3.804704, MPI comm: 4.654754, ext kernel: 0.177664
[159][DOT-2] dot_kernel: 0.150784, dot_final_reduce_kernel: 0.004416, D2H memcpy: 0.009280, MPI_Allreduce: 0.303180
[159][WAXPBY-2] waxpby_kernel: 0.245600
[159][WAXPBY-3] waxpby_kernel: 0.231424
Iteration = 160   Residual = 0.191218
[160][DOT-1] dot_kernel: 0.102656, dot_final_reduce_kernel: 0.004416, D2H memcpy: 0.006432, MPI_Allreduce: 0.015454
[160][WAXPBY-1] waxpby_kernel: 0.246112
[160][MATVEC] copyElementsToBuffer: 3.770016, D2H memcpy: 0.086720, int kernel: 3.795680, MPI comm: 4.639080, ext kernel: 0.178080
[160][DOT-2] dot_kernel: 0.151040, dot_final_reduce_kernel: 0.004480, D2H memcpy: 0.008224, MPI_Allreduce: 0.483181
[160][WAXPBY-2] waxpby_kernel: 0.245856
[160][WAXPBY-3] waxpby_kernel: 0.231776
[161][DOT-1] dot_kernel: 0.098912, dot_final_reduce_kernel: 0.004416, D2H memcpy: 0.003456, MPI_Allreduce: 0.015495
[161][WAXPBY-1] waxpby_kernel: 0.247168
[161][MATVEC] copyElementsToBuffer: 3.767456, D2H memcpy: 0.097088, int kernel: 3.804704, MPI comm: 4.719917, ext kernel: 0.178400
[161][DOT-2] dot_kernel: 0.150656, dot_final_reduce_kernel: 0.004384, D2H memcpy: 0.002336, MPI_Allreduce: 0.587808
[161][WAXPBY-2] waxpby_kernel: 0.244576
[161][WAXPBY-3] waxpby_kernel: 0.231520
[162][DOT-1] dot_kernel: 0.099616, dot_final_reduce_kernel: 0.004512, D2H memcpy: 0.008448, MPI_Allreduce: 0.013527
[162][WAXPBY-1] waxpby_kernel: 0.244544
[162][MATVEC] copyElementsToBuffer: 3.767392, D2H memcpy: 0.101440, int kernel: 3.798656, MPI comm: 4.731173, ext kernel: 0.178112
[162][DOT-2] dot_kernel: 0.150656, dot_final_reduce_kernel: 0.004416, D2H memcpy: 0.005760, MPI_Allreduce: 0.570943
[162][WAXPBY-2] waxpby_kernel: 0.243840
[162][WAXPBY-3] waxpby_kernel: 0.231776
[163][DOT-1] dot_kernel: 0.099456, dot_final_reduce_kernel: 0.004448, D2H memcpy: 0.005152, MPI_Allreduce: 0.019354
[163][WAXPBY-1] waxpby_kernel: 0.245728
[163][MATVEC] copyElementsToBuffer: 3.778816, D2H memcpy: 0.085888, int kernel: 3.810688, MPI comm: 4.695609, ext kernel: 0.180160
[163][DOT-2] dot_kernel: 0.150688, dot_final_reduce_kernel: 0.004384, D2H memcpy: 0.002432, MPI_Allreduce: 0.381431
[163][WAXPBY-2] waxpby_kernel: 0.245888
[163][WAXPBY-3] waxpby_kernel: 0.231744
[164][DOT-1] dot_kernel: 0.099328, dot_final_reduce_kernel: 0.004448, D2H memcpy: 0.006400, MPI_Allreduce: 0.014115
[164][WAXPBY-1] waxpby_kernel: 0.244608
[164][MATVEC] copyElementsToBuffer: 3.769504, D2H memcpy: 0.090304, int kernel: 3.812512, MPI comm: 4.687303, ext kernel: 0.178752
[164][DOT-2] dot_kernel: 0.150848, dot_final_reduce_kernel: 0.004480, D2H memcpy: 0.002368, MPI_Allreduce: 0.589747
[164][WAXPBY-2] waxpby_kernel: 0.243200
[164][WAXPBY-3] waxpby_kernel: 0.231552
[165][DOT-1] dot_kernel: 0.100608, dot_final_reduce_kernel: 0.004416, D2H memcpy: 0.004576, MPI_Allreduce: 0.014370
[165][WAXPBY-1] waxpby_kernel: 0.246912
[165][MATVEC] copyElementsToBuffer: 3.772704, D2H memcpy: 0.096704, int kernel: 3.807168, MPI comm: 10.343441, ext kernel: 0.177216
[165][DOT-2] dot_kernel: 0.150944, dot_final_reduce_kernel: 0.004416, D2H memcpy: 0.004800, MPI_Allreduce: 0.306964
[165][WAXPBY-2] waxpby_kernel: 0.242848
[165][WAXPBY-3] waxpby_kernel: 0.231680
[166][DOT-1] dot_kernel: 0.101440, dot_final_reduce_kernel: 0.004480, D2H memcpy: 0.002464, MPI_Allreduce: 0.019546
[166][WAXPBY-1] waxpby_kernel: 0.243072
[166][MATVEC] copyElementsToBuffer: 3.771424, D2H memcpy: 0.067616, int kernel: 3.795520, MPI comm: 4.774967, ext kernel: 0.180384
[166][DOT-2] dot_kernel: 0.150656, dot_final_reduce_kernel: 0.004416, D2H memcpy: 0.007168, MPI_Allreduce: 0.427813
[166][WAXPBY-2] waxpby_kernel: 0.242560
[166][WAXPBY-3] waxpby_kernel: 0.231648
[167][DOT-1] dot_kernel: 0.103488, dot_final_reduce_kernel: 0.004448, D2H memcpy: 0.006752, MPI_Allreduce: 0.014804
[167][WAXPBY-1] waxpby_kernel: 0.243168
[167][MATVEC] copyElementsToBuffer: 3.762848, D2H memcpy: 0.093504, int kernel: 3.797440, MPI comm: 4.765738, ext kernel: 0.180896
[167][DOT-2] dot_kernel: 0.150208, dot_final_reduce_kernel: 0.004384, D2H memcpy: 0.005184, MPI_Allreduce: 0.518246
[167][WAXPBY-2] waxpby_kernel: 0.245216
[167][WAXPBY-3] waxpby_kernel: 0.231712
[168][DOT-1] dot_kernel: 0.101408, dot_final_reduce_kernel: 0.004416, D2H memcpy: 0.001984, MPI_Allreduce: 0.018574
[168][WAXPBY-1] waxpby_kernel: 0.243648
[168][MATVEC] copyElementsToBuffer: 3.771232, D2H memcpy: 0.052032, int kernel: 3.800864, MPI comm: 4.665785, ext kernel: 0.176736
[168][DOT-2] dot_kernel: 0.150560, dot_final_reduce_kernel: 0.004480, D2H memcpy: 0.002400, MPI_Allreduce: 0.635968
[168][WAXPBY-2] waxpby_kernel: 0.245536
[168][WAXPBY-3] waxpby_kernel: 0.231648
[169][DOT-1] dot_kernel: 0.098944, dot_final_reduce_kernel: 0.004448, D2H memcpy: 0.004384, MPI_Allreduce: 0.014396
[169][WAXPBY-1] waxpby_kernel: 0.245888
[169][MATVEC] copyElementsToBuffer: 3.774720, D2H memcpy: 0.090496, int kernel: 3.806048, MPI comm: 4.782145, ext kernel: 0.176928
[169][DOT-2] dot_kernel: 0.150624, dot_final_reduce_kernel: 0.004384, D2H memcpy: 0.007936, MPI_Allreduce: 0.502571
[169][WAXPBY-2] waxpby_kernel: 0.246208
[169][WAXPBY-3] waxpby_kernel: 0.231744
[170][DOT-1] dot_kernel: 0.098592, dot_final_reduce_kernel: 0.004512, D2H memcpy: 0.007264, MPI_Allreduce: 0.015157
[170][WAXPBY-1] waxpby_kernel: 0.247040
[170][MATVEC] copyElementsToBuffer: 3.774208, D2H memcpy: 0.103040, int kernel: 3.809376, MPI comm: 4.704648, ext kernel: 0.177696
[170][DOT-2] dot_kernel: 0.150880, dot_final_reduce_kernel: 0.004416, D2H memcpy: 0.008960, MPI_Allreduce: 0.350091
[170][WAXPBY-2] waxpby_kernel: 0.245984
[170][WAXPBY-3] waxpby_kernel: 0.231520
[171][DOT-1] dot_kernel: 0.099360, dot_final_reduce_kernel: 0.004448, D2H memcpy: 0.006400, MPI_Allreduce: 0.015695
[171][WAXPBY-1] waxpby_kernel: 0.246432
[171][MATVEC] copyElementsToBuffer: 3.773984, D2H memcpy: 0.112672, int kernel: 3.808672, MPI comm: 4.728707, ext kernel: 0.178528
[171][DOT-2] dot_kernel: 0.150976, dot_final_reduce_kernel: 0.004416, D2H memcpy: 0.004448, MPI_Allreduce: 0.550991
[171][WAXPBY-2] waxpby_kernel: 0.246144
[171][WAXPBY-3] waxpby_kernel: 0.231520
[172][DOT-1] dot_kernel: 0.099392, dot_final_reduce_kernel: 0.004448, D2H memcpy: 0.005952, MPI_Allreduce: 0.015413
[172][WAXPBY-1] waxpby_kernel: 0.246720
[172][MATVEC] copyElementsToBuffer: 3.774784, D2H memcpy: 0.121696, int kernel: 3.807808, MPI comm: 10.296533, ext kernel: 0.179264
[172][DOT-2] dot_kernel: 0.150912, dot_final_reduce_kernel: 0.004928, D2H memcpy: 0.004384, MPI_Allreduce: 0.216409
[172][WAXPBY-2] waxpby_kernel: 0.244960
[172][WAXPBY-3] waxpby_kernel: 0.231968
[173][DOT-1] dot_kernel: 0.102720, dot_final_reduce_kernel: 0.004448, D2H memcpy: 0.008576, MPI_Allreduce: 0.015290
[173][WAXPBY-1] waxpby_kernel: 0.244544
[173][MATVEC] copyElementsToBuffer: 3.774816, D2H memcpy: 0.115264, int kernel: 3.798176, MPI comm: 4.725097, ext kernel: 0.180608
[173][DOT-2] dot_kernel: 0.150848, dot_final_reduce_kernel: 0.004384, D2H memcpy: 0.004384, MPI_Allreduce: 0.556481
[173][WAXPBY-2] waxpby_kernel: 0.243904
[173][WAXPBY-3] waxpby_kernel: 0.232288
[174][DOT-1] dot_kernel: 0.100192, dot_final_reduce_kernel: 0.004512, D2H memcpy: 0.006944, MPI_Allreduce: 0.013539
[174][WAXPBY-1] waxpby_kernel: 0.247104
[174][MATVEC] copyElementsToBuffer: 3.767136, D2H memcpy: 0.115968, int kernel: 3.808640, MPI comm: 4.710746, ext kernel: 0.178272
[174][DOT-2] dot_kernel: 0.150560, dot_final_reduce_kernel: 0.004416, D2H memcpy: 0.008032, MPI_Allreduce: 0.563783
[174][WAXPBY-2] waxpby_kernel: 0.245728
[174][WAXPBY-3] waxpby_kernel: 0.231936
[175][DOT-1] dot_kernel: 0.099648, dot_final_reduce_kernel: 0.004448, D2H memcpy: 0.008992, MPI_Allreduce: 0.014349
[175][WAXPBY-1] waxpby_kernel: 0.247232
[175][MATVEC] copyElementsToBuffer: 3.778240, D2H memcpy: 0.128352, int kernel: 3.823648, MPI comm: 4.796463, ext kernel: 0.176128
[175][DOT-2] dot_kernel: 0.150304, dot_final_reduce_kernel: 0.004416, D2H memcpy: 0.005056, MPI_Allreduce: 0.500919
[175][WAXPBY-2] waxpby_kernel: 0.244864
[175][WAXPBY-3] waxpby_kernel: 0.231776
[176][DOT-1] dot_kernel: 0.097728, dot_final_reduce_kernel: 0.004448, D2H memcpy: 0.005056, MPI_Allreduce: 0.016114
[176][WAXPBY-1] waxpby_kernel: 0.246176
[176][MATVEC] copyElementsToBuffer: 3.775936, D2H memcpy: 0.094400, int kernel: 3.806464, MPI comm: 4.817012, ext kernel: 0.175936
[176][DOT-2] dot_kernel: 0.151104, dot_final_reduce_kernel: 0.004480, D2H memcpy: 0.006432, MPI_Allreduce: 0.464264
[176][WAXPBY-2] waxpby_kernel: 0.245824
[176][WAXPBY-3] waxpby_kernel: 0.231680
[177][DOT-1] dot_kernel: 0.100192, dot_final_reduce_kernel: 0.004448, D2H memcpy: 0.004000, MPI_Allreduce: 0.015718
[177][WAXPBY-1] waxpby_kernel: 0.244608
[177][MATVEC] copyElementsToBuffer: 3.773056, D2H memcpy: 0.106464, int kernel: 3.806560, MPI comm: 4.726622, ext kernel: 0.179232
[177][DOT-2] dot_kernel: 0.151584, dot_final_reduce_kernel: 0.004640, D2H memcpy: 0.007392, MPI_Allreduce: 0.561070
[177][WAXPBY-2] waxpby_kernel: 0.242688
[177][WAXPBY-3] waxpby_kernel: 0.232032
[178][DOT-1] dot_kernel: 0.100416, dot_final_reduce_kernel: 0.004512, D2H memcpy: 0.008160, MPI_Allreduce: 0.013450
[178][WAXPBY-1] waxpby_kernel: 0.243328
[178][MATVEC] copyElementsToBuffer: 3.764192, D2H memcpy: 0.088256, int kernel: 3.795008, MPI comm: 4.768229, ext kernel: 0.180864
[178][DOT-2] dot_kernel: 0.151232, dot_final_reduce_kernel: 0.004384, D2H memcpy: 0.002400, MPI_Allreduce: 0.470654
[178][WAXPBY-2] waxpby_kernel: 0.244960
[178][WAXPBY-3] waxpby_kernel: 0.232256
[179][DOT-1] dot_kernel: 0.101888, dot_final_reduce_kernel: 0.004416, D2H memcpy: 0.008416, MPI_Allreduce: 0.014976
[179][WAXPBY-1] waxpby_kernel: 0.246048
[179][MATVEC] copyElementsToBuffer: 3.769408, D2H memcpy: 0.098176, int kernel: 3.814816, MPI comm: 4.678948, ext kernel: 0.178944
[179][DOT-2] dot_kernel: 0.150560, dot_final_reduce_kernel: 0.004416, D2H memcpy: 0.008992, MPI_Allreduce: 0.570258
[179][WAXPBY-2] waxpby_kernel: 0.245312
[179][WAXPBY-3] waxpby_kernel: 0.232032
Iteration = 180   Residual = 0.176516
[180][DOT-1] dot_kernel: 0.101056, dot_final_reduce_kernel: 0.004416, D2H memcpy: 0.002336, MPI_Allreduce: 0.014984
[180][WAXPBY-1] waxpby_kernel: 0.246528
[180][MATVEC] copyElementsToBuffer: 3.771488, D2H memcpy: 0.120096, int kernel: 3.835104, MPI comm: 4.704306, ext kernel: 0.174688
[180][DOT-2] dot_kernel: 0.151200, dot_final_reduce_kernel: 0.004480, D2H memcpy: 0.008256, MPI_Allreduce: 0.562278
[180][WAXPBY-2] waxpby_kernel: 0.245248
[180][WAXPBY-3] waxpby_kernel: 0.231808
[181][DOT-1] dot_kernel: 0.102656, dot_final_reduce_kernel: 0.004448, D2H memcpy: 0.003968, MPI_Allreduce: 0.015453
[181][WAXPBY-1] waxpby_kernel: 0.244384
[181][MATVEC] copyElementsToBuffer: 3.776096, D2H memcpy: 0.115104, int kernel: 3.810368, MPI comm: 4.668948, ext kernel: 0.177216
[181][DOT-2] dot_kernel: 0.150880, dot_final_reduce_kernel: 0.004416, D2H memcpy: 0.009184, MPI_Allreduce: 0.616826
[181][WAXPBY-2] waxpby_kernel: 0.244768
[181][WAXPBY-3] waxpby_kernel: 0.230912
[182][DOT-1] dot_kernel: 0.102464, dot_final_reduce_kernel: 0.004512, D2H memcpy: 0.005344, MPI_Allreduce: 0.015231
[182][WAXPBY-1] waxpby_kernel: 0.246816
[182][MATVEC] copyElementsToBuffer: 3.776032, D2H memcpy: 0.133984, int kernel: 3.814880, MPI comm: 4.800281, ext kernel: 0.176864
[182][DOT-2] dot_kernel: 0.150848, dot_final_reduce_kernel: 0.004448, D2H memcpy: 0.006656, MPI_Allreduce: 0.490669
[182][WAXPBY-2] waxpby_kernel: 0.245728
[182][WAXPBY-3] waxpby_kernel: 0.231872
[183][DOT-1] dot_kernel: 0.098688, dot_final_reduce_kernel: 0.004448, D2H memcpy: 0.003872, MPI_Allreduce: 0.020864
[183][WAXPBY-1] waxpby_kernel: 0.246624
[183][MATVEC] copyElementsToBuffer: 3.769600, D2H memcpy: 0.092128, int kernel: 3.812064, MPI comm: 4.775014, ext kernel: 0.178848
[183][DOT-2] dot_kernel: 0.150528, dot_final_reduce_kernel: 0.004384, D2H memcpy: 0.009728, MPI_Allreduce: 0.441888
[183][WAXPBY-2] waxpby_kernel: 0.246208
[183][WAXPBY-3] waxpby_kernel: 0.231904
[184][DOT-1] dot_kernel: 0.102656, dot_final_reduce_kernel: 0.004448, D2H memcpy: 0.004288, MPI_Allreduce: 0.017151
[184][WAXPBY-1] waxpby_kernel: 0.246880
[184][MATVEC] copyElementsToBuffer: 3.765376, D2H memcpy: 0.105152, int kernel: 3.812160, MPI comm: 4.679024, ext kernel: 0.176416
[184][DOT-2] dot_kernel: 0.151424, dot_final_reduce_kernel: 0.004480, D2H memcpy: 0.009216, MPI_Allreduce: 0.600260
[184][WAXPBY-2] waxpby_kernel: 0.243968
[184][WAXPBY-3] waxpby_kernel: 0.231520
[185][DOT-1] dot_kernel: 0.102208, dot_final_reduce_kernel: 0.004448, D2H memcpy: 0.002400, MPI_Allreduce: 0.015394
[185][WAXPBY-1] waxpby_kernel: 0.248160
[185][MATVEC] copyElementsToBuffer: 3.765984, D2H memcpy: 0.114240, int kernel: 3.811936, MPI comm: 4.714636, ext kernel: 0.179200
[185][DOT-2] dot_kernel: 0.150848, dot_final_reduce_kernel: 0.004384, D2H memcpy: 0.002400, MPI_Allreduce: 0.548048
[185][WAXPBY-2] waxpby_kernel: 0.244064
[185][WAXPBY-3] waxpby_kernel: 0.231520
[186][DOT-1] dot_kernel: 0.101984, dot_final_reduce_kernel: 0.004480, D2H memcpy: 0.007296, MPI_Allreduce: 0.019634
[186][WAXPBY-1] waxpby_kernel: 0.244288
[186][MATVEC] copyElementsToBuffer: 3.777632, D2H memcpy: 0.102432, int kernel: 3.809632, MPI comm: 4.675913, ext kernel: 0.180896
[186][DOT-2] dot_kernel: 0.150688, dot_final_reduce_kernel: 0.004416, D2H memcpy: 0.007872, MPI_Allreduce: 0.594492
[186][WAXPBY-2] waxpby_kernel: 0.245056
[186][WAXPBY-3] waxpby_kernel: 0.232096
[187][DOT-1] dot_kernel: 0.099680, dot_final_reduce_kernel: 0.004416, D2H memcpy: 0.008256, MPI_Allreduce: 0.012611
[187][WAXPBY-1] waxpby_kernel: 0.245376
[187][MATVEC] copyElementsToBuffer: 3.774784, D2H memcpy: 0.117184, int kernel: 3.814368, MPI comm: 4.769694, ext kernel: 0.176960
[187][DOT-2] dot_kernel: 0.150528, dot_final_reduce_kernel: 0.004384, D2H memcpy: 0.002400, MPI_Allreduce: 0.527248
[187][WAXPBY-2] waxpby_kernel: 0.245504
[187][WAXPBY-3] waxpby_kernel: 0.232448
[188][DOT-1] dot_kernel: 0.098592, dot_final_reduce_kernel: 0.004448, D2H memcpy: 0.001792, MPI_Allreduce: 0.015640
[188][WAXPBY-1] waxpby_kernel: 0.245536
[188][MATVEC] copyElementsToBuffer: 3.766176, D2H memcpy: 0.114272, int kernel: 3.804832, MPI comm: 4.747598, ext kernel: 0.180064
[188][DOT-2] dot_kernel: 0.151552, dot_final_reduce_kernel: 0.004512, D2H memcpy: 0.007264, MPI_Allreduce: 0.535224
[188][WAXPBY-2] waxpby_kernel: 0.246528
[188][WAXPBY-3] waxpby_kernel: 0.232160
[189][DOT-1] dot_kernel: 0.098464, dot_final_reduce_kernel: 0.004480, D2H memcpy: 0.005536, MPI_Allreduce: 0.015468
[189][WAXPBY-1] waxpby_kernel: 0.244864
[189][MATVEC] copyElementsToBuffer: 3.768128, D2H memcpy: 0.122272, int kernel: 3.794848, MPI comm: 4.811910, ext kernel: 0.177024
[189][DOT-2] dot_kernel: 0.150560, dot_final_reduce_kernel: 0.004480, D2H memcpy: 0.005152, MPI_Allreduce: 0.470168
[189][WAXPBY-2] waxpby_kernel: 0.245824
[189][WAXPBY-3] waxpby_kernel: 0.231584
[190][DOT-1] dot_kernel: 0.099680, dot_final_reduce_kernel: 0.004512, D2H memcpy: 0.008000, MPI_Allreduce: 0.015128
[190][WAXPBY-1] waxpby_kernel: 0.245248
[190][MATVEC] copyElementsToBuffer: 3.764928, D2H memcpy: 0.119168, int kernel: 3.801632, MPI comm: 4.692403, ext kernel: 0.179296
[190][DOT-2] dot_kernel: 0.150816, dot_final_reduce_kernel: 0.004384, D2H memcpy: 0.002496, MPI_Allreduce: 0.589956
[190][WAXPBY-2] waxpby_kernel: 0.245536
[190][WAXPBY-3] waxpby_kernel: 0.231872
[191][DOT-1] dot_kernel: 0.097760, dot_final_reduce_kernel: 0.004640, D2H memcpy: 0.009120, MPI_Allreduce: 0.015529
[191][WAXPBY-1] waxpby_kernel: 0.244992
[191][MATVEC] copyElementsToBuffer: 3.775168, D2H memcpy: 0.109632, int kernel: 3.807200, MPI comm: 4.768422, ext kernel: 0.178144
[191][DOT-2] dot_kernel: 0.150784, dot_final_reduce_kernel: 0.004448, D2H memcpy: 0.003936, MPI_Allreduce: 0.522975
[191][WAXPBY-2] waxpby_kernel: 0.245472
[191][WAXPBY-3] waxpby_kernel: 0.231744
[192][DOT-1] dot_kernel: 0.098336, dot_final_reduce_kernel: 0.004416, D2H memcpy: 0.005888, MPI_Allreduce: 0.014927
[192][WAXPBY-1] waxpby_kernel: 0.244256
[192][MATVEC] copyElementsToBuffer: 3.765632, D2H memcpy: 0.106176, int kernel: 3.800544, MPI comm: 4.742398, ext kernel: 0.179904
[192][DOT-2] dot_kernel: 0.150848, dot_final_reduce_kernel: 0.004480, D2H memcpy: 0.009696, MPI_Allreduce: 0.533249
[192][WAXPBY-2] waxpby_kernel: 0.245568
[192][WAXPBY-3] waxpby_kernel: 0.231584
[193][DOT-1] dot_kernel: 0.097440, dot_final_reduce_kernel: 0.004448, D2H memcpy: 0.006432, MPI_Allreduce: 0.015464
[193][WAXPBY-1] waxpby_kernel: 0.246304
[193][MATVEC] copyElementsToBuffer: 3.771488, D2H memcpy: 0.113536, int kernel: 3.806080, MPI comm: 4.729715, ext kernel: 0.178688
[193][DOT-2] dot_kernel: 0.151168, dot_final_reduce_kernel: 0.004384, D2H memcpy: 0.002816, MPI_Allreduce: 0.563209
[193][WAXPBY-2] waxpby_kernel: 0.243392
[193][WAXPBY-3] waxpby_kernel: 0.232256
[194][DOT-1] dot_kernel: 0.100352, dot_final_reduce_kernel: 0.004512, D2H memcpy: 0.007296, MPI_Allreduce: 0.014408
[194][WAXPBY-1] waxpby_kernel: 0.244992
[194][MATVEC] copyElementsToBuffer: 3.773472, D2H memcpy: 0.122624, int kernel: 3.801888, MPI comm: 4.705914, ext kernel: 0.180096
[194][DOT-2] dot_kernel: 0.151008, dot_final_reduce_kernel: 0.004416, D2H memcpy: 0.007840, MPI_Allreduce: 0.573914
[194][WAXPBY-2] waxpby_kernel: 0.245888
[194][WAXPBY-3] waxpby_kernel: 0.231744
[195][DOT-1] dot_kernel: 0.097952, dot_final_reduce_kernel: 0.004448, D2H memcpy: 0.001664, MPI_Allreduce: 0.017042
[195][WAXPBY-1] waxpby_kernel: 0.245600
[195][MATVEC] copyElementsToBuffer: 3.770720, D2H memcpy: 0.122784, int kernel: 3.803040, MPI comm: 4.745154, ext kernel: 0.178688
[195][DOT-2] dot_kernel: 0.150560, dot_final_reduce_kernel: 0.004416, D2H memcpy: 0.002368, MPI_Allreduce: 0.544534
[195][WAXPBY-2] waxpby_kernel: 0.244480
[195][WAXPBY-3] waxpby_kernel: 0.231584
[196][DOT-1] dot_kernel: 0.097824, dot_final_reduce_kernel: 0.004448, D2H memcpy: 0.001696, MPI_Allreduce: 0.019997
[196][WAXPBY-1] waxpby_kernel: 0.245632
[196][MATVEC] copyElementsToBuffer: 3.770784, D2H memcpy: 0.083264, int kernel: 3.800512, MPI comm: 4.771382, ext kernel: 0.179136
[196][DOT-2] dot_kernel: 0.151296, dot_final_reduce_kernel: 0.004448, D2H memcpy: 0.004736, MPI_Allreduce: 0.508241
[196][WAXPBY-2] waxpby_kernel: 0.244704
[196][WAXPBY-3] waxpby_kernel: 0.231712
[197][DOT-1] dot_kernel: 0.098912, dot_final_reduce_kernel: 0.004448, D2H memcpy: 0.008512, MPI_Allreduce: 0.015796
[197][WAXPBY-1] waxpby_kernel: 0.244032
[197][MATVEC] copyElementsToBuffer: 3.767040, D2H memcpy: 0.071456, int kernel: 3.791872, MPI comm: 4.681276, ext kernel: 0.175552
[197][DOT-2] dot_kernel: 0.150656, dot_final_reduce_kernel: 0.004384, D2H memcpy: 0.006464, MPI_Allreduce: 0.339732
[197][WAXPBY-2] waxpby_kernel: 0.245472
[197][WAXPBY-3] waxpby_kernel: 0.232192
[198][DOT-1] dot_kernel: 0.102176, dot_final_reduce_kernel: 0.004480, D2H memcpy: 0.006944, MPI_Allreduce: 0.013999
[198][WAXPBY-1] waxpby_kernel: 0.245984
[198][MATVEC] copyElementsToBuffer: 3.765504, D2H memcpy: 0.113280, int kernel: 3.810240, MPI comm: 4.681705, ext kernel: 0.177632
[198][DOT-2] dot_kernel: 0.150784, dot_final_reduce_kernel: 0.004384, D2H memcpy: 0.002432, MPI_Allreduce: 0.600611
[198][WAXPBY-2] waxpby_kernel: 0.246752
[198][WAXPBY-3] waxpby_kernel: 0.231680
[199][DOT-1] dot_kernel: 0.100128, dot_final_reduce_kernel: 0.004448, D2H memcpy: 0.003872, MPI_Allreduce: 0.014972
[199][WAXPBY-1] waxpby_kernel: 0.246016
[199][MATVEC] copyElementsToBuffer: 3.773728, D2H memcpy: 0.111040, int kernel: 3.811552, MPI comm: 4.764945, ext kernel: 0.177280
[199][DOT-2] dot_kernel: 0.150624, dot_final_reduce_kernel: 0.004384, D2H memcpy: 0.009568, MPI_Allreduce: 0.255831
[199][WAXPBY-2] waxpby_kernel: 0.247104
[199][WAXPBY-3] waxpby_kernel: 0.231776
Iteration = 200   Residual = 0.159541
[200][DOT-1] dot_kernel: 0.102656, dot_final_reduce_kernel: 0.004448, D2H memcpy: 0.001792, MPI_Allreduce: 0.017335
[200][WAXPBY-1] waxpby_kernel: 0.245888
[200][MATVEC] copyElementsToBuffer: 3.772576, D2H memcpy: 0.119104, int kernel: 3.805344, MPI comm: 4.673871, ext kernel: 0.175840
[200][DOT-2] dot_kernel: 0.150624, dot_final_reduce_kernel: 0.004480, D2H memcpy: 0.007104, MPI_Allreduce: 0.525086
[200][WAXPBY-2] waxpby_kernel: 0.243296
[200][WAXPBY-3] waxpby_kernel: 0.231840
!!! [DOT-1] dot_kernel: 20.130144/0.101157, dot_final_reduce_kernel: 0.894560/0.004495, D2H memcpy: 1.163168/0.005845, MPI_Allreduce: 6.326923/0.031794
!!! [WAXPBY-1] waxpby_kernel: 48.858208/0.245519
!!! [MATVEC] copyElementsToBuffer: 750.349856/3.770602, D2H memcpy: 26.765248/0.134499, int kernel: 757.532032/3.806694, MPI comm: 963.566900/4.842045, ext kernel: 35.476800/0.178275
!!! [DOT-2] dot_kernel: 30.008128/0.150795, dot_final_reduce_kernel: 0.892320/0.004484, D2H memcpy: 1.225952/0.006161, MPI_Allreduce: 113.639548/0.571053
!!! [WAXPBY-2] waxpby_kernel: 48.721184/0.244830
!!! [WAXPBY-3] waxpby_kernel: 46.103200/0.231674
Final Resid Norm: 0.159541
