Mapped MPI rank 0 to device 0
 OMP_NUM_THREADS=4
      creating/filling mesh...0.468411s, total time: 0.468411
generating matrix structure...0.415898s, total time: 0.884309
         assembling FE data...Mapped MPI rank 0 to device 0
0.162859s, total time: 1.04717
      imposing Dirichlet BC...0.016943s, total time: 1.06411
      imposing Dirichlet BC...5.96046e-06s, total time: 1.06412
making matrix indices local...Mapped MPI rank 1 to device 1
Mapped MPI rank 2 to device 2
Mapped MPI rank 1 to device 1
Mapped MPI rank 2 to device 2
Mapped MPI rank 3 to device 3
Mapped MPI rank 3 to device 3
0.080518s, total time: 1.14464
Starting CG solver ... 
Initial Residual = 283.917
[2][DOT-1] dot_kernel: 0.102144, dot_final_reduce_kernel: 0.004704, D2H memcpy: 0.008256, MPI_Allreduce: 0.030942
[2][WAXPBY-1] waxpby_kernel: 0.242336
[2][MATVEC] copyElementsToBuffer: 3.542656, D2H memcpy: 0.028672, int kernel: 3.572320, MPI comm: 4.026217, ext kernel: 0.169952
[2][DOT-2] dot_kernel: 0.151328, dot_final_reduce_kernel: 0.004608, D2H memcpy: 0.008480, MPI_Allreduce: 0.153132
[2][WAXPBY-2] waxpby_kernel: 0.245408
[2][WAXPBY-3] waxpby_kernel: 0.230816
[3][DOT-1] dot_kernel: 0.101216, dot_final_reduce_kernel: 0.004672, D2H memcpy: 0.001952, MPI_Allreduce: 0.009921
[3][WAXPBY-1] waxpby_kernel: 0.245088
[3][MATVEC] copyElementsToBuffer: 3.543520, D2H memcpy: 0.034528, int kernel: 3.570496, MPI comm: 4.030425, ext kernel: 0.167328
[3][DOT-2] dot_kernel: 0.151168, dot_final_reduce_kernel: 0.004640, D2H memcpy: 0.010432, MPI_Allreduce: 0.161868
[3][WAXPBY-2] waxpby_kernel: 0.243584
[3][WAXPBY-3] waxpby_kernel: 0.231104
[4][DOT-1] dot_kernel: 0.103360, dot_final_reduce_kernel: 0.004640, D2H memcpy: 0.006176, MPI_Allreduce: 0.008500
[4][WAXPBY-1] waxpby_kernel: 0.247104
[4][MATVEC] copyElementsToBuffer: 3.549504, D2H memcpy: 0.034528, int kernel: 3.568992, MPI comm: 4.008773, ext kernel: 0.169632
[4][DOT-2] dot_kernel: 0.150656, dot_final_reduce_kernel: 0.004672, D2H memcpy: 0.003296, MPI_Allreduce: 0.163205
[4][WAXPBY-2] waxpby_kernel: 0.245152
[4][WAXPBY-3] waxpby_kernel: 0.231232
[5][DOT-1] dot_kernel: 0.102240, dot_final_reduce_kernel: 0.004640, D2H memcpy: 0.007584, MPI_Allreduce: 0.009093
[5][WAXPBY-1] waxpby_kernel: 0.244160
[5][MATVEC] copyElementsToBuffer: 3.549664, D2H memcpy: 0.035872, int kernel: 3.575424, MPI comm: 4.037574, ext kernel: 0.167104
[5][DOT-2] dot_kernel: 0.150720, dot_final_reduce_kernel: 0.004608, D2H memcpy: 0.009408, MPI_Allreduce: 0.153177
[5][WAXPBY-2] waxpby_kernel: 0.244736
[5][WAXPBY-3] waxpby_kernel: 0.231040
[6][DOT-1] dot_kernel: 0.104160, dot_final_reduce_kernel: 0.004704, D2H memcpy: 0.006752, MPI_Allreduce: 0.013059
[6][WAXPBY-1] waxpby_kernel: 0.245568
[6][MATVEC] copyElementsToBuffer: 3.541536, D2H memcpy: 0.029248, int kernel: 3.571680, MPI comm: 4.044144, ext kernel: 0.165600
[6][DOT-2] dot_kernel: 0.151264, dot_final_reduce_kernel: 0.004608, D2H memcpy: 0.009536, MPI_Allreduce: 0.134426
[6][WAXPBY-2] waxpby_kernel: 0.244256
[6][WAXPBY-3] waxpby_kernel: 0.231296
[7][DOT-1] dot_kernel: 0.099616, dot_final_reduce_kernel: 0.004672, D2H memcpy: 0.009472, MPI_Allreduce: 0.009273
[7][WAXPBY-1] waxpby_kernel: 0.244640
[7][MATVEC] copyElementsToBuffer: 3.548320, D2H memcpy: 0.036608, int kernel: 3.569536, MPI comm: 4.026229, ext kernel: 0.167808
[7][DOT-2] dot_kernel: 0.151520, dot_final_reduce_kernel: 0.004640, D2H memcpy: 0.006752, MPI_Allreduce: 0.135262
[7][WAXPBY-2] waxpby_kernel: 0.245664
[7][WAXPBY-3] waxpby_kernel: 0.231232
[8][DOT-1] dot_kernel: 0.099328, dot_final_reduce_kernel: 0.004640, D2H memcpy: 0.004480, MPI_Allreduce: 0.009492
[8][WAXPBY-1] waxpby_kernel: 0.243744
[8][MATVEC] copyElementsToBuffer: 3.548512, D2H memcpy: 0.030816, int kernel: 3.567232, MPI comm: 4.025420, ext kernel: 0.168192
[8][DOT-2] dot_kernel: 0.150976, dot_final_reduce_kernel: 0.004672, D2H memcpy: 0.002432, MPI_Allreduce: 0.181342
[8][WAXPBY-2] waxpby_kernel: 0.245024
[8][WAXPBY-3] waxpby_kernel: 0.231296
[9][DOT-1] dot_kernel: 0.100640, dot_final_reduce_kernel: 0.004640, D2H memcpy: 0.007200, MPI_Allreduce: 0.008980
[9][WAXPBY-1] waxpby_kernel: 0.247136
[9][MATVEC] copyElementsToBuffer: 3.550304, D2H memcpy: 0.034880, int kernel: 3.573216, MPI comm: 4.021209, ext kernel: 0.168064
[9][DOT-2] dot_kernel: 0.151232, dot_final_reduce_kernel: 0.004640, D2H memcpy: 0.008032, MPI_Allreduce: 0.183276
[9][WAXPBY-2] waxpby_kernel: 0.242624
[9][WAXPBY-3] waxpby_kernel: 0.231040
[10][DOT-1] dot_kernel: 0.103232, dot_final_reduce_kernel: 0.004704, D2H memcpy: 0.003488, MPI_Allreduce: 0.010708
[10][WAXPBY-1] waxpby_kernel: 0.245248
[10][MATVEC] copyElementsToBuffer: 3.550144, D2H memcpy: 0.031776, int kernel: 3.570208, MPI comm: 4.039751, ext kernel: 0.168288
[10][DOT-2] dot_kernel: 0.151296, dot_final_reduce_kernel: 0.004640, D2H memcpy: 0.006976, MPI_Allreduce: 0.135885
[10][WAXPBY-2] waxpby_kernel: 0.241600
[10][WAXPBY-3] waxpby_kernel: 0.230912
[11][DOT-1] dot_kernel: 0.101696, dot_final_reduce_kernel: 0.004640, D2H memcpy: 0.006624, MPI_Allreduce: 0.411610
[11][WAXPBY-1] waxpby_kernel: 0.244864
[11][MATVEC] copyElementsToBuffer: 3.544704, D2H memcpy: 0.032928, int kernel: 3.571264, MPI comm: 4.442266, ext kernel: 0.166560
[11][DOT-2] dot_kernel: 0.151232, dot_final_reduce_kernel: 0.004608, D2H memcpy: 0.006624, MPI_Allreduce: 0.197217
[11][WAXPBY-2] waxpby_kernel: 0.243072
[11][WAXPBY-3] waxpby_kernel: 0.231328
[12][DOT-1] dot_kernel: 0.102624, dot_final_reduce_kernel: 0.004736, D2H memcpy: 0.005344, MPI_Allreduce: 0.007475
[12][WAXPBY-1] waxpby_kernel: 0.242752
[12][MATVEC] copyElementsToBuffer: 3.547008, D2H memcpy: 0.033504, int kernel: 3.567584, MPI comm: 4.058659, ext kernel: 0.167296
[12][DOT-2] dot_kernel: 0.151520, dot_final_reduce_kernel: 0.004672, D2H memcpy: 0.004800, MPI_Allreduce: 0.165849
[12][WAXPBY-2] waxpby_kernel: 0.243584
[12][WAXPBY-3] waxpby_kernel: 0.230976
[13][DOT-1] dot_kernel: 0.103328, dot_final_reduce_kernel: 0.004672, D2H memcpy: 0.007584, MPI_Allreduce: 0.008669
[13][WAXPBY-1] waxpby_kernel: 0.242752
[13][MATVEC] copyElementsToBuffer: 3.543456, D2H memcpy: 0.031552, int kernel: 3.569088, MPI comm: 4.035857, ext kernel: 0.164800
[13][DOT-2] dot_kernel: 0.150912, dot_final_reduce_kernel: 0.004608, D2H memcpy: 0.004608, MPI_Allreduce: 0.138871
[13][WAXPBY-2] waxpby_kernel: 0.243104
[13][WAXPBY-3] waxpby_kernel: 0.230976
[14][DOT-1] dot_kernel: 0.103552, dot_final_reduce_kernel: 0.004704, D2H memcpy: 0.003584, MPI_Allreduce: 0.011619
[14][WAXPBY-1] waxpby_kernel: 0.244320
[14][MATVEC] copyElementsToBuffer: 3.543744, D2H memcpy: 0.030528, int kernel: 3.568288, MPI comm: 4.043780, ext kernel: 0.165024
[14][DOT-2] dot_kernel: 0.151008, dot_final_reduce_kernel: 0.004608, D2H memcpy: 0.008992, MPI_Allreduce: 0.128395
[14][WAXPBY-2] waxpby_kernel: 0.242496
[14][WAXPBY-3] waxpby_kernel: 0.231392
[15][DOT-1] dot_kernel: 0.103360, dot_final_reduce_kernel: 0.004640, D2H memcpy: 0.005312, MPI_Allreduce: 0.009127
[15][WAXPBY-1] waxpby_kernel: 0.242336
[15][MATVEC] copyElementsToBuffer: 3.546464, D2H memcpy: 0.035264, int kernel: 3.568352, MPI comm: 4.052673, ext kernel: 0.169504
[15][DOT-2] dot_kernel: 0.151104, dot_final_reduce_kernel: 0.004640, D2H memcpy: 0.003520, MPI_Allreduce: 0.143805
[15][WAXPBY-2] waxpby_kernel: 0.244416
[15][WAXPBY-3] waxpby_kernel: 0.231200
[16][DOT-1] dot_kernel: 0.099744, dot_final_reduce_kernel: 0.004640, D2H memcpy: 0.003104, MPI_Allreduce: 0.008711
[16][WAXPBY-1] waxpby_kernel: 0.243488
[16][MATVEC] copyElementsToBuffer: 3.548032, D2H memcpy: 0.031296, int kernel: 3.568640, MPI comm: 4.034130, ext kernel: 0.166912
[16][DOT-2] dot_kernel: 0.151424, dot_final_reduce_kernel: 0.004672, D2H memcpy: 0.002400, MPI_Allreduce: 0.167864
[16][WAXPBY-2] waxpby_kernel: 0.243936
[16][WAXPBY-3] waxpby_kernel: 0.230976
[17][DOT-1] dot_kernel: 0.105632, dot_final_reduce_kernel: 0.004640, D2H memcpy: 0.006240, MPI_Allreduce: 0.008083
[17][WAXPBY-1] waxpby_kernel: 0.244704
[17][MATVEC] copyElementsToBuffer: 3.548960, D2H memcpy: 0.029472, int kernel: 3.574496, MPI comm: 4.059588, ext kernel: 0.163232
[17][DOT-2] dot_kernel: 0.151040, dot_final_reduce_kernel: 0.004608, D2H memcpy: 0.007136, MPI_Allreduce: 0.132495
[17][WAXPBY-2] waxpby_kernel: 0.244736
[17][WAXPBY-3] waxpby_kernel: 0.231072
[18][DOT-1] dot_kernel: 0.103168, dot_final_reduce_kernel: 0.004704, D2H memcpy: 0.003552, MPI_Allreduce: 0.012080
[18][WAXPBY-1] waxpby_kernel: 0.241472
[18][MATVEC] copyElementsToBuffer: 3.551872, D2H memcpy: 0.029728, int kernel: 3.569632, MPI comm: 4.033966, ext kernel: 0.168736
[18][DOT-2] dot_kernel: 0.151424, dot_final_reduce_kernel: 0.004608, D2H memcpy: 0.002400, MPI_Allreduce: 0.160499
[18][WAXPBY-2] waxpby_kernel: 0.242624
[18][WAXPBY-3] waxpby_kernel: 0.230912
[19][DOT-1] dot_kernel: 0.103232, dot_final_reduce_kernel: 0.004640, D2H memcpy: 0.002976, MPI_Allreduce: 0.012633
[19][WAXPBY-1] waxpby_kernel: 0.243744
[19][MATVEC] copyElementsToBuffer: 3.553152, D2H memcpy: 0.029472, int kernel: 3.573024, MPI comm: 4.062481, ext kernel: 0.166336
[19][DOT-2] dot_kernel: 0.151360, dot_final_reduce_kernel: 0.004608, D2H memcpy: 0.008448, MPI_Allreduce: 0.118704
[19][WAXPBY-2] waxpby_kernel: 0.242784
[19][WAXPBY-3] waxpby_kernel: 0.231168
Iteration = 20   Residual = 0.475776
[20][DOT-1] dot_kernel: 0.105120, dot_final_reduce_kernel: 0.004640, D2H memcpy: 0.004096, MPI_Allreduce: 0.007727
[20][WAXPBY-1] waxpby_kernel: 0.245824
[20][MATVEC] copyElementsToBuffer: 3.545856, D2H memcpy: 0.036256, int kernel: 3.570784, MPI comm: 4.035261, ext kernel: 0.165152
[20][DOT-2] dot_kernel: 0.151776, dot_final_reduce_kernel: 0.004672, D2H memcpy: 0.005376, MPI_Allreduce: 0.134251
[20][WAXPBY-2] waxpby_kernel: 0.242848
[20][WAXPBY-3] waxpby_kernel: 0.230784
[21][DOT-1] dot_kernel: 0.101440, dot_final_reduce_kernel: 0.004640, D2H memcpy: 0.001888, MPI_Allreduce: 0.008421
[21][WAXPBY-1] waxpby_kernel: 0.245216
[21][MATVEC] copyElementsToBuffer: 3.550144, D2H memcpy: 0.029248, int kernel: 3.569888, MPI comm: 4.027967, ext kernel: 0.162752
[21][DOT-2] dot_kernel: 0.150976, dot_final_reduce_kernel: 0.004608, D2H memcpy: 0.009344, MPI_Allreduce: 0.168913
[21][WAXPBY-2] waxpby_kernel: 0.246400
[21][WAXPBY-3] waxpby_kernel: 0.231008
[22][DOT-1] dot_kernel: 0.103968, dot_final_reduce_kernel: 0.004672, D2H memcpy: 0.007776, MPI_Allreduce: 0.011863
[22][WAXPBY-1] waxpby_kernel: 0.245024
[22][MATVEC] copyElementsToBuffer: 3.551520, D2H memcpy: 0.030880, int kernel: 3.570880, MPI comm: 4.040812, ext kernel: 0.168352
[22][DOT-2] dot_kernel: 0.150976, dot_final_reduce_kernel: 0.004608, D2H memcpy: 0.008736, MPI_Allreduce: 0.131239
[22][WAXPBY-2] waxpby_kernel: 0.245248
[22][WAXPBY-3] waxpby_kernel: 0.231040
[23][DOT-1] dot_kernel: 0.100608, dot_final_reduce_kernel: 0.004672, D2H memcpy: 0.002240, MPI_Allreduce: 0.010033
[23][WAXPBY-1] waxpby_kernel: 0.246912
[23][MATVEC] copyElementsToBuffer: 3.550624, D2H memcpy: 0.032384, int kernel: 3.570240, MPI comm: 4.016855, ext kernel: 0.166528
[23][DOT-2] dot_kernel: 0.151072, dot_final_reduce_kernel: 0.004640, D2H memcpy: 0.008544, MPI_Allreduce: 0.145170
[23][WAXPBY-2] waxpby_kernel: 0.245664
[23][WAXPBY-3] waxpby_kernel: 0.231136
[24][DOT-1] dot_kernel: 0.102336, dot_final_reduce_kernel: 0.004640, D2H memcpy: 0.008096, MPI_Allreduce: 0.009572
[24][WAXPBY-1] waxpby_kernel: 0.245792
[24][MATVEC] copyElementsToBuffer: 3.550784, D2H memcpy: 0.036672, int kernel: 3.571872, MPI comm: 4.045543, ext kernel: 0.167264
[24][DOT-2] dot_kernel: 0.151200, dot_final_reduce_kernel: 0.004672, D2H memcpy: 0.004160, MPI_Allreduce: 0.144291
[24][WAXPBY-2] waxpby_kernel: 0.243552
[24][WAXPBY-3] waxpby_kernel: 0.231296
[25][DOT-1] dot_kernel: 0.101728, dot_final_reduce_kernel: 0.004640, D2H memcpy: 0.006720, MPI_Allreduce: 0.009224
[25][WAXPBY-1] waxpby_kernel: 0.243904
[25][MATVEC] copyElementsToBuffer: 3.553600, D2H memcpy: 0.036672, int kernel: 3.573856, MPI comm: 4.024639, ext kernel: 0.166688
[25][DOT-2] dot_kernel: 0.150848, dot_final_reduce_kernel: 0.004416, D2H memcpy: 0.008864, MPI_Allreduce: 0.191523
[25][WAXPBY-2] waxpby_kernel: 0.245536
[25][WAXPBY-3] waxpby_kernel: 0.231680
[26][DOT-1] dot_kernel: 0.098496, dot_final_reduce_kernel: 0.004512, D2H memcpy: 0.008352, MPI_Allreduce: 0.011210
[26][WAXPBY-1] waxpby_kernel: 0.245376
[26][MATVEC] copyElementsToBuffer: 3.544640, D2H memcpy: 0.028288, int kernel: 3.571104, MPI comm: 4.014173, ext kernel: 0.166368
[26][DOT-2] dot_kernel: 0.150496, dot_final_reduce_kernel: 0.004544, D2H memcpy: 0.003008, MPI_Allreduce: 0.181719
[26][WAXPBY-2] waxpby_kernel: 0.244384
[26][WAXPBY-3] waxpby_kernel: 0.231584
[27][DOT-1] dot_kernel: 0.101408, dot_final_reduce_kernel: 0.004448, D2H memcpy: 0.004704, MPI_Allreduce: 0.007904
[27][WAXPBY-1] waxpby_kernel: 0.247072
[27][MATVEC] copyElementsToBuffer: 3.552096, D2H memcpy: 0.031168, int kernel: 3.570240, MPI comm: 4.028053, ext kernel: 0.165344
[27][DOT-2] dot_kernel: 0.150912, dot_final_reduce_kernel: 0.004416, D2H memcpy: 0.002912, MPI_Allreduce: 0.159679
[27][WAXPBY-2] waxpby_kernel: 0.243424
[27][WAXPBY-3] waxpby_kernel: 0.231616
[28][DOT-1] dot_kernel: 0.102272, dot_final_reduce_kernel: 0.004416, D2H memcpy: 0.006400, MPI_Allreduce: 0.008691
[28][WAXPBY-1] waxpby_kernel: 0.245792
[28][MATVEC] copyElementsToBuffer: 3.549920, D2H memcpy: 0.030752, int kernel: 3.573600, MPI comm: 4.077597, ext kernel: 0.165376
[28][DOT-2] dot_kernel: 0.151072, dot_final_reduce_kernel: 0.004448, D2H memcpy: 0.004640, MPI_Allreduce: 0.130973
[28][WAXPBY-2] waxpby_kernel: 0.244576
[28][WAXPBY-3] waxpby_kernel: 0.232000
[29][DOT-1] dot_kernel: 0.101312, dot_final_reduce_kernel: 0.004640, D2H memcpy: 0.002368, MPI_Allreduce: 0.008461
[29][WAXPBY-1] waxpby_kernel: 0.244768
[29][MATVEC] copyElementsToBuffer: 3.548224, D2H memcpy: 0.029088, int kernel: 3.571136, MPI comm: 4.049065, ext kernel: 0.165152
[29][DOT-2] dot_kernel: 0.150880, dot_final_reduce_kernel: 0.004640, D2H memcpy: 0.007424, MPI_Allreduce: 0.137048
[29][WAXPBY-2] waxpby_kernel: 0.242784
[29][WAXPBY-3] waxpby_kernel: 0.232064
[30][DOT-1] dot_kernel: 0.099424, dot_final_reduce_kernel: 0.004512, D2H memcpy: 0.006816, MPI_Allreduce: 0.015564
[30][WAXPBY-1] waxpby_kernel: 0.244704
[30][MATVEC] copyElementsToBuffer: 3.556384, D2H memcpy: 0.032992, int kernel: 3.575232, MPI comm: 4.045472, ext kernel: 0.162624
[30][DOT-2] dot_kernel: 0.150240, dot_final_reduce_kernel: 0.004608, D2H memcpy: 0.002400, MPI_Allreduce: 0.139592
[30][WAXPBY-2] waxpby_kernel: 0.243680
[30][WAXPBY-3] waxpby_kernel: 0.231744
[31][DOT-1] dot_kernel: 0.102048, dot_final_reduce_kernel: 0.004448, D2H memcpy: 0.008000, MPI_Allreduce: 0.010945
[31][WAXPBY-1] waxpby_kernel: 0.246112
[31][MATVEC] copyElementsToBuffer: 3.551072, D2H memcpy: 0.027968, int kernel: 3.571232, MPI comm: 4.043769, ext kernel: 0.164832
[31][DOT-2] dot_kernel: 0.152064, dot_final_reduce_kernel: 0.004416, D2H memcpy: 0.007520, MPI_Allreduce: 0.162404
[31][WAXPBY-2] waxpby_kernel: 0.244832
[31][WAXPBY-3] waxpby_kernel: 0.231680
[32][DOT-1] dot_kernel: 0.102848, dot_final_reduce_kernel: 0.004448, D2H memcpy: 0.006080, MPI_Allreduce: 0.007074
[32][WAXPBY-1] waxpby_kernel: 0.244192
[32][MATVEC] copyElementsToBuffer: 3.550784, D2H memcpy: 0.029472, int kernel: 3.575744, MPI comm: 4.023080, ext kernel: 0.167072
[32][DOT-2] dot_kernel: 0.151456, dot_final_reduce_kernel: 0.004512, D2H memcpy: 0.002432, MPI_Allreduce: 0.155340
[32][WAXPBY-2] waxpby_kernel: 0.248512
[32][WAXPBY-3] waxpby_kernel: 0.231520
[33][DOT-1] dot_kernel: 0.100064, dot_final_reduce_kernel: 0.004448, D2H memcpy: 0.019616, MPI_Allreduce: 0.009687
[33][WAXPBY-1] waxpby_kernel: 0.243648
[33][MATVEC] copyElementsToBuffer: 3.550016, D2H memcpy: 0.034752, int kernel: 3.571936, MPI comm: 4.020598, ext kernel: 0.165312
[33][DOT-2] dot_kernel: 0.151424, dot_final_reduce_kernel: 0.004608, D2H memcpy: 0.008736, MPI_Allreduce: 0.147970
[33][WAXPBY-2] waxpby_kernel: 0.243424
[33][WAXPBY-3] waxpby_kernel: 0.231616
[34][DOT-1] dot_kernel: 0.100640, dot_final_reduce_kernel: 0.004512, D2H memcpy: 0.001696, MPI_Allreduce: 0.015566
[34][WAXPBY-1] waxpby_kernel: 0.243424
[34][MATVEC] copyElementsToBuffer: 3.545536, D2H memcpy: 0.030464, int kernel: 3.569504, MPI comm: 4.029681, ext kernel: 0.167648
[34][DOT-2] dot_kernel: 0.150912, dot_final_reduce_kernel: 0.004416, D2H memcpy: 0.005760, MPI_Allreduce: 0.166219
[34][WAXPBY-2] waxpby_kernel: 0.243520
[34][WAXPBY-3] waxpby_kernel: 0.231424
[35][DOT-1] dot_kernel: 0.100096, dot_final_reduce_kernel: 0.004416, D2H memcpy: 0.007936, MPI_Allreduce: 0.008368
[35][WAXPBY-1] waxpby_kernel: 0.246176
[35][MATVEC] copyElementsToBuffer: 3.545248, D2H memcpy: 0.034656, int kernel: 3.572128, MPI comm: 4.050542, ext kernel: 0.165632
[35][DOT-2] dot_kernel: 0.151040, dot_final_reduce_kernel: 0.004416, D2H memcpy: 0.004640, MPI_Allreduce: 0.129173
[35][WAXPBY-2] waxpby_kernel: 0.245888
[35][WAXPBY-3] waxpby_kernel: 0.231968
[36][DOT-1] dot_kernel: 0.101184, dot_final_reduce_kernel: 0.004416, D2H memcpy: 0.007712, MPI_Allreduce: 0.009275
[36][WAXPBY-1] waxpby_kernel: 0.245632
[36][MATVEC] copyElementsToBuffer: 3.556224, D2H memcpy: 0.031488, int kernel: 3.574144, MPI comm: 4.044431, ext kernel: 0.165664
[36][DOT-2] dot_kernel: 0.151072, dot_final_reduce_kernel: 0.004480, D2H memcpy: 0.006880, MPI_Allreduce: 0.145207
[36][WAXPBY-2] waxpby_kernel: 0.243968
[36][WAXPBY-3] waxpby_kernel: 0.231392
[37][DOT-1] dot_kernel: 0.099968, dot_final_reduce_kernel: 0.004448, D2H memcpy: 0.002272, MPI_Allreduce: 0.008088
[37][WAXPBY-1] waxpby_kernel: 0.244096
[37][MATVEC] copyElementsToBuffer: 3.544768, D2H memcpy: 0.028480, int kernel: 3.573440, MPI comm: 4.028295, ext kernel: 0.167840
[37][DOT-2] dot_kernel: 0.150368, dot_final_reduce_kernel: 0.004640, D2H memcpy: 0.005024, MPI_Allreduce: 0.152607
[37][WAXPBY-2] waxpby_kernel: 0.243008
[37][WAXPBY-3] waxpby_kernel: 0.231936
[38][DOT-1] dot_kernel: 0.099904, dot_final_reduce_kernel: 0.004480, D2H memcpy: 0.006080, MPI_Allreduce: 0.010531
[38][WAXPBY-1] waxpby_kernel: 0.244896
[38][MATVEC] copyElementsToBuffer: 3.554976, D2H memcpy: 0.031712, int kernel: 3.576384, MPI comm: 4.023035, ext kernel: 0.167648
[38][DOT-2] dot_kernel: 0.151168, dot_final_reduce_kernel: 0.004416, D2H memcpy: 0.005440, MPI_Allreduce: 0.149422
[38][WAXPBY-2] waxpby_kernel: 0.243040
[38][WAXPBY-3] waxpby_kernel: 0.231616
[39][DOT-1] dot_kernel: 0.098368, dot_final_reduce_kernel: 0.004416, D2H memcpy: 0.006464, MPI_Allreduce: 0.008853
[39][WAXPBY-1] waxpby_kernel: 0.245472
[39][MATVEC] copyElementsToBuffer: 3.549216, D2H memcpy: 0.036096, int kernel: 3.576800, MPI comm: 4.051431, ext kernel: 0.163424
[39][DOT-2] dot_kernel: 0.150848, dot_final_reduce_kernel: 0.004416, D2H memcpy: 0.002368, MPI_Allreduce: 0.123931
[39][WAXPBY-2] waxpby_kernel: 0.243904
[39][WAXPBY-3] waxpby_kernel: 0.231520
Iteration = 40   Residual = 0.105138
[40][DOT-1] dot_kernel: 0.100192, dot_final_reduce_kernel: 0.004448, D2H memcpy: 0.006848, MPI_Allreduce: 0.008635
[40][WAXPBY-1] waxpby_kernel: 0.245888
[40][MATVEC] copyElementsToBuffer: 3.549280, D2H memcpy: 0.030080, int kernel: 3.569984, MPI comm: 4.028760, ext kernel: 0.164736
[40][DOT-2] dot_kernel: 0.151200, dot_final_reduce_kernel: 0.004480, D2H memcpy: 0.007040, MPI_Allreduce: 0.153759
[40][WAXPBY-2] waxpby_kernel: 0.245184
[40][WAXPBY-3] waxpby_kernel: 0.231680
[41][DOT-1] dot_kernel: 0.101984, dot_final_reduce_kernel: 0.004416, D2H memcpy: 0.008128, MPI_Allreduce: 0.008842
[41][WAXPBY-1] waxpby_kernel: 0.243456
[41][MATVEC] copyElementsToBuffer: 3.543904, D2H memcpy: 0.033568, int kernel: 3.572320, MPI comm: 4.048421, ext kernel: 0.164960
[41][DOT-2] dot_kernel: 0.151136, dot_final_reduce_kernel: 0.004384, D2H memcpy: 0.002336, MPI_Allreduce: 0.132789
[41][WAXPBY-2] waxpby_kernel: 0.244672
[41][WAXPBY-3] waxpby_kernel: 0.231424
[42][DOT-1] dot_kernel: 0.102688, dot_final_reduce_kernel: 0.004480, D2H memcpy: 0.008736, MPI_Allreduce: 0.011111
[42][WAXPBY-1] waxpby_kernel: 0.245216
[42][MATVEC] copyElementsToBuffer: 3.549120, D2H memcpy: 0.033600, int kernel: 3.569184, MPI comm: 4.036523, ext kernel: 0.164736
[42][DOT-2] dot_kernel: 0.150752, dot_final_reduce_kernel: 0.004416, D2H memcpy: 0.003904, MPI_Allreduce: 0.134432
[42][WAXPBY-2] waxpby_kernel: 0.244352
[42][WAXPBY-3] waxpby_kernel: 0.231968
[43][DOT-1] dot_kernel: 0.101696, dot_final_reduce_kernel: 0.004416, D2H memcpy: 0.007712, MPI_Allreduce: 1.184297
[43][WAXPBY-1] waxpby_kernel: 0.246400
[43][MATVEC] copyElementsToBuffer: 3.552032, D2H memcpy: 0.029600, int kernel: 3.575232, MPI comm: 4.041816, ext kernel: 0.166368
[43][DOT-2] dot_kernel: 0.150336, dot_final_reduce_kernel: 0.004384, D2H memcpy: 0.005504, MPI_Allreduce: 0.125964
[43][WAXPBY-2] waxpby_kernel: 0.247232
[43][WAXPBY-3] waxpby_kernel: 0.232128
[44][DOT-1] dot_kernel: 0.099680, dot_final_reduce_kernel: 0.004448, D2H memcpy: 0.006976, MPI_Allreduce: 0.009574
[44][WAXPBY-1] waxpby_kernel: 0.243168
[44][MATVEC] copyElementsToBuffer: 3.547008, D2H memcpy: 0.028192, int kernel: 3.572000, MPI comm: 4.035552, ext kernel: 0.166720
[44][DOT-2] dot_kernel: 0.150720, dot_final_reduce_kernel: 0.004480, D2H memcpy: 0.006624, MPI_Allreduce: 0.185053
[44][WAXPBY-2] waxpby_kernel: 0.245216
[44][WAXPBY-3] waxpby_kernel: 0.231808
[45][DOT-1] dot_kernel: 0.100160, dot_final_reduce_kernel: 0.004448, D2H memcpy: 0.006496, MPI_Allreduce: 0.008573
[45][WAXPBY-1] waxpby_kernel: 0.245472
[45][MATVEC] copyElementsToBuffer: 3.547296, D2H memcpy: 0.029216, int kernel: 3.570528, MPI comm: 4.031405, ext kernel: 0.166240
[45][DOT-2] dot_kernel: 0.151136, dot_final_reduce_kernel: 0.004384, D2H memcpy: 0.005312, MPI_Allreduce: 0.152824
[45][WAXPBY-2] waxpby_kernel: 0.244896
[45][WAXPBY-3] waxpby_kernel: 0.231904
[46][DOT-1] dot_kernel: 0.101856, dot_final_reduce_kernel: 0.004512, D2H memcpy: 0.007616, MPI_Allreduce: 0.012281
[46][WAXPBY-1] waxpby_kernel: 0.245152
[46][MATVEC] copyElementsToBuffer: 3.566688, D2H memcpy: 0.034720, int kernel: 3.587968, MPI comm: 4.444831, ext kernel: 0.162688
[46][DOT-2] dot_kernel: 0.150944, dot_final_reduce_kernel: 0.004448, D2H memcpy: 0.009568, MPI_Allreduce: 0.010168
[46][WAXPBY-2] waxpby_kernel: 0.245888
[46][WAXPBY-3] waxpby_kernel: 0.232192
[47][DOT-1] dot_kernel: 0.103040, dot_final_reduce_kernel: 0.004416, D2H memcpy: 0.002656, MPI_Allreduce: 0.010614
[47][WAXPBY-1] waxpby_kernel: 0.247424
[47][MATVEC] copyElementsToBuffer: 3.549152, D2H memcpy: 0.029408, int kernel: 3.573696, MPI comm: 4.421120, ext kernel: 0.161984
[47][DOT-2] dot_kernel: 0.150912, dot_final_reduce_kernel: 0.004416, D2H memcpy: 0.005920, MPI_Allreduce: 0.171177
[47][WAXPBY-2] waxpby_kernel: 0.245504
[47][WAXPBY-3] waxpby_kernel: 0.231328
[48][DOT-1] dot_kernel: 0.104896, dot_final_reduce_kernel: 0.004448, D2H memcpy: 0.002272, MPI_Allreduce: 0.017351
[48][WAXPBY-1] waxpby_kernel: 0.243744
[48][MATVEC] copyElementsToBuffer: 3.545504, D2H memcpy: 0.034304, int kernel: 3.571168, MPI comm: 4.008596, ext kernel: 0.168416
[48][DOT-2] dot_kernel: 0.150144, dot_final_reduce_kernel: 0.004480, D2H memcpy: 0.007584, MPI_Allreduce: 0.171110
[48][WAXPBY-2] waxpby_kernel: 0.245120
[48][WAXPBY-3] waxpby_kernel: 0.231904
[49][DOT-1] dot_kernel: 0.098656, dot_final_reduce_kernel: 0.004448, D2H memcpy: 0.004416, MPI_Allreduce: 1.174319
[49][WAXPBY-1] waxpby_kernel: 0.247040
[49][MATVEC] copyElementsToBuffer: 3.546400, D2H memcpy: 0.034688, int kernel: 3.573984, MPI comm: 4.024371, ext kernel: 0.163200
[49][DOT-2] dot_kernel: 0.150752, dot_final_reduce_kernel: 0.004608, D2H memcpy: 0.004224, MPI_Allreduce: 0.143269
[49][WAXPBY-2] waxpby_kernel: 0.242048
[49][WAXPBY-3] waxpby_kernel: 0.231520
[50][DOT-1] dot_kernel: 0.102400, dot_final_reduce_kernel: 0.004512, D2H memcpy: 0.005696, MPI_Allreduce: 0.010314
[50][WAXPBY-1] waxpby_kernel: 0.246688
[50][MATVEC] copyElementsToBuffer: 3.551008, D2H memcpy: 0.030336, int kernel: 3.571616, MPI comm: 4.000908, ext kernel: 0.166592
[50][DOT-2] dot_kernel: 0.150656, dot_final_reduce_kernel: 0.004576, D2H memcpy: 0.006112, MPI_Allreduce: 0.172286
[50][WAXPBY-2] waxpby_kernel: 0.241632
[50][WAXPBY-3] waxpby_kernel: 0.231584
[51][DOT-1] dot_kernel: 0.102592, dot_final_reduce_kernel: 0.004448, D2H memcpy: 0.004992, MPI_Allreduce: 0.008105
[51][WAXPBY-1] waxpby_kernel: 0.247264
[51][MATVEC] copyElementsToBuffer: 3.552896, D2H memcpy: 0.030752, int kernel: 3.571936, MPI comm: 4.024358, ext kernel: 0.167168
[51][DOT-2] dot_kernel: 0.151296, dot_final_reduce_kernel: 0.004384, D2H memcpy: 0.007648, MPI_Allreduce: 0.135870
[51][WAXPBY-2] waxpby_kernel: 0.240928
[51][WAXPBY-3] waxpby_kernel: 0.232224
[52][DOT-1] dot_kernel: 0.100128, dot_final_reduce_kernel: 0.004448, D2H memcpy: 0.007264, MPI_Allreduce: 0.007138
[52][WAXPBY-1] waxpby_kernel: 0.245312
[52][MATVEC] copyElementsToBuffer: 3.544928, D2H memcpy: 0.036384, int kernel: 3.571424, MPI comm: 4.038976, ext kernel: 0.166624
[52][DOT-2] dot_kernel: 0.150592, dot_final_reduce_kernel: 0.004448, D2H memcpy: 0.003584, MPI_Allreduce: 0.149519
[52][WAXPBY-2] waxpby_kernel: 0.242912
[52][WAXPBY-3] waxpby_kernel: 0.231520
[53][DOT-1] dot_kernel: 0.100384, dot_final_reduce_kernel: 0.004416, D2H memcpy: 0.006688, MPI_Allreduce: 0.009460
[53][WAXPBY-1] waxpby_kernel: 0.247136
[53][MATVEC] copyElementsToBuffer: 3.552032, D2H memcpy: 0.030688, int kernel: 3.572000, MPI comm: 4.005204, ext kernel: 0.167840
[53][DOT-2] dot_kernel: 0.150464, dot_final_reduce_kernel: 0.004608, D2H memcpy: 0.002400, MPI_Allreduce: 0.151921
[53][WAXPBY-2] waxpby_kernel: 0.242176
[53][WAXPBY-3] waxpby_kernel: 0.231392
[54][DOT-1] dot_kernel: 0.100256, dot_final_reduce_kernel: 0.004512, D2H memcpy: 0.008672, MPI_Allreduce: 0.010611
[54][WAXPBY-1] waxpby_kernel: 0.244992
[54][MATVEC] copyElementsToBuffer: 3.550944, D2H memcpy: 0.028704, int kernel: 3.570528, MPI comm: 4.032887, ext kernel: 0.164480
[54][DOT-2] dot_kernel: 0.151072, dot_final_reduce_kernel: 0.004384, D2H memcpy: 0.009664, MPI_Allreduce: 0.129360
[54][WAXPBY-2] waxpby_kernel: 0.243552
[54][WAXPBY-3] waxpby_kernel: 0.231872
[55][DOT-1] dot_kernel: 0.100704, dot_final_reduce_kernel: 0.004448, D2H memcpy: 0.004352, MPI_Allreduce: 0.008732
[55][WAXPBY-1] waxpby_kernel: 0.246496
[55][MATVEC] copyElementsToBuffer: 3.548288, D2H memcpy: 0.035552, int kernel: 3.570944, MPI comm: 4.045315, ext kernel: 0.164224
[55][DOT-2] dot_kernel: 0.151392, dot_final_reduce_kernel: 0.004384, D2H memcpy: 0.006016, MPI_Allreduce: 0.115859
[55][WAXPBY-2] waxpby_kernel: 0.243104
[55][WAXPBY-3] waxpby_kernel: 0.231232
[56][DOT-1] dot_kernel: 0.100512, dot_final_reduce_kernel: 0.004672, D2H memcpy: 0.006176, MPI_Allreduce: 0.007869
[56][WAXPBY-1] waxpby_kernel: 0.243456
[56][MATVEC] copyElementsToBuffer: 3.549152, D2H memcpy: 0.036512, int kernel: 3.573312, MPI comm: 4.020719, ext kernel: 0.167488
[56][DOT-2] dot_kernel: 0.151200, dot_final_reduce_kernel: 0.004480, D2H memcpy: 0.005760, MPI_Allreduce: 0.146429
[56][WAXPBY-2] waxpby_kernel: 0.242432
[56][WAXPBY-3] waxpby_kernel: 0.231360
[57][DOT-1] dot_kernel: 0.100928, dot_final_reduce_kernel: 0.004448, D2H memcpy: 0.006784, MPI_Allreduce: 0.012923
[57][WAXPBY-1] waxpby_kernel: 0.245824
[57][MATVEC] copyElementsToBuffer: 3.546976, D2H memcpy: 0.035744, int kernel: 3.573440, MPI comm: 4.017998, ext kernel: 0.166272
[57][DOT-2] dot_kernel: 0.150720, dot_final_reduce_kernel: 0.004416, D2H memcpy: 0.004640, MPI_Allreduce: 0.146664
[57][WAXPBY-2] waxpby_kernel: 0.241600
[57][WAXPBY-3] waxpby_kernel: 0.231680
[58][DOT-1] dot_kernel: 0.100864, dot_final_reduce_kernel: 0.004480, D2H memcpy: 0.006432, MPI_Allreduce: 0.012554
[58][WAXPBY-1] waxpby_kernel: 0.246528
[58][MATVEC] copyElementsToBuffer: 3.553952, D2H memcpy: 0.028640, int kernel: 3.577568, MPI comm: 4.008391, ext kernel: 0.168192
[58][DOT-2] dot_kernel: 0.150752, dot_final_reduce_kernel: 0.004512, D2H memcpy: 0.009664, MPI_Allreduce: 0.143254
[58][WAXPBY-2] waxpby_kernel: 0.241472
[58][WAXPBY-3] waxpby_kernel: 0.231648
[59][DOT-1] dot_kernel: 0.100672, dot_final_reduce_kernel: 0.004416, D2H memcpy: 0.008384, MPI_Allreduce: 0.007599
[59][WAXPBY-1] waxpby_kernel: 0.245952
[59][MATVEC] copyElementsToBuffer: 3.556320, D2H memcpy: 0.028160, int kernel: 3.571264, MPI comm: 4.027426, ext kernel: 0.165184
[59][DOT-2] dot_kernel: 0.151456, dot_final_reduce_kernel: 0.004416, D2H memcpy: 0.007680, MPI_Allreduce: 0.149470
[59][WAXPBY-2] waxpby_kernel: 0.242880
[59][WAXPBY-3] waxpby_kernel: 0.231904
Iteration = 60   Residual = 0.165055
[60][DOT-1] dot_kernel: 0.103488, dot_final_reduce_kernel: 0.004416, D2H memcpy: 0.003968, MPI_Allreduce: 0.008480
[60][WAXPBY-1] waxpby_kernel: 0.243968
[60][MATVEC] copyElementsToBuffer: 3.549568, D2H memcpy: 0.035584, int kernel: 3.570816, MPI comm: 4.008516, ext kernel: 0.166016
[60][DOT-2] dot_kernel: 0.150624, dot_final_reduce_kernel: 0.004480, D2H memcpy: 0.002816, MPI_Allreduce: 0.157210
[60][WAXPBY-2] waxpby_kernel: 0.242784
[60][WAXPBY-3] waxpby_kernel: 0.232192
[61][DOT-1] dot_kernel: 0.102528, dot_final_reduce_kernel: 0.004448, D2H memcpy: 0.001792, MPI_Allreduce: 0.008988
[61][WAXPBY-1] waxpby_kernel: 0.244448
[61][MATVEC] copyElementsToBuffer: 3.549920, D2H memcpy: 0.034432, int kernel: 3.577632, MPI comm: 4.028619, ext kernel: 0.161664
[61][DOT-2] dot_kernel: 0.150784, dot_final_reduce_kernel: 0.004416, D2H memcpy: 0.006720, MPI_Allreduce: 0.146258
[61][WAXPBY-2] waxpby_kernel: 0.245856
[61][WAXPBY-3] waxpby_kernel: 0.231552
[62][DOT-1] dot_kernel: 0.100448, dot_final_reduce_kernel: 0.004480, D2H memcpy: 0.001728, MPI_Allreduce: 0.013107
[62][WAXPBY-1] waxpby_kernel: 0.246240
[62][MATVEC] copyElementsToBuffer: 3.552704, D2H memcpy: 0.032832, int kernel: 3.571776, MPI comm: 4.036832, ext kernel: 0.161216
[62][DOT-2] dot_kernel: 0.151136, dot_final_reduce_kernel: 0.004416, D2H memcpy: 0.007424, MPI_Allreduce: 0.127248
[62][WAXPBY-2] waxpby_kernel: 0.241568
[62][WAXPBY-3] waxpby_kernel: 0.232160
[63][DOT-1] dot_kernel: 0.103328, dot_final_reduce_kernel: 0.004416, D2H memcpy: 0.007808, MPI_Allreduce: 0.015687
[63][WAXPBY-1] waxpby_kernel: 0.243936
[63][MATVEC] copyElementsToBuffer: 3.539584, D2H memcpy: 0.036192, int kernel: 3.568544, MPI comm: 4.019857, ext kernel: 0.165120
[63][DOT-2] dot_kernel: 0.151296, dot_final_reduce_kernel: 0.004416, D2H memcpy: 0.008544, MPI_Allreduce: 0.160609
[63][WAXPBY-2] waxpby_kernel: 0.244064
[63][WAXPBY-3] waxpby_kernel: 0.231392
[64][DOT-1] dot_kernel: 0.099680, dot_final_reduce_kernel: 0.004448, D2H memcpy: 0.004288, MPI_Allreduce: 0.009146
[64][WAXPBY-1] waxpby_kernel: 0.244672
[64][MATVEC] copyElementsToBuffer: 3.547040, D2H memcpy: 0.035968, int kernel: 3.568512, MPI comm: 4.012723, ext kernel: 0.164704
[64][DOT-2] dot_kernel: 0.150336, dot_final_reduce_kernel: 0.004448, D2H memcpy: 0.006624, MPI_Allreduce: 0.156416
[64][WAXPBY-2] waxpby_kernel: 0.245472
[64][WAXPBY-3] waxpby_kernel: 0.231584
[65][DOT-1] dot_kernel: 0.099424, dot_final_reduce_kernel: 0.004448, D2H memcpy: 0.005024, MPI_Allreduce: 0.009581
[65][WAXPBY-1] waxpby_kernel: 0.245856
[65][MATVEC] copyElementsToBuffer: 3.553248, D2H memcpy: 0.032224, int kernel: 3.571136, MPI comm: 4.011891, ext kernel: 0.163136
[65][DOT-2] dot_kernel: 0.151264, dot_final_reduce_kernel: 0.004416, D2H memcpy: 0.008128, MPI_Allreduce: 0.140623
[65][WAXPBY-2] waxpby_kernel: 0.243456
[65][WAXPBY-3] waxpby_kernel: 0.231776
[66][DOT-1] dot_kernel: 0.102240, dot_final_reduce_kernel: 0.004512, D2H memcpy: 0.003616, MPI_Allreduce: 0.009365
[66][WAXPBY-1] waxpby_kernel: 0.244736
[66][MATVEC] copyElementsToBuffer: 3.557408, D2H memcpy: 0.032608, int kernel: 3.575072, MPI comm: 4.022672, ext kernel: 0.163584
[66][DOT-2] dot_kernel: 0.151136, dot_final_reduce_kernel: 0.004416, D2H memcpy: 0.003552, MPI_Allreduce: 0.158599
[66][WAXPBY-2] waxpby_kernel: 0.243296
[66][WAXPBY-3] waxpby_kernel: 0.231584
[67][DOT-1] dot_kernel: 0.101344, dot_final_reduce_kernel: 0.004448, D2H memcpy: 0.002880, MPI_Allreduce: 1.045949
[67][WAXPBY-1] waxpby_kernel: 0.245600
[67][MATVEC] copyElementsToBuffer: 3.552256, D2H memcpy: 0.036128, int kernel: 3.573824, MPI comm: 4.052179, ext kernel: 0.165568
[67][DOT-2] dot_kernel: 0.151424, dot_final_reduce_kernel: 0.004416, D2H memcpy: 0.009440, MPI_Allreduce: 0.128276
[67][WAXPBY-2] waxpby_kernel: 0.243520
[67][WAXPBY-3] waxpby_kernel: 0.231712
[68][DOT-1] dot_kernel: 0.102304, dot_final_reduce_kernel: 0.004448, D2H memcpy: 0.007424, MPI_Allreduce: 0.008822
[68][WAXPBY-1] waxpby_kernel: 0.246144
[68][MATVEC] copyElementsToBuffer: 3.550144, D2H memcpy: 0.027392, int kernel: 3.576096, MPI comm: 4.050102, ext kernel: 0.164736
[68][DOT-2] dot_kernel: 0.151008, dot_final_reduce_kernel: 0.004512, D2H memcpy: 0.004608, MPI_Allreduce: 0.114343
[68][WAXPBY-2] waxpby_kernel: 0.245600
[68][WAXPBY-3] waxpby_kernel: 0.231616
[69][DOT-1] dot_kernel: 0.099648, dot_final_reduce_kernel: 0.004448, D2H memcpy: 0.001984, MPI_Allreduce: 0.009206
[69][WAXPBY-1] waxpby_kernel: 0.244960
[69][MATVEC] copyElementsToBuffer: 3.552160, D2H memcpy: 0.034112, int kernel: 3.571392, MPI comm: 4.009778, ext kernel: 0.166816
[69][DOT-2] dot_kernel: 0.151136, dot_final_reduce_kernel: 0.004416, D2H memcpy: 0.008416, MPI_Allreduce: 0.149404
[69][WAXPBY-2] waxpby_kernel: 0.243712
[69][WAXPBY-3] waxpby_kernel: 0.232128
[70][DOT-1] dot_kernel: 0.103072, dot_final_reduce_kernel: 0.004480, D2H memcpy: 0.008320, MPI_Allreduce: 0.010922
[70][WAXPBY-1] waxpby_kernel: 0.244384
[70][MATVEC] copyElementsToBuffer: 3.549792, D2H memcpy: 0.035136, int kernel: 3.573504, MPI comm: 4.031039, ext kernel: 0.164992
[70][DOT-2] dot_kernel: 0.151136, dot_final_reduce_kernel: 0.004416, D2H memcpy: 0.007840, MPI_Allreduce: 0.151669
[70][WAXPBY-2] waxpby_kernel: 0.244416
[70][WAXPBY-3] waxpby_kernel: 0.231904
[71][DOT-1] dot_kernel: 0.102272, dot_final_reduce_kernel: 0.004448, D2H memcpy: 0.006016, MPI_Allreduce: 0.007697
[71][WAXPBY-1] waxpby_kernel: 0.246144
[71][MATVEC] copyElementsToBuffer: 3.548448, D2H memcpy: 0.032960, int kernel: 3.573728, MPI comm: 4.005874, ext kernel: 0.168896
[71][DOT-2] dot_kernel: 0.150752, dot_final_reduce_kernel: 0.004416, D2H memcpy: 0.004448, MPI_Allreduce: 0.170864
[71][WAXPBY-2] waxpby_kernel: 0.242336
[71][WAXPBY-3] waxpby_kernel: 0.231712
[72][DOT-1] dot_kernel: 0.101216, dot_final_reduce_kernel: 0.004448, D2H memcpy: 0.008032, MPI_Allreduce: 0.008230
[72][WAXPBY-1] waxpby_kernel: 0.242016
[72][MATVEC] copyElementsToBuffer: 3.555040, D2H memcpy: 0.036320, int kernel: 3.579136, MPI comm: 4.024508, ext kernel: 0.164288
[72][DOT-2] dot_kernel: 0.150656, dot_final_reduce_kernel: 0.004480, D2H memcpy: 0.003392, MPI_Allreduce: 0.170321
[72][WAXPBY-2] waxpby_kernel: 0.243776
[72][WAXPBY-3] waxpby_kernel: 0.231904
[73][DOT-1] dot_kernel: 0.103008, dot_final_reduce_kernel: 0.004448, D2H memcpy: 0.006656, MPI_Allreduce: 0.007624
[73][WAXPBY-1] waxpby_kernel: 0.243712
[73][MATVEC] copyElementsToBuffer: 3.555200, D2H memcpy: 0.028800, int kernel: 3.571424, MPI comm: 4.021381, ext kernel: 0.165376
[73][DOT-2] dot_kernel: 0.150560, dot_final_reduce_kernel: 0.004416, D2H memcpy: 0.002496, MPI_Allreduce: 0.149105
[73][WAXPBY-2] waxpby_kernel: 0.242112
[73][WAXPBY-3] waxpby_kernel: 0.231360
[74][DOT-1] dot_kernel: 0.102752, dot_final_reduce_kernel: 0.004512, D2H memcpy: 0.004000, MPI_Allreduce: 0.010375
[74][WAXPBY-1] waxpby_kernel: 0.246048
[74][MATVEC] copyElementsToBuffer: 3.544192, D2H memcpy: 0.031488, int kernel: 3.570176, MPI comm: 4.055276, ext kernel: 0.164096
[74][DOT-2] dot_kernel: 0.150560, dot_final_reduce_kernel: 0.004384, D2H memcpy: 0.005856, MPI_Allreduce: 0.116022
[74][WAXPBY-2] waxpby_kernel: 0.242016
[74][WAXPBY-3] waxpby_kernel: 0.231616
[75][DOT-1] dot_kernel: 0.102016, dot_final_reduce_kernel: 0.004448, D2H memcpy: 0.005152, MPI_Allreduce: 0.008678
[75][WAXPBY-1] waxpby_kernel: 0.244224
[75][MATVEC] copyElementsToBuffer: 3.553792, D2H memcpy: 0.032288, int kernel: 3.574432, MPI comm: 4.019938, ext kernel: 0.165920
[75][DOT-2] dot_kernel: 0.150368, dot_final_reduce_kernel: 0.004512, D2H memcpy: 0.009664, MPI_Allreduce: 0.145137
[75][WAXPBY-2] waxpby_kernel: 0.244256
[75][WAXPBY-3] waxpby_kernel: 0.231840
[76][DOT-1] dot_kernel: 0.100832, dot_final_reduce_kernel: 0.004448, D2H memcpy: 0.008448, MPI_Allreduce: 0.009048
[76][WAXPBY-1] waxpby_kernel: 0.244544
[76][MATVEC] copyElementsToBuffer: 3.555008, D2H memcpy: 0.030176, int kernel: 3.574176, MPI comm: 4.053337, ext kernel: 0.164320
[76][DOT-2] dot_kernel: 0.150944, dot_final_reduce_kernel: 0.004480, D2H memcpy: 0.004928, MPI_Allreduce: 0.141242
[76][WAXPBY-2] waxpby_kernel: 0.244832
[76][WAXPBY-3] waxpby_kernel: 0.232000
[77][DOT-1] dot_kernel: 0.099328, dot_final_reduce_kernel: 0.004448, D2H memcpy: 0.006560, MPI_Allreduce: 0.008714
[77][WAXPBY-1] waxpby_kernel: 0.245920
[77][MATVEC] copyElementsToBuffer: 3.554496, D2H memcpy: 0.029248, int kernel: 3.572672, MPI comm: 4.004388, ext kernel: 0.162848
[77][DOT-2] dot_kernel: 0.151168, dot_final_reduce_kernel: 0.004416, D2H memcpy: 0.006848, MPI_Allreduce: 0.178253
[77][WAXPBY-2] waxpby_kernel: 0.245664
[77][WAXPBY-3] waxpby_kernel: 0.231552
[78][DOT-1] dot_kernel: 0.100256, dot_final_reduce_kernel: 0.004512, D2H memcpy: 0.007488, MPI_Allreduce: 0.012794
[78][WAXPBY-1] waxpby_kernel: 0.245824
[78][MATVEC] copyElementsToBuffer: 3.554240, D2H memcpy: 0.030752, int kernel: 3.570048, MPI comm: 4.004840, ext kernel: 0.167968
[78][DOT-2] dot_kernel: 0.150752, dot_final_reduce_kernel: 0.004416, D2H memcpy: 0.008032, MPI_Allreduce: 0.161481
[78][WAXPBY-2] waxpby_kernel: 0.243872
[78][WAXPBY-3] waxpby_kernel: 0.231552
[79][DOT-1] dot_kernel: 0.100576, dot_final_reduce_kernel: 0.004448, D2H memcpy: 0.001824, MPI_Allreduce: 0.007830
[79][WAXPBY-1] waxpby_kernel: 0.243328
[79][MATVEC] copyElementsToBuffer: 3.549952, D2H memcpy: 0.028640, int kernel: 3.570688, MPI comm: 4.017291, ext kernel: 0.164032
[79][DOT-2] dot_kernel: 0.151008, dot_final_reduce_kernel: 0.004608, D2H memcpy: 0.002400, MPI_Allreduce: 0.161286
[79][WAXPBY-2] waxpby_kernel: 0.243264
[79][WAXPBY-3] waxpby_kernel: 0.231808
Iteration = 80   Residual = 0.125499
[80][DOT-1] dot_kernel: 0.098720, dot_final_reduce_kernel: 0.004448, D2H memcpy: 0.002560, MPI_Allreduce: 0.012748
[80][WAXPBY-1] waxpby_kernel: 0.244576
[80][MATVEC] copyElementsToBuffer: 3.555520, D2H memcpy: 0.034432, int kernel: 3.575712, MPI comm: 4.019617, ext kernel: 0.162752
[80][DOT-2] dot_kernel: 0.151200, dot_final_reduce_kernel: 0.004448, D2H memcpy: 0.007200, MPI_Allreduce: 0.154212
[80][WAXPBY-2] waxpby_kernel: 0.245408
[80][WAXPBY-3] waxpby_kernel: 0.231488
[81][DOT-1] dot_kernel: 0.102752, dot_final_reduce_kernel: 0.004448, D2H memcpy: 0.007968, MPI_Allreduce: 0.008594
[81][WAXPBY-1] waxpby_kernel: 0.244416
[81][MATVEC] copyElementsToBuffer: 3.550304, D2H memcpy: 0.033408, int kernel: 3.571744, MPI comm: 4.029021, ext kernel: 0.163552
[81][DOT-2] dot_kernel: 0.151584, dot_final_reduce_kernel: 0.004416, D2H memcpy: 0.009472, MPI_Allreduce: 0.135979
[81][WAXPBY-2] waxpby_kernel: 0.245344
[81][WAXPBY-3] waxpby_kernel: 0.231840
[82][DOT-1] dot_kernel: 0.101856, dot_final_reduce_kernel: 0.004512, D2H memcpy: 0.006240, MPI_Allreduce: 0.012605
[82][WAXPBY-1] waxpby_kernel: 0.246048
[82][MATVEC] copyElementsToBuffer: 3.553312, D2H memcpy: 0.034272, int kernel: 3.576736, MPI comm: 4.023782, ext kernel: 0.164192
[82][DOT-2] dot_kernel: 0.151456, dot_final_reduce_kernel: 0.004576, D2H memcpy: 0.006112, MPI_Allreduce: 0.154822
[82][WAXPBY-2] waxpby_kernel: 0.247616
[82][WAXPBY-3] waxpby_kernel: 0.231776
[83][DOT-1] dot_kernel: 0.101888, dot_final_reduce_kernel: 0.004448, D2H memcpy: 0.005408, MPI_Allreduce: 0.009767
[83][WAXPBY-1] waxpby_kernel: 0.244320
[83][MATVEC] copyElementsToBuffer: 3.554592, D2H memcpy: 0.030112, int kernel: 3.577024, MPI comm: 4.027966, ext kernel: 0.163392
[83][DOT-2] dot_kernel: 0.151872, dot_final_reduce_kernel: 0.004416, D2H memcpy: 0.006112, MPI_Allreduce: 0.158492
[83][WAXPBY-2] waxpby_kernel: 0.244288
[83][WAXPBY-3] waxpby_kernel: 0.231488
[84][DOT-1] dot_kernel: 0.101088, dot_final_reduce_kernel: 0.004448, D2H memcpy: 0.007488, MPI_Allreduce: 0.008142
[84][WAXPBY-1] waxpby_kernel: 0.243360
[84][MATVEC] copyElementsToBuffer: 3.557184, D2H memcpy: 0.031808, int kernel: 3.575296, MPI comm: 4.018672, ext kernel: 0.163392
[84][DOT-2] dot_kernel: 0.150944, dot_final_reduce_kernel: 0.004480, D2H memcpy: 0.002624, MPI_Allreduce: 0.177671
[84][WAXPBY-2] waxpby_kernel: 0.243776
[84][WAXPBY-3] waxpby_kernel: 0.231392
[85][DOT-1] dot_kernel: 0.102048, dot_final_reduce_kernel: 0.004448, D2H memcpy: 0.002464, MPI_Allreduce: 0.009073
[85][WAXPBY-1] waxpby_kernel: 0.246784
[85][MATVEC] copyElementsToBuffer: 3.547520, D2H memcpy: 0.031840, int kernel: 3.572000, MPI comm: 4.012116, ext kernel: 0.166752
[85][DOT-2] dot_kernel: 0.150848, dot_final_reduce_kernel: 0.004832, D2H memcpy: 0.005888, MPI_Allreduce: 0.147086
[85][WAXPBY-2] waxpby_kernel: 0.242592
[85][WAXPBY-3] waxpby_kernel: 0.231360
[86][DOT-1] dot_kernel: 0.098048, dot_final_reduce_kernel: 0.004480, D2H memcpy: 0.007872, MPI_Allreduce: 0.012091
[86][WAXPBY-1] waxpby_kernel: 0.245152
[86][MATVEC] copyElementsToBuffer: 3.547360, D2H memcpy: 0.033568, int kernel: 3.572032, MPI comm: 4.105595, ext kernel: 0.162688
[86][DOT-2] dot_kernel: 0.150784, dot_final_reduce_kernel: 0.004448, D2H memcpy: 0.004544, MPI_Allreduce: 0.078915
[86][WAXPBY-2] waxpby_kernel: 0.243392
[86][WAXPBY-3] waxpby_kernel: 0.231776
[87][DOT-1] dot_kernel: 0.099712, dot_final_reduce_kernel: 0.004448, D2H memcpy: 0.007456, MPI_Allreduce: 0.008441
[87][WAXPBY-1] waxpby_kernel: 0.245216
[87][MATVEC] copyElementsToBuffer: 3.552576, D2H memcpy: 0.030144, int kernel: 3.572128, MPI comm: 4.034964, ext kernel: 0.168128
[87][DOT-2] dot_kernel: 0.150976, dot_final_reduce_kernel: 0.004416, D2H memcpy: 0.002848, MPI_Allreduce: 0.132105
[87][WAXPBY-2] waxpby_kernel: 0.243648
[87][WAXPBY-3] waxpby_kernel: 0.232064
[88][DOT-1] dot_kernel: 0.099296, dot_final_reduce_kernel: 0.004448, D2H memcpy: 0.004544, MPI_Allreduce: 0.008558
[88][WAXPBY-1] waxpby_kernel: 0.245184
[88][MATVEC] copyElementsToBuffer: 3.542560, D2H memcpy: 0.032896, int kernel: 3.568704, MPI comm: 3.998874, ext kernel: 0.169600
[88][DOT-2] dot_kernel: 0.150848, dot_final_reduce_kernel: 0.004448, D2H memcpy: 0.007360, MPI_Allreduce: 0.310163
[88][WAXPBY-2] waxpby_kernel: 0.246624
[88][WAXPBY-3] waxpby_kernel: 0.231712
[89][DOT-1] dot_kernel: 0.100160, dot_final_reduce_kernel: 0.004448, D2H memcpy: 0.007520, MPI_Allreduce: 0.009279
[89][WAXPBY-1] waxpby_kernel: 0.247296
[89][MATVEC] copyElementsToBuffer: 3.554368, D2H memcpy: 0.028992, int kernel: 3.572032, MPI comm: 4.031223, ext kernel: 0.167136
[89][DOT-2] dot_kernel: 0.150720, dot_final_reduce_kernel: 0.004384, D2H memcpy: 0.008800, MPI_Allreduce: 0.124243
[89][WAXPBY-2] waxpby_kernel: 0.244896
[89][WAXPBY-3] waxpby_kernel: 0.231872
[90][DOT-1] dot_kernel: 0.101760, dot_final_reduce_kernel: 0.004480, D2H memcpy: 0.008576, MPI_Allreduce: 0.011890
[90][WAXPBY-1] waxpby_kernel: 0.245568
[90][MATVEC] copyElementsToBuffer: 3.556000, D2H memcpy: 0.029888, int kernel: 3.571360, MPI comm: 4.010183, ext kernel: 0.166880
[90][DOT-2] dot_kernel: 0.151264, dot_final_reduce_kernel: 0.004416, D2H memcpy: 0.002528, MPI_Allreduce: 0.156454
[90][WAXPBY-2] waxpby_kernel: 0.244800
[90][WAXPBY-3] waxpby_kernel: 0.231584
[91][DOT-1] dot_kernel: 0.098176, dot_final_reduce_kernel: 0.004448, D2H memcpy: 0.003040, MPI_Allreduce: 0.008804
[91][WAXPBY-1] waxpby_kernel: 0.243968
[91][MATVEC] copyElementsToBuffer: 3.552064, D2H memcpy: 0.028416, int kernel: 3.573984, MPI comm: 4.025135, ext kernel: 0.165856
[91][DOT-2] dot_kernel: 0.151104, dot_final_reduce_kernel: 0.004384, D2H memcpy: 0.002720, MPI_Allreduce: 0.156156
[91][WAXPBY-2] waxpby_kernel: 0.244096
[91][WAXPBY-3] waxpby_kernel: 0.231680
[92][DOT-1] dot_kernel: 0.098720, dot_final_reduce_kernel: 0.004416, D2H memcpy: 0.004704, MPI_Allreduce: 0.007691
[92][WAXPBY-1] waxpby_kernel: 0.243584
[92][MATVEC] copyElementsToBuffer: 3.544320, D2H memcpy: 0.035584, int kernel: 3.573568, MPI comm: 4.022631, ext kernel: 0.165216
[92][DOT-2] dot_kernel: 0.150624, dot_final_reduce_kernel: 0.004512, D2H memcpy: 0.009280, MPI_Allreduce: 0.160382
[92][WAXPBY-2] waxpby_kernel: 0.244128
[92][WAXPBY-3] waxpby_kernel: 0.231744
[93][DOT-1] dot_kernel: 0.099072, dot_final_reduce_kernel: 0.004448, D2H memcpy: 0.006432, MPI_Allreduce: 0.013166
[93][WAXPBY-1] waxpby_kernel: 0.247008
[93][MATVEC] copyElementsToBuffer: 3.547648, D2H memcpy: 0.031648, int kernel: 3.572672, MPI comm: 4.030385, ext kernel: 0.166336
[93][DOT-2] dot_kernel: 0.150400, dot_final_reduce_kernel: 0.004576, D2H memcpy: 0.006304, MPI_Allreduce: 0.132698
[93][WAXPBY-2] waxpby_kernel: 0.244160
[93][WAXPBY-3] waxpby_kernel: 0.231616
[94][DOT-1] dot_kernel: 0.099552, dot_final_reduce_kernel: 0.004512, D2H memcpy: 0.005088, MPI_Allreduce: 0.011655
[94][WAXPBY-1] waxpby_kernel: 0.246368
[94][MATVEC] copyElementsToBuffer: 3.548032, D2H memcpy: 0.030112, int kernel: 3.572032, MPI comm: 4.021248, ext kernel: 0.165792
[94][DOT-2] dot_kernel: 0.150784, dot_final_reduce_kernel: 0.004608, D2H memcpy: 0.005632, MPI_Allreduce: 0.155648
[94][WAXPBY-2] waxpby_kernel: 0.245600
[94][WAXPBY-3] waxpby_kernel: 0.231136
[95][DOT-1] dot_kernel: 0.100544, dot_final_reduce_kernel: 0.004448, D2H memcpy: 0.008672, MPI_Allreduce: 1.204964
[95][WAXPBY-1] waxpby_kernel: 0.243808
[95][MATVEC] copyElementsToBuffer: 3.550272, D2H memcpy: 0.030528, int kernel: 3.569056, MPI comm: 4.012799, ext kernel: 0.164896
[95][DOT-2] dot_kernel: 0.151232, dot_final_reduce_kernel: 0.004384, D2H memcpy: 0.010016, MPI_Allreduce: 0.174641
[95][WAXPBY-2] waxpby_kernel: 0.244224
[95][WAXPBY-3] waxpby_kernel: 0.231776
[96][DOT-1] dot_kernel: 0.099232, dot_final_reduce_kernel: 0.004448, D2H memcpy: 0.006560, MPI_Allreduce: 0.008976
[96][WAXPBY-1] waxpby_kernel: 0.245728
[96][MATVEC] copyElementsToBuffer: 3.550016, D2H memcpy: 0.029344, int kernel: 3.572224, MPI comm: 4.002003, ext kernel: 0.165952
[96][DOT-2] dot_kernel: 0.150624, dot_final_reduce_kernel: 0.004480, D2H memcpy: 0.002368, MPI_Allreduce: 0.177058
[96][WAXPBY-2] waxpby_kernel: 0.244512
[96][WAXPBY-3] waxpby_kernel: 0.231680
[97][DOT-1] dot_kernel: 0.099072, dot_final_reduce_kernel: 0.004416, D2H memcpy: 0.001888, MPI_Allreduce: 0.009035
[97][WAXPBY-1] waxpby_kernel: 0.244704
[97][MATVEC] copyElementsToBuffer: 3.551968, D2H memcpy: 0.032992, int kernel: 3.570656, MPI comm: 4.040183, ext kernel: 0.166208
[97][DOT-2] dot_kernel: 0.151232, dot_final_reduce_kernel: 0.004416, D2H memcpy: 0.003808, MPI_Allreduce: 0.136496
[97][WAXPBY-2] waxpby_kernel: 0.244768
[97][WAXPBY-3] waxpby_kernel: 0.231872
[98][DOT-1] dot_kernel: 0.099552, dot_final_reduce_kernel: 0.004480, D2H memcpy: 0.003360, MPI_Allreduce: 0.011851
[98][WAXPBY-1] waxpby_kernel: 0.247456
[98][MATVEC] copyElementsToBuffer: 3.547936, D2H memcpy: 0.029056, int kernel: 3.573664, MPI comm: 4.025686, ext kernel: 0.166848
[98][DOT-2] dot_kernel: 0.150944, dot_final_reduce_kernel: 0.004608, D2H memcpy: 0.004480, MPI_Allreduce: 0.133284
[98][WAXPBY-2] waxpby_kernel: 0.244160
[98][WAXPBY-3] waxpby_kernel: 0.231488
[99][DOT-1] dot_kernel: 0.099968, dot_final_reduce_kernel: 0.004448, D2H memcpy: 0.008736, MPI_Allreduce: 0.008279
[99][WAXPBY-1] waxpby_kernel: 0.246528
[99][MATVEC] copyElementsToBuffer: 3.552512, D2H memcpy: 0.029888, int kernel: 3.568064, MPI comm: 4.017334, ext kernel: 0.165920
[99][DOT-2] dot_kernel: 0.151008, dot_final_reduce_kernel: 0.004416, D2H memcpy: 0.002400, MPI_Allreduce: 0.160591
[99][WAXPBY-2] waxpby_kernel: 0.242944
[99][WAXPBY-3] waxpby_kernel: 0.231456
Iteration = 100   Residual = 0.0760281
[100][DOT-1] dot_kernel: 0.098592, dot_final_reduce_kernel: 0.004448, D2H memcpy: 0.007584, MPI_Allreduce: 0.008324
[100][WAXPBY-1] waxpby_kernel: 0.244832
[100][MATVEC] copyElementsToBuffer: 3.546912, D2H memcpy: 0.030336, int kernel: 3.568992, MPI comm: 4.020844, ext kernel: 0.166496
[100][DOT-2] dot_kernel: 0.150368, dot_final_reduce_kernel: 0.004480, D2H memcpy: 0.002688, MPI_Allreduce: 0.137349
[100][WAXPBY-2] waxpby_kernel: 0.242208
[100][WAXPBY-3] waxpby_kernel: 0.231264
[101][DOT-1] dot_kernel: 0.099616, dot_final_reduce_kernel: 0.004448, D2H memcpy: 0.003552, MPI_Allreduce: 1.223551
[101][WAXPBY-1] waxpby_kernel: 0.248224
[101][MATVEC] copyElementsToBuffer: 3.544672, D2H memcpy: 0.036032, int kernel: 3.573536, MPI comm: 4.044449, ext kernel: 0.162784
[101][DOT-2] dot_kernel: 0.150688, dot_final_reduce_kernel: 0.004416, D2H memcpy: 0.008704, MPI_Allreduce: 0.124612
[101][WAXPBY-2] waxpby_kernel: 0.244928
[101][WAXPBY-3] waxpby_kernel: 0.231552
[102][DOT-1] dot_kernel: 0.101920, dot_final_reduce_kernel: 0.004512, D2H memcpy: 0.007232, MPI_Allreduce: 0.012008
[102][WAXPBY-1] waxpby_kernel: 0.246560
[102][MATVEC] copyElementsToBuffer: 3.550080, D2H memcpy: 0.034560, int kernel: 3.572064, MPI comm: 4.013891, ext kernel: 0.163008
[102][DOT-2] dot_kernel: 0.150912, dot_final_reduce_kernel: 0.004608, D2H memcpy: 0.006560, MPI_Allreduce: 0.147512
[102][WAXPBY-2] waxpby_kernel: 0.246048
[102][WAXPBY-3] waxpby_kernel: 0.231744
[103][DOT-1] dot_kernel: 0.101440, dot_final_reduce_kernel: 0.004448, D2H memcpy: 0.006240, MPI_Allreduce: 0.010389
[103][WAXPBY-1] waxpby_kernel: 0.245760
[103][MATVEC] copyElementsToBuffer: 3.547232, D2H memcpy: 0.029792, int kernel: 3.570112, MPI comm: 4.007315, ext kernel: 0.164928
[103][DOT-2] dot_kernel: 0.151296, dot_final_reduce_kernel: 0.004384, D2H memcpy: 0.003808, MPI_Allreduce: 0.158466
[103][WAXPBY-2] waxpby_kernel: 0.245664
[103][WAXPBY-3] waxpby_kernel: 0.231456
[104][DOT-1] dot_kernel: 0.101056, dot_final_reduce_kernel: 0.004448, D2H memcpy: 0.002560, MPI_Allreduce: 0.007939
[104][WAXPBY-1] waxpby_kernel: 0.245504
[104][MATVEC] copyElementsToBuffer: 3.554816, D2H memcpy: 0.030560, int kernel: 3.573472, MPI comm: 4.019811, ext kernel: 0.164608
[104][DOT-2] dot_kernel: 0.151488, dot_final_reduce_kernel: 0.004448, D2H memcpy: 0.008704, MPI_Allreduce: 0.142963
[104][WAXPBY-2] waxpby_kernel: 0.244064
[104][WAXPBY-3] waxpby_kernel: 0.231456
[105][DOT-1] dot_kernel: 0.103168, dot_final_reduce_kernel: 0.004448, D2H memcpy: 0.006016, MPI_Allreduce: 0.008137
[105][WAXPBY-1] waxpby_kernel: 0.245472
[105][MATVEC] copyElementsToBuffer: 3.561376, D2H memcpy: 0.030976, int kernel: 3.593472, MPI comm: 4.028861, ext kernel: 0.164192
[105][DOT-2] dot_kernel: 0.150656, dot_final_reduce_kernel: 0.004416, D2H memcpy: 0.005056, MPI_Allreduce: 0.148592
[105][WAXPBY-2] waxpby_kernel: 0.245920
[105][WAXPBY-3] waxpby_kernel: 0.231552
[106][DOT-1] dot_kernel: 0.099712, dot_final_reduce_kernel: 0.004480, D2H memcpy: 0.006816, MPI_Allreduce: 0.012261
[106][WAXPBY-1] waxpby_kernel: 0.247552
[106][MATVEC] copyElementsToBuffer: 3.546048, D2H memcpy: 0.032160, int kernel: 3.569600, MPI comm: 4.047804, ext kernel: 0.164704
[106][DOT-2] dot_kernel: 0.151072, dot_final_reduce_kernel: 0.004416, D2H memcpy: 0.007424, MPI_Allreduce: 0.128194
[106][WAXPBY-2] waxpby_kernel: 0.242400
[106][WAXPBY-3] waxpby_kernel: 0.231392
[107][DOT-1] dot_kernel: 0.101888, dot_final_reduce_kernel: 0.004416, D2H memcpy: 0.003744, MPI_Allreduce: 0.007597
[107][WAXPBY-1] waxpby_kernel: 0.244000
[107][MATVEC] copyElementsToBuffer: 3.556064, D2H memcpy: 0.035584, int kernel: 3.577120, MPI comm: 4.026603, ext kernel: 0.163072
[107][DOT-2] dot_kernel: 0.151264, dot_final_reduce_kernel: 0.004416, D2H memcpy: 0.008512, MPI_Allreduce: 0.161954
[107][WAXPBY-2] waxpby_kernel: 0.244288
[107][WAXPBY-3] waxpby_kernel: 0.232096
[108][DOT-1] dot_kernel: 0.100128, dot_final_reduce_kernel: 0.004448, D2H memcpy: 0.003264, MPI_Allreduce: 0.009536
[108][WAXPBY-1] waxpby_kernel: 0.246880
[108][MATVEC] copyElementsToBuffer: 3.543808, D2H memcpy: 0.032576, int kernel: 3.571712, MPI comm: 3.994458, ext kernel: 0.166368
[108][DOT-2] dot_kernel: 0.150688, dot_final_reduce_kernel: 0.004480, D2H memcpy: 0.007136, MPI_Allreduce: 0.167029
[108][WAXPBY-2] waxpby_kernel: 0.245920
[108][WAXPBY-3] waxpby_kernel: 0.231744
[109][DOT-1] dot_kernel: 0.101344, dot_final_reduce_kernel: 0.004416, D2H memcpy: 0.008896, MPI_Allreduce: 0.009154
[109][WAXPBY-1] waxpby_kernel: 0.246752
[109][MATVEC] copyElementsToBuffer: 3.555872, D2H memcpy: 0.033984, int kernel: 3.576800, MPI comm: 4.018746, ext kernel: 0.164000
[109][DOT-2] dot_kernel: 0.150912, dot_final_reduce_kernel: 0.004416, D2H memcpy: 0.003552, MPI_Allreduce: 0.148563
[109][WAXPBY-2] waxpby_kernel: 0.246176
[109][WAXPBY-3] waxpby_kernel: 0.231616
[110][DOT-1] dot_kernel: 0.099808, dot_final_reduce_kernel: 0.004480, D2H memcpy: 0.007456, MPI_Allreduce: 0.012693
[110][WAXPBY-1] waxpby_kernel: 0.243840
[110][MATVEC] copyElementsToBuffer: 3.553696, D2H memcpy: 0.033536, int kernel: 3.576608, MPI comm: 4.056343, ext kernel: 0.164288
[110][DOT-2] dot_kernel: 0.150144, dot_final_reduce_kernel: 0.004416, D2H memcpy: 0.008928, MPI_Allreduce: 0.113486
[110][WAXPBY-2] waxpby_kernel: 0.244992
[110][WAXPBY-3] waxpby_kernel: 0.231648
[111][DOT-1] dot_kernel: 0.101408, dot_final_reduce_kernel: 0.004448, D2H memcpy: 0.007008, MPI_Allreduce: 0.008888
[111][WAXPBY-1] waxpby_kernel: 0.245664
[111][MATVEC] copyElementsToBuffer: 3.554528, D2H memcpy: 0.034880, int kernel: 3.574944, MPI comm: 4.015379, ext kernel: 0.166112
[111][DOT-2] dot_kernel: 0.150528, dot_final_reduce_kernel: 0.004416, D2H memcpy: 0.006752, MPI_Allreduce: 0.149838
[111][WAXPBY-2] waxpby_kernel: 0.245760
[111][WAXPBY-3] waxpby_kernel: 0.231456
[112][DOT-1] dot_kernel: 0.100320, dot_final_reduce_kernel: 0.004448, D2H memcpy: 0.004320, MPI_Allreduce: 0.008546
[112][WAXPBY-1] waxpby_kernel: 0.246560
[112][MATVEC] copyElementsToBuffer: 3.553728, D2H memcpy: 0.033664, int kernel: 3.574592, MPI comm: 4.006907, ext kernel: 0.172320
[112][DOT-2] dot_kernel: 0.150368, dot_final_reduce_kernel: 0.004480, D2H memcpy: 0.009056, MPI_Allreduce: 0.167960
[112][WAXPBY-2] waxpby_kernel: 0.243456
[112][WAXPBY-3] waxpby_kernel: 0.231776
[113][DOT-1] dot_kernel: 0.099328, dot_final_reduce_kernel: 0.004416, D2H memcpy: 0.009696, MPI_Allreduce: 0.008367
[113][WAXPBY-1] waxpby_kernel: 0.244160
[113][MATVEC] copyElementsToBuffer: 3.544160, D2H memcpy: 0.034048, int kernel: 3.572000, MPI comm: 4.008628, ext kernel: 0.167136
[113][DOT-2] dot_kernel: 0.151264, dot_final_reduce_kernel: 0.004640, D2H memcpy: 0.004480, MPI_Allreduce: 0.180805
[113][WAXPBY-2] waxpby_kernel: 0.244704
[113][WAXPBY-3] waxpby_kernel: 0.231872
[114][DOT-1] dot_kernel: 0.102432, dot_final_reduce_kernel: 0.004512, D2H memcpy: 0.006784, MPI_Allreduce: 0.010767
[114][WAXPBY-1] waxpby_kernel: 0.244704
[114][MATVEC] copyElementsToBuffer: 3.555968, D2H memcpy: 0.030720, int kernel: 3.574144, MPI comm: 4.136820, ext kernel: 0.165472
[114][DOT-2] dot_kernel: 0.150624, dot_final_reduce_kernel: 0.004416, D2H memcpy: 0.002368, MPI_Allreduce: 0.149252
[114][WAXPBY-2] waxpby_kernel: 0.246528
[114][WAXPBY-3] waxpby_kernel: 0.231552
[115][DOT-1] dot_kernel: 0.100960, dot_final_reduce_kernel: 0.004448, D2H memcpy: 0.001728, MPI_Allreduce: 0.009615
[115][WAXPBY-1] waxpby_kernel: 0.244992
[115][MATVEC] copyElementsToBuffer: 3.553408, D2H memcpy: 0.029856, int kernel: 3.572544, MPI comm: 4.001663, ext kernel: 0.170304
[115][DOT-2] dot_kernel: 0.150912, dot_final_reduce_kernel: 0.004608, D2H memcpy: 0.008896, MPI_Allreduce: 0.324864
[115][WAXPBY-2] waxpby_kernel: 0.246464
[115][WAXPBY-3] waxpby_kernel: 0.232032
[116][DOT-1] dot_kernel: 0.100608, dot_final_reduce_kernel: 0.004448, D2H memcpy: 0.007296, MPI_Allreduce: 0.009111
[116][WAXPBY-1] waxpby_kernel: 0.245984
[116][MATVEC] copyElementsToBuffer: 3.544992, D2H memcpy: 0.034944, int kernel: 3.572800, MPI comm: 4.009780, ext kernel: 0.164704
[116][DOT-2] dot_kernel: 0.150784, dot_final_reduce_kernel: 0.004480, D2H memcpy: 0.007936, MPI_Allreduce: 0.168544
[116][WAXPBY-2] waxpby_kernel: 0.244896
[116][WAXPBY-3] waxpby_kernel: 0.232128
[117][DOT-1] dot_kernel: 0.100928, dot_final_reduce_kernel: 0.004448, D2H memcpy: 0.001760, MPI_Allreduce: 0.009164
[117][WAXPBY-1] waxpby_kernel: 0.243264
[117][MATVEC] copyElementsToBuffer: 3.548640, D2H memcpy: 0.027552, int kernel: 3.573984, MPI comm: 4.020336, ext kernel: 0.166496
[117][DOT-2] dot_kernel: 0.150656, dot_final_reduce_kernel: 0.004608, D2H memcpy: 0.005504, MPI_Allreduce: 0.144125
[117][WAXPBY-2] waxpby_kernel: 0.246528
[117][WAXPBY-3] waxpby_kernel: 0.231840
[118][DOT-1] dot_kernel: 0.102400, dot_final_reduce_kernel: 0.004512, D2H memcpy: 0.006720, MPI_Allreduce: 0.012032
[118][WAXPBY-1] waxpby_kernel: 0.245472
[118][MATVEC] copyElementsToBuffer: 3.547584, D2H memcpy: 0.031744, int kernel: 3.573056, MPI comm: 4.003341, ext kernel: 0.165920
[118][DOT-2] dot_kernel: 0.151136, dot_final_reduce_kernel: 0.004416, D2H memcpy: 0.008416, MPI_Allreduce: 0.156269
[118][WAXPBY-2] waxpby_kernel: 0.243904
[118][WAXPBY-3] waxpby_kernel: 0.231488
[119][DOT-1] dot_kernel: 0.100608, dot_final_reduce_kernel: 0.004448, D2H memcpy: 0.005088, MPI_Allreduce: 0.009685
[119][WAXPBY-1] waxpby_kernel: 0.243136
[119][MATVEC] copyElementsToBuffer: 3.553024, D2H memcpy: 0.036320, int kernel: 3.574208, MPI comm: 4.048413, ext kernel: 0.165344
[119][DOT-2] dot_kernel: 0.150720, dot_final_reduce_kernel: 0.004480, D2H memcpy: 0.006688, MPI_Allreduce: 0.127278
[119][WAXPBY-2] waxpby_kernel: 0.244832
[119][WAXPBY-3] waxpby_kernel: 0.231360
Iteration = 120   Residual = 0.0466357
[120][DOT-1] dot_kernel: 0.099232, dot_final_reduce_kernel: 0.004640, D2H memcpy: 0.002400, MPI_Allreduce: 0.008971
[120][WAXPBY-1] waxpby_kernel: 0.244224
[120][MATVEC] copyElementsToBuffer: 3.554592, D2H memcpy: 0.028864, int kernel: 3.571296, MPI comm: 4.030707, ext kernel: 0.165056
[120][DOT-2] dot_kernel: 0.151200, dot_final_reduce_kernel: 0.004448, D2H memcpy: 0.008448, MPI_Allreduce: 0.138049
[120][WAXPBY-2] waxpby_kernel: 0.244512
[120][WAXPBY-3] waxpby_kernel: 0.231424
[121][DOT-1] dot_kernel: 0.098592, dot_final_reduce_kernel: 0.004448, D2H memcpy: 0.008064, MPI_Allreduce: 0.009068
[121][WAXPBY-1] waxpby_kernel: 0.245504
[121][MATVEC] copyElementsToBuffer: 3.554112, D2H memcpy: 0.032896, int kernel: 3.572032, MPI comm: 4.012700, ext kernel: 0.165024
[121][DOT-2] dot_kernel: 0.151520, dot_final_reduce_kernel: 0.004384, D2H memcpy: 0.003488, MPI_Allreduce: 0.158987
[121][WAXPBY-2] waxpby_kernel: 0.244320
[121][WAXPBY-3] waxpby_kernel: 0.232160
[122][DOT-1] dot_kernel: 0.101984, dot_final_reduce_kernel: 0.004512, D2H memcpy: 0.006880, MPI_Allreduce: 0.011021
[122][WAXPBY-1] waxpby_kernel: 0.244160
[122][MATVEC] copyElementsToBuffer: 3.548096, D2H memcpy: 0.036224, int kernel: 3.570400, MPI comm: 4.059427, ext kernel: 0.167328
[122][DOT-2] dot_kernel: 0.150848, dot_final_reduce_kernel: 0.004416, D2H memcpy: 0.007200, MPI_Allreduce: 0.123770
[122][WAXPBY-2] waxpby_kernel: 0.243488
[122][WAXPBY-3] waxpby_kernel: 0.231488
[123][DOT-1] dot_kernel: 0.101024, dot_final_reduce_kernel: 0.004416, D2H memcpy: 0.003968, MPI_Allreduce: 0.008371
[123][WAXPBY-1] waxpby_kernel: 0.246656
[123][MATVEC] copyElementsToBuffer: 3.554112, D2H memcpy: 0.032160, int kernel: 3.574656, MPI comm: 4.037511, ext kernel: 0.166816
[123][DOT-2] dot_kernel: 0.151008, dot_final_reduce_kernel: 0.004416, D2H memcpy: 0.002752, MPI_Allreduce: 0.142344
[123][WAXPBY-2] waxpby_kernel: 0.245696
[123][WAXPBY-3] waxpby_kernel: 0.231488
[124][DOT-1] dot_kernel: 0.100000, dot_final_reduce_kernel: 0.004448, D2H memcpy: 0.004064, MPI_Allreduce: 0.008978
[124][WAXPBY-1] waxpby_kernel: 0.245536
[124][MATVEC] copyElementsToBuffer: 3.551136, D2H memcpy: 0.031584, int kernel: 3.572288, MPI comm: 4.013289, ext kernel: 0.165536
[124][DOT-2] dot_kernel: 0.151456, dot_final_reduce_kernel: 0.004448, D2H memcpy: 0.007296, MPI_Allreduce: 0.147342
[124][WAXPBY-2] waxpby_kernel: 0.245440
[124][WAXPBY-3] waxpby_kernel: 0.231744
[125][DOT-1] dot_kernel: 0.102336, dot_final_reduce_kernel: 0.004448, D2H memcpy: 0.008096, MPI_Allreduce: 0.008435
[125][WAXPBY-1] waxpby_kernel: 0.245280
[125][MATVEC] copyElementsToBuffer: 3.549184, D2H memcpy: 0.028800, int kernel: 3.569408, MPI comm: 4.016221, ext kernel: 0.168768
[125][DOT-2] dot_kernel: 0.150432, dot_final_reduce_kernel: 0.004608, D2H memcpy: 0.004864, MPI_Allreduce: 0.144908
[125][WAXPBY-2] waxpby_kernel: 0.245408
[125][WAXPBY-3] waxpby_kernel: 0.231648
[126][DOT-1] dot_kernel: 0.100800, dot_final_reduce_kernel: 0.004480, D2H memcpy: 0.008768, MPI_Allreduce: 0.012110
[126][WAXPBY-1] waxpby_kernel: 0.246976
[126][MATVEC] copyElementsToBuffer: 3.552512, D2H memcpy: 0.034656, int kernel: 3.572928, MPI comm: 4.008536, ext kernel: 0.164736
[126][DOT-2] dot_kernel: 0.151584, dot_final_reduce_kernel: 0.004384, D2H memcpy: 0.006976, MPI_Allreduce: 0.159202
[126][WAXPBY-2] waxpby_kernel: 0.245344
[126][WAXPBY-3] waxpby_kernel: 0.231616
[127][DOT-1] dot_kernel: 0.100608, dot_final_reduce_kernel: 0.004416, D2H memcpy: 0.007360, MPI_Allreduce: 0.009926
[127][WAXPBY-1] waxpby_kernel: 0.243968
[127][MATVEC] copyElementsToBuffer: 3.553120, D2H memcpy: 0.030528, int kernel: 3.570944, MPI comm: 4.018797, ext kernel: 0.167200
[127][DOT-2] dot_kernel: 0.150656, dot_final_reduce_kernel: 0.004384, D2H memcpy: 0.008096, MPI_Allreduce: 0.155314
[127][WAXPBY-2] waxpby_kernel: 0.244512
[127][WAXPBY-3] waxpby_kernel: 0.231904
[128][DOT-1] dot_kernel: 0.101088, dot_final_reduce_kernel: 0.004448, D2H memcpy: 0.005824, MPI_Allreduce: 0.007824
[128][WAXPBY-1] waxpby_kernel: 0.243904
[128][MATVEC] copyElementsToBuffer: 3.549312, D2H memcpy: 0.027744, int kernel: 3.577536, MPI comm: 4.029922, ext kernel: 0.166208
[128][DOT-2] dot_kernel: 0.150912, dot_final_reduce_kernel: 0.004480, D2H memcpy: 0.008832, MPI_Allreduce: 0.140326
[128][WAXPBY-2] waxpby_kernel: 0.243968
[128][WAXPBY-3] waxpby_kernel: 0.231776
[129][DOT-1] dot_kernel: 0.099392, dot_final_reduce_kernel: 0.004480, D2H memcpy: 0.002720, MPI_Allreduce: 0.008628
[129][WAXPBY-1] waxpby_kernel: 0.245216
[129][MATVEC] copyElementsToBuffer: 3.546688, D2H memcpy: 0.035360, int kernel: 3.566848, MPI comm: 4.063377, ext kernel: 0.165792
[129][DOT-2] dot_kernel: 0.150848, dot_final_reduce_kernel: 0.004512, D2H memcpy: 0.009696, MPI_Allreduce: 0.096399
[129][WAXPBY-2] waxpby_kernel: 0.244288
[129][WAXPBY-3] waxpby_kernel: 0.231584
[130][DOT-1] dot_kernel: 0.100640, dot_final_reduce_kernel: 0.004640, D2H memcpy: 0.007904, MPI_Allreduce: 0.011933
[130][WAXPBY-1] waxpby_kernel: 0.243552
[130][MATVEC] copyElementsToBuffer: 3.550400, D2H memcpy: 0.031808, int kernel: 3.570208, MPI comm: 4.010755, ext kernel: 0.167456
[130][DOT-2] dot_kernel: 0.150208, dot_final_reduce_kernel: 0.004384, D2H memcpy: 0.009216, MPI_Allreduce: 0.151074
[130][WAXPBY-2] waxpby_kernel: 0.243712
[130][WAXPBY-3] waxpby_kernel: 0.231584
[131][DOT-1] dot_kernel: 0.097824, dot_final_reduce_kernel: 0.004416, D2H memcpy: 0.004704, MPI_Allreduce: 0.014135
[131][WAXPBY-1] waxpby_kernel: 0.243296
[131][MATVEC] copyElementsToBuffer: 3.552928, D2H memcpy: 0.033600, int kernel: 3.575488, MPI comm: 4.049848, ext kernel: 0.166432
[131][DOT-2] dot_kernel: 0.151168, dot_final_reduce_kernel: 0.004416, D2H memcpy: 0.004544, MPI_Allreduce: 0.124576
[131][WAXPBY-2] waxpby_kernel: 0.243488
[131][WAXPBY-3] waxpby_kernel: 0.231968
[132][DOT-1] dot_kernel: 0.100288, dot_final_reduce_kernel: 0.004448, D2H memcpy: 0.001824, MPI_Allreduce: 0.008171
[132][WAXPBY-1] waxpby_kernel: 0.244544
[132][MATVEC] copyElementsToBuffer: 3.544672, D2H memcpy: 0.027488, int kernel: 3.572096, MPI comm: 6.402464, ext kernel: 0.179456
[132][DOT-2] dot_kernel: 0.151328, dot_final_reduce_kernel: 0.004480, D2H memcpy: 0.011584, MPI_Allreduce: 0.030889
[132][WAXPBY-2] waxpby_kernel: 0.247072
[132][WAXPBY-3] waxpby_kernel: 0.231968
[133][DOT-1] dot_kernel: 0.102080, dot_final_reduce_kernel: 0.004448, D2H memcpy: 0.004704, MPI_Allreduce: 0.008580
[133][WAXPBY-1] waxpby_kernel: 0.243072
[133][MATVEC] copyElementsToBuffer: 3.551072, D2H memcpy: 1.602528, int kernel: 3.566976, MPI comm: 5.584330, ext kernel: 0.168224
[133][DOT-2] dot_kernel: 0.150976, dot_final_reduce_kernel: 0.004416, D2H memcpy: 0.008544, MPI_Allreduce: 0.012539
[133][WAXPBY-2] waxpby_kernel: 0.244032
[133][WAXPBY-3] waxpby_kernel: 0.232160
[134][DOT-1] dot_kernel: 0.102016, dot_final_reduce_kernel: 0.004480, D2H memcpy: 0.003744, MPI_Allreduce: 0.010953
[134][WAXPBY-1] waxpby_kernel: 0.244768
[134][MATVEC] copyElementsToBuffer: 3.552992, D2H memcpy: 0.052800, int kernel: 3.590592, MPI comm: 6.177515, ext kernel: 0.166240
[134][DOT-2] dot_kernel: 0.150624, dot_final_reduce_kernel: 0.004384, D2H memcpy: 0.003712, MPI_Allreduce: 0.299503
[134][WAXPBY-2] waxpby_kernel: 0.245248
[134][WAXPBY-3] waxpby_kernel: 0.232032
[135][DOT-1] dot_kernel: 0.100384, dot_final_reduce_kernel: 0.004448, D2H memcpy: 0.006208, MPI_Allreduce: 0.009816
[135][WAXPBY-1] waxpby_kernel: 0.245024
[135][MATVEC] copyElementsToBuffer: 3.550016, D2H memcpy: 0.045568, int kernel: 3.575744, MPI comm: 4.454359, ext kernel: 0.166976
[135][DOT-2] dot_kernel: 0.151392, dot_final_reduce_kernel: 0.004416, D2H memcpy: 0.003712, MPI_Allreduce: 0.166051
[135][WAXPBY-2] waxpby_kernel: 0.242784
[135][WAXPBY-3] waxpby_kernel: 0.231648
[136][DOT-1] dot_kernel: 0.102464, dot_final_reduce_kernel: 0.004448, D2H memcpy: 0.006816, MPI_Allreduce: 0.009756
[136][WAXPBY-1] waxpby_kernel: 0.245824
[136][MATVEC] copyElementsToBuffer: 3.554016, D2H memcpy: 0.051872, int kernel: 3.584096, MPI comm: 4.051134, ext kernel: 0.163392
[136][DOT-2] dot_kernel: 0.151168, dot_final_reduce_kernel: 0.004480, D2H memcpy: 0.008416, MPI_Allreduce: 0.130549
[136][WAXPBY-2] waxpby_kernel: 0.245632
[136][WAXPBY-3] waxpby_kernel: 0.232224
[137][DOT-1] dot_kernel: 0.102528, dot_final_reduce_kernel: 0.004448, D2H memcpy: 0.008320, MPI_Allreduce: 0.008972
[137][WAXPBY-1] waxpby_kernel: 0.246432
[137][MATVEC] copyElementsToBuffer: 3.547296, D2H memcpy: 0.064864, int kernel: 3.582368, MPI comm: 4.037535, ext kernel: 0.164800
[137][DOT-2] dot_kernel: 0.151200, dot_final_reduce_kernel: 0.004384, D2H memcpy: 0.007104, MPI_Allreduce: 0.134385
[137][WAXPBY-2] waxpby_kernel: 0.244992
[137][WAXPBY-3] waxpby_kernel: 0.232288
[138][DOT-1] dot_kernel: 0.099040, dot_final_reduce_kernel: 0.004480, D2H memcpy: 0.004352, MPI_Allreduce: 0.011672
[138][WAXPBY-1] waxpby_kernel: 0.246560
[138][MATVEC] copyElementsToBuffer: 3.556064, D2H memcpy: 0.061472, int kernel: 3.582848, MPI comm: 4.033150, ext kernel: 0.165344
[138][DOT-2] dot_kernel: 0.151040, dot_final_reduce_kernel: 0.004608, D2H memcpy: 0.005888, MPI_Allreduce: 0.142195
[138][WAXPBY-2] waxpby_kernel: 0.246624
[138][WAXPBY-3] waxpby_kernel: 0.231712
[139][DOT-1] dot_kernel: 0.100288, dot_final_reduce_kernel: 0.004448, D2H memcpy: 0.006720, MPI_Allreduce: 0.008398
[139][WAXPBY-1] waxpby_kernel: 0.245824
[139][MATVEC] copyElementsToBuffer: 3.552576, D2H memcpy: 0.075840, int kernel: 3.580320, MPI comm: 4.030254, ext kernel: 0.164128
[139][DOT-2] dot_kernel: 0.150880, dot_final_reduce_kernel: 0.004416, D2H memcpy: 0.004448, MPI_Allreduce: 0.141198
[139][WAXPBY-2] waxpby_kernel: 0.245856
[139][WAXPBY-3] waxpby_kernel: 0.231520
Iteration = 140   Residual = 0.120325
[140][DOT-1] dot_kernel: 0.103584, dot_final_reduce_kernel: 0.004448, D2H memcpy: 0.006752, MPI_Allreduce: 0.008890
[140][WAXPBY-1] waxpby_kernel: 0.244768
[140][MATVEC] copyElementsToBuffer: 3.543968, D2H memcpy: 0.057408, int kernel: 3.577248, MPI comm: 4.022682, ext kernel: 0.163552
[140][DOT-2] dot_kernel: 0.151648, dot_final_reduce_kernel: 0.004448, D2H memcpy: 0.008768, MPI_Allreduce: 0.139642
[140][WAXPBY-2] waxpby_kernel: 0.244320
[140][WAXPBY-3] waxpby_kernel: 0.232032
[141][DOT-1] dot_kernel: 0.102976, dot_final_reduce_kernel: 0.004576, D2H memcpy: 0.005536, MPI_Allreduce: 0.008322
[141][WAXPBY-1] waxpby_kernel: 0.246784
[141][MATVEC] copyElementsToBuffer: 3.554976, D2H memcpy: 0.064032, int kernel: 3.579936, MPI comm: 4.033750, ext kernel: 0.164608
[141][DOT-2] dot_kernel: 0.151200, dot_final_reduce_kernel: 0.004384, D2H memcpy: 0.008256, MPI_Allreduce: 0.141494
[141][WAXPBY-2] waxpby_kernel: 0.245024
[141][WAXPBY-3] waxpby_kernel: 0.231872
[142][DOT-1] dot_kernel: 0.101504, dot_final_reduce_kernel: 0.004480, D2H memcpy: 0.002592, MPI_Allreduce: 0.011650
[142][WAXPBY-1] waxpby_kernel: 0.246048
[142][MATVEC] copyElementsToBuffer: 3.548448, D2H memcpy: 0.069824, int kernel: 3.583488, MPI comm: 4.068594, ext kernel: 0.162432
[142][DOT-2] dot_kernel: 0.150400, dot_final_reduce_kernel: 0.004672, D2H memcpy: 0.008192, MPI_Allreduce: 0.109140
[142][WAXPBY-2] waxpby_kernel: 0.245184
[142][WAXPBY-3] waxpby_kernel: 0.231488
[143][DOT-1] dot_kernel: 0.101088, dot_final_reduce_kernel: 0.004416, D2H memcpy: 0.002688, MPI_Allreduce: 0.008909
[143][WAXPBY-1] waxpby_kernel: 0.244576
[143][MATVEC] copyElementsToBuffer: 3.547968, D2H memcpy: 0.076128, int kernel: 3.582848, MPI comm: 4.028492, ext kernel: 0.167456
[143][DOT-2] dot_kernel: 0.151328, dot_final_reduce_kernel: 0.004416, D2H memcpy: 0.007584, MPI_Allreduce: 0.133082
[143][WAXPBY-2] waxpby_kernel: 0.245632
[143][WAXPBY-3] waxpby_kernel: 0.232064
[144][DOT-1] dot_kernel: 0.098848, dot_final_reduce_kernel: 0.004416, D2H memcpy: 0.007200, MPI_Allreduce: 0.008625
[144][WAXPBY-1] waxpby_kernel: 0.247712
[144][MATVEC] copyElementsToBuffer: 3.545792, D2H memcpy: 0.062720, int kernel: 3.578880, MPI comm: 4.041456, ext kernel: 0.162752
[144][DOT-2] dot_kernel: 0.150880, dot_final_reduce_kernel: 0.004480, D2H memcpy: 0.007584, MPI_Allreduce: 0.144099
[144][WAXPBY-2] waxpby_kernel: 0.245536
[144][WAXPBY-3] waxpby_kernel: 0.231488
[145][DOT-1] dot_kernel: 0.098432, dot_final_reduce_kernel: 0.004480, D2H memcpy: 0.007488, MPI_Allreduce: 0.007929
[145][WAXPBY-1] waxpby_kernel: 0.246880
[145][MATVEC] copyElementsToBuffer: 3.547904, D2H memcpy: 0.073120, int kernel: 3.578016, MPI comm: 4.022295, ext kernel: 0.164928
[145][DOT-2] dot_kernel: 0.150752, dot_final_reduce_kernel: 0.004512, D2H memcpy: 0.005952, MPI_Allreduce: 0.151462
[145][WAXPBY-2] waxpby_kernel: 0.245056
[145][WAXPBY-3] waxpby_kernel: 0.231360
[146][DOT-1] dot_kernel: 0.099456, dot_final_reduce_kernel: 0.004480, D2H memcpy: 0.006176, MPI_Allreduce: 0.012659
[146][WAXPBY-1] waxpby_kernel: 0.245600
[146][MATVEC] copyElementsToBuffer: 3.548320, D2H memcpy: 0.072992, int kernel: 3.579776, MPI comm: 4.052796, ext kernel: 0.165600
[146][DOT-2] dot_kernel: 0.150624, dot_final_reduce_kernel: 0.004608, D2H memcpy: 0.006560, MPI_Allreduce: 0.115786
[146][WAXPBY-2] waxpby_kernel: 0.244704
[146][WAXPBY-3] waxpby_kernel: 0.232032
[147][DOT-1] dot_kernel: 0.096576, dot_final_reduce_kernel: 0.004416, D2H memcpy: 0.003360, MPI_Allreduce: 0.009053
[147][WAXPBY-1] waxpby_kernel: 0.243776
[147][MATVEC] copyElementsToBuffer: 3.556896, D2H memcpy: 0.078912, int kernel: 3.581696, MPI comm: 4.042638, ext kernel: 0.164480
[147][DOT-2] dot_kernel: 0.151296, dot_final_reduce_kernel: 0.004416, D2H memcpy: 0.009376, MPI_Allreduce: 0.120589
[147][WAXPBY-2] waxpby_kernel: 0.243648
[147][WAXPBY-3] waxpby_kernel: 0.232000
[148][DOT-1] dot_kernel: 0.099968, dot_final_reduce_kernel: 0.004448, D2H memcpy: 0.008224, MPI_Allreduce: 0.009084
[148][WAXPBY-1] waxpby_kernel: 0.244800
[148][MATVEC] copyElementsToBuffer: 3.546784, D2H memcpy: 0.080032, int kernel: 3.571168, MPI comm: 4.040894, ext kernel: 0.163808
[148][DOT-2] dot_kernel: 0.150784, dot_final_reduce_kernel: 0.004448, D2H memcpy: 0.006816, MPI_Allreduce: 0.132048
[148][WAXPBY-2] waxpby_kernel: 0.245536
[148][WAXPBY-3] waxpby_kernel: 0.231808
[149][DOT-1] dot_kernel: 0.102016, dot_final_reduce_kernel: 0.004448, D2H memcpy: 0.006816, MPI_Allreduce: 0.009011
[149][WAXPBY-1] waxpby_kernel: 0.245312
[149][MATVEC] copyElementsToBuffer: 3.546816, D2H memcpy: 0.081856, int kernel: 3.580192, MPI comm: 4.050944, ext kernel: 0.163456
[149][DOT-2] dot_kernel: 0.151072, dot_final_reduce_kernel: 0.004416, D2H memcpy: 0.006528, MPI_Allreduce: 0.123686
[149][WAXPBY-2] waxpby_kernel: 0.243072
[149][WAXPBY-3] waxpby_kernel: 0.231520
[150][DOT-1] dot_kernel: 0.101568, dot_final_reduce_kernel: 0.004480, D2H memcpy: 0.007840, MPI_Allreduce: 0.011136
[150][WAXPBY-1] waxpby_kernel: 0.244320
[150][MATVEC] copyElementsToBuffer: 3.551456, D2H memcpy: 0.063104, int kernel: 3.578656, MPI comm: 4.056569, ext kernel: 0.164096
[150][DOT-2] dot_kernel: 0.150880, dot_final_reduce_kernel: 0.004416, D2H memcpy: 0.009056, MPI_Allreduce: 0.119057
[150][WAXPBY-2] waxpby_kernel: 0.245280
[150][WAXPBY-3] waxpby_kernel: 0.231840
[151][DOT-1] dot_kernel: 0.099776, dot_final_reduce_kernel: 0.004448, D2H memcpy: 0.002720, MPI_Allreduce: 0.008359
[151][WAXPBY-1] waxpby_kernel: 0.245824
[151][MATVEC] copyElementsToBuffer: 3.550336, D2H memcpy: 0.081536, int kernel: 3.586496, MPI comm: 4.038125, ext kernel: 0.163904
[151][DOT-2] dot_kernel: 0.150464, dot_final_reduce_kernel: 0.004416, D2H memcpy: 0.008128, MPI_Allreduce: 0.151127
[151][WAXPBY-2] waxpby_kernel: 0.243776
[151][WAXPBY-3] waxpby_kernel: 0.231776
[152][DOT-1] dot_kernel: 0.098400, dot_final_reduce_kernel: 0.004448, D2H memcpy: 0.001792, MPI_Allreduce: 0.008447
[152][WAXPBY-1] waxpby_kernel: 0.245696
[152][MATVEC] copyElementsToBuffer: 3.554592, D2H memcpy: 0.080480, int kernel: 3.584960, MPI comm: 4.036296, ext kernel: 0.165856
[152][DOT-2] dot_kernel: 0.151104, dot_final_reduce_kernel: 0.004448, D2H memcpy: 0.005536, MPI_Allreduce: 0.128983
[152][WAXPBY-2] waxpby_kernel: 0.245152
[152][WAXPBY-3] waxpby_kernel: 0.231680
[153][DOT-1] dot_kernel: 0.100192, dot_final_reduce_kernel: 0.004544, D2H memcpy: 0.006816, MPI_Allreduce: 0.008011
[153][WAXPBY-1] waxpby_kernel: 0.245344
[153][MATVEC] copyElementsToBuffer: 3.550432, D2H memcpy: 0.061088, int kernel: 3.583072, MPI comm: 4.033148, ext kernel: 0.165056
[153][DOT-2] dot_kernel: 0.151040, dot_final_reduce_kernel: 0.004416, D2H memcpy: 0.006432, MPI_Allreduce: 0.135645
[153][WAXPBY-2] waxpby_kernel: 0.245952
[153][WAXPBY-3] waxpby_kernel: 0.231520
[154][DOT-1] dot_kernel: 0.101152, dot_final_reduce_kernel: 0.004608, D2H memcpy: 0.005440, MPI_Allreduce: 0.012419
[154][WAXPBY-1] waxpby_kernel: 0.244928
[154][MATVEC] copyElementsToBuffer: 3.547200, D2H memcpy: 0.073824, int kernel: 3.579328, MPI comm: 4.031791, ext kernel: 0.165440
[154][DOT-2] dot_kernel: 0.150656, dot_final_reduce_kernel: 0.004608, D2H memcpy: 0.002400, MPI_Allreduce: 0.142027
[154][WAXPBY-2] waxpby_kernel: 0.244416
[154][WAXPBY-3] waxpby_kernel: 0.232160
[155][DOT-1] dot_kernel: 0.102080, dot_final_reduce_kernel: 0.004448, D2H memcpy: 0.008928, MPI_Allreduce: 0.007907
[155][WAXPBY-1] waxpby_kernel: 0.242912
[155][MATVEC] copyElementsToBuffer: 3.543552, D2H memcpy: 0.055808, int kernel: 3.575040, MPI comm: 4.019049, ext kernel: 0.166272
[155][DOT-2] dot_kernel: 0.150784, dot_final_reduce_kernel: 0.004384, D2H memcpy: 0.004416, MPI_Allreduce: 0.165158
[155][WAXPBY-2] waxpby_kernel: 0.241984
[155][WAXPBY-3] waxpby_kernel: 0.231776
[156][DOT-1] dot_kernel: 0.101344, dot_final_reduce_kernel: 0.004448, D2H memcpy: 0.006240, MPI_Allreduce: 0.007273
[156][WAXPBY-1] waxpby_kernel: 0.244992
[156][MATVEC] copyElementsToBuffer: 3.554048, D2H memcpy: 0.074688, int kernel: 3.584256, MPI comm: 4.028447, ext kernel: 0.165504
[156][DOT-2] dot_kernel: 0.150720, dot_final_reduce_kernel: 0.004480, D2H memcpy: 0.008960, MPI_Allreduce: 0.152525
[156][WAXPBY-2] waxpby_kernel: 0.242272
[156][WAXPBY-3] waxpby_kernel: 0.231552
[157][DOT-1] dot_kernel: 0.100768, dot_final_reduce_kernel: 0.004448, D2H memcpy: 0.005440, MPI_Allreduce: 0.008297
[157][WAXPBY-1] waxpby_kernel: 0.245184
[157][MATVEC] copyElementsToBuffer: 3.543840, D2H memcpy: 0.076064, int kernel: 3.579264, MPI comm: 4.031912, ext kernel: 0.163200
[157][DOT-2] dot_kernel: 0.150976, dot_final_reduce_kernel: 0.004608, D2H memcpy: 0.006208, MPI_Allreduce: 0.154273
[157][WAXPBY-2] waxpby_kernel: 0.244992
[157][WAXPBY-3] waxpby_kernel: 0.231392
[158][DOT-1] dot_kernel: 0.100448, dot_final_reduce_kernel: 0.004512, D2H memcpy: 0.005248, MPI_Allreduce: 0.011406
[158][WAXPBY-1] waxpby_kernel: 0.247040
[158][MATVEC] copyElementsToBuffer: 3.546720, D2H memcpy: 0.064896, int kernel: 3.577824, MPI comm: 4.029312, ext kernel: 0.166784
[158][DOT-2] dot_kernel: 0.150624, dot_final_reduce_kernel: 0.004384, D2H memcpy: 0.007936, MPI_Allreduce: 0.123360
[158][WAXPBY-2] waxpby_kernel: 0.245952
[158][WAXPBY-3] waxpby_kernel: 0.231616
[159][DOT-1] dot_kernel: 0.101824, dot_final_reduce_kernel: 0.004416, D2H memcpy: 0.002496, MPI_Allreduce: 0.009918
[159][WAXPBY-1] waxpby_kernel: 0.246144
[159][MATVEC] copyElementsToBuffer: 3.552192, D2H memcpy: 0.073216, int kernel: 3.582432, MPI comm: 4.046645, ext kernel: 0.164800
[159][DOT-2] dot_kernel: 0.150336, dot_final_reduce_kernel: 0.004384, D2H memcpy: 0.009568, MPI_Allreduce: 0.116718
[159][WAXPBY-2] waxpby_kernel: 0.244288
[159][WAXPBY-3] waxpby_kernel: 0.232000
Iteration = 160   Residual = 0.0187255
[160][DOT-1] dot_kernel: 0.100512, dot_final_reduce_kernel: 0.004448, D2H memcpy: 0.002208, MPI_Allreduce: 0.007996
[160][WAXPBY-1] waxpby_kernel: 0.244800
[160][MATVEC] copyElementsToBuffer: 3.549856, D2H memcpy: 0.054976, int kernel: 3.575424, MPI comm: 4.057954, ext kernel: 0.161440
[160][DOT-2] dot_kernel: 0.150688, dot_final_reduce_kernel: 0.004480, D2H memcpy: 0.006560, MPI_Allreduce: 0.119673
[160][WAXPBY-2] waxpby_kernel: 0.244800
[160][WAXPBY-3] waxpby_kernel: 0.231936
[161][DOT-1] dot_kernel: 0.099008, dot_final_reduce_kernel: 0.004416, D2H memcpy: 0.007456, MPI_Allreduce: 0.008627
[161][WAXPBY-1] waxpby_kernel: 0.246208
[161][MATVEC] copyElementsToBuffer: 3.552352, D2H memcpy: 0.071776, int kernel: 3.582144, MPI comm: 4.027783, ext kernel: 0.165024
[161][DOT-2] dot_kernel: 0.150880, dot_final_reduce_kernel: 0.004416, D2H memcpy: 0.008928, MPI_Allreduce: 0.139867
[161][WAXPBY-2] waxpby_kernel: 0.245568
[161][WAXPBY-3] waxpby_kernel: 0.232032
[162][DOT-1] dot_kernel: 0.101472, dot_final_reduce_kernel: 0.004480, D2H memcpy: 0.007456, MPI_Allreduce: 0.013154
[162][WAXPBY-1] waxpby_kernel: 0.244096
[162][MATVEC] copyElementsToBuffer: 3.546400, D2H memcpy: 0.066560, int kernel: 3.579840, MPI comm: 4.025307, ext kernel: 0.167936
[162][DOT-2] dot_kernel: 0.150880, dot_final_reduce_kernel: 0.004384, D2H memcpy: 0.009088, MPI_Allreduce: 0.129209
[162][WAXPBY-2] waxpby_kernel: 0.243680
[162][WAXPBY-3] waxpby_kernel: 0.231392
[163][DOT-1] dot_kernel: 0.102976, dot_final_reduce_kernel: 0.004416, D2H memcpy: 0.004416, MPI_Allreduce: 0.007803
[163][WAXPBY-1] waxpby_kernel: 0.243776
[163][MATVEC] copyElementsToBuffer: 3.548736, D2H memcpy: 0.060896, int kernel: 3.581536, MPI comm: 4.165014, ext kernel: 0.165056
[163][DOT-2] dot_kernel: 0.151424, dot_final_reduce_kernel: 0.004448, D2H memcpy: 0.009440, MPI_Allreduce: 0.012192
[163][WAXPBY-2] waxpby_kernel: 0.242688
[163][WAXPBY-3] waxpby_kernel: 0.231552
[164][DOT-1] dot_kernel: 0.100416, dot_final_reduce_kernel: 0.004416, D2H memcpy: 0.006368, MPI_Allreduce: 0.007949
[164][WAXPBY-1] waxpby_kernel: 0.245664
[164][MATVEC] copyElementsToBuffer: 3.548128, D2H memcpy: 0.056320, int kernel: 3.575936, MPI comm: 4.025797, ext kernel: 0.163744
[164][DOT-2] dot_kernel: 0.151072, dot_final_reduce_kernel: 0.004448, D2H memcpy: 0.004896, MPI_Allreduce: 0.163097
[164][WAXPBY-2] waxpby_kernel: 0.245504
[164][WAXPBY-3] waxpby_kernel: 0.232320
[165][DOT-1] dot_kernel: 0.101568, dot_final_reduce_kernel: 0.004448, D2H memcpy: 0.006912, MPI_Allreduce: 0.008663
[165][WAXPBY-1] waxpby_kernel: 0.245248
[165][MATVEC] copyElementsToBuffer: 3.556096, D2H memcpy: 0.074912, int kernel: 3.583584, MPI comm: 4.036945, ext kernel: 0.165024
[165][DOT-2] dot_kernel: 0.151712, dot_final_reduce_kernel: 0.004384, D2H memcpy: 0.006080, MPI_Allreduce: 0.135532
[165][WAXPBY-2] waxpby_kernel: 0.246464
[165][WAXPBY-3] waxpby_kernel: 0.231744
[166][DOT-1] dot_kernel: 0.098752, dot_final_reduce_kernel: 0.004544, D2H memcpy: 0.005440, MPI_Allreduce: 0.011880
[166][WAXPBY-1] waxpby_kernel: 0.243968
[166][MATVEC] copyElementsToBuffer: 3.552928, D2H memcpy: 0.058688, int kernel: 3.580256, MPI comm: 4.032136, ext kernel: 0.167040
[166][DOT-2] dot_kernel: 0.151040, dot_final_reduce_kernel: 0.004384, D2H memcpy: 0.009120, MPI_Allreduce: 0.133655
[166][WAXPBY-2] waxpby_kernel: 0.244448
[166][WAXPBY-3] waxpby_kernel: 0.231552
[167][DOT-1] dot_kernel: 0.100800, dot_final_reduce_kernel: 0.004448, D2H memcpy: 0.007104, MPI_Allreduce: 0.008415
[167][WAXPBY-1] waxpby_kernel: 0.247872
[167][MATVEC] copyElementsToBuffer: 3.551072, D2H memcpy: 0.074752, int kernel: 3.581696, MPI comm: 4.046041, ext kernel: 0.163232
[167][DOT-2] dot_kernel: 0.150496, dot_final_reduce_kernel: 0.004384, D2H memcpy: 0.004768, MPI_Allreduce: 0.137812
[167][WAXPBY-2] waxpby_kernel: 0.245120
[167][WAXPBY-3] waxpby_kernel: 0.231520
[168][DOT-1] dot_kernel: 0.099552, dot_final_reduce_kernel: 0.004480, D2H memcpy: 0.007968, MPI_Allreduce: 0.450962
[168][WAXPBY-1] waxpby_kernel: 0.249344
[168][MATVEC] copyElementsToBuffer: 3.553056, D2H memcpy: 0.064704, int kernel: 3.579712, MPI comm: 4.057761, ext kernel: 0.167936
[168][DOT-2] dot_kernel: 0.150912, dot_final_reduce_kernel: 0.004480, D2H memcpy: 0.010816, MPI_Allreduce: 0.107650
[168][WAXPBY-2] waxpby_kernel: 0.244928
[168][WAXPBY-3] waxpby_kernel: 0.231456
[169][DOT-1] dot_kernel: 0.099904, dot_final_reduce_kernel: 0.004640, D2H memcpy: 0.004320, MPI_Allreduce: 0.007890
[169][WAXPBY-1] waxpby_kernel: 0.244544
[169][MATVEC] copyElementsToBuffer: 3.549216, D2H memcpy: 0.073504, int kernel: 3.585024, MPI comm: 4.049427, ext kernel: 0.166016
[169][DOT-2] dot_kernel: 0.151680, dot_final_reduce_kernel: 0.004384, D2H memcpy: 0.003904, MPI_Allreduce: 0.129155
[169][WAXPBY-2] waxpby_kernel: 0.244064
[169][WAXPBY-3] waxpby_kernel: 0.231776
[170][DOT-1] dot_kernel: 0.103712, dot_final_reduce_kernel: 0.004480, D2H memcpy: 0.003680, MPI_Allreduce: 0.010745
[170][WAXPBY-1] waxpby_kernel: 0.248864
[170][MATVEC] copyElementsToBuffer: 3.552768, D2H memcpy: 0.073248, int kernel: 3.582112, MPI comm: 5.657898, ext kernel: 0.164864
[170][DOT-2] dot_kernel: 0.151232, dot_final_reduce_kernel: 0.004384, D2H memcpy: 0.007296, MPI_Allreduce: 0.259883
[170][WAXPBY-2] waxpby_kernel: 0.246272
[170][WAXPBY-3] waxpby_kernel: 0.231712
[171][DOT-1] dot_kernel: 0.099296, dot_final_reduce_kernel: 0.004448, D2H memcpy: 0.007648, MPI_Allreduce: 0.009603
[171][WAXPBY-1] waxpby_kernel: 0.246368
[171][MATVEC] copyElementsToBuffer: 3.551072, D2H memcpy: 0.076096, int kernel: 3.578816, MPI comm: 6.421823, ext kernel: 0.165152
[171][DOT-2] dot_kernel: 0.150624, dot_final_reduce_kernel: 0.004416, D2H memcpy: 0.009024, MPI_Allreduce: 1.627124
[171][WAXPBY-2] waxpby_kernel: 0.246880
[171][WAXPBY-3] waxpby_kernel: 0.231872
[172][DOT-1] dot_kernel: 0.098816, dot_final_reduce_kernel: 0.004448, D2H memcpy: 0.007744, MPI_Allreduce: 0.010117
[172][WAXPBY-1] waxpby_kernel: 0.248064
[172][MATVEC] copyElementsToBuffer: 3.547968, D2H memcpy: 0.073760, int kernel: 3.577312, MPI comm: 5.662296, ext kernel: 0.168128
[172][DOT-2] dot_kernel: 0.150592, dot_final_reduce_kernel: 0.004480, D2H memcpy: 0.006368, MPI_Allreduce: 0.260137
[172][WAXPBY-2] waxpby_kernel: 0.244288
[172][WAXPBY-3] waxpby_kernel: 0.231424
[173][DOT-1] dot_kernel: 0.101376, dot_final_reduce_kernel: 0.004416, D2H memcpy: 0.003328, MPI_Allreduce: 0.007841
[173][WAXPBY-1] waxpby_kernel: 0.247648
[173][MATVEC] copyElementsToBuffer: 3.552416, D2H memcpy: 0.067520, int kernel: 3.579744, MPI comm: 4.061621, ext kernel: 0.163552
[173][DOT-2] dot_kernel: 0.150944, dot_final_reduce_kernel: 0.004448, D2H memcpy: 0.009152, MPI_Allreduce: 0.129063
[173][WAXPBY-2] waxpby_kernel: 0.248000
[173][WAXPBY-3] waxpby_kernel: 0.231424
[174][DOT-1] dot_kernel: 0.101408, dot_final_reduce_kernel: 0.004480, D2H memcpy: 0.004160, MPI_Allreduce: 0.012710
[174][WAXPBY-1] waxpby_kernel: 0.246592
[174][MATVEC] copyElementsToBuffer: 3.545120, D2H memcpy: 0.077792, int kernel: 3.583808, MPI comm: 4.052701, ext kernel: 0.162592
[174][DOT-2] dot_kernel: 0.151104, dot_final_reduce_kernel: 0.004384, D2H memcpy: 0.002240, MPI_Allreduce: 0.164835
[174][WAXPBY-2] waxpby_kernel: 0.245632
[174][WAXPBY-3] waxpby_kernel: 0.231520
[175][DOT-1] dot_kernel: 0.101728, dot_final_reduce_kernel: 0.004544, D2H memcpy: 0.009088, MPI_Allreduce: 0.008646
[175][WAXPBY-1] waxpby_kernel: 0.243936
[175][MATVEC] copyElementsToBuffer: 3.546656, D2H memcpy: 0.062976, int kernel: 3.576672, MPI comm: 4.063108, ext kernel: 0.166560
[175][DOT-2] dot_kernel: 0.151328, dot_final_reduce_kernel: 0.004416, D2H memcpy: 0.002272, MPI_Allreduce: 0.131839
[175][WAXPBY-2] waxpby_kernel: 0.245920
[175][WAXPBY-3] waxpby_kernel: 0.231744
[176][DOT-1] dot_kernel: 0.098048, dot_final_reduce_kernel: 0.004448, D2H memcpy: 0.003136, MPI_Allreduce: 0.008922
[176][WAXPBY-1] waxpby_kernel: 0.246624
[176][MATVEC] copyElementsToBuffer: 3.551680, D2H memcpy: 0.074368, int kernel: 3.580896, MPI comm: 4.027623, ext kernel: 0.166048
[176][DOT-2] dot_kernel: 0.150848, dot_final_reduce_kernel: 0.004448, D2H memcpy: 0.007552, MPI_Allreduce: 0.171163
[176][WAXPBY-2] waxpby_kernel: 0.243104
[176][WAXPBY-3] waxpby_kernel: 0.231712
[177][DOT-1] dot_kernel: 0.102304, dot_final_reduce_kernel: 0.004448, D2H memcpy: 0.004288, MPI_Allreduce: 0.007769
[177][WAXPBY-1] waxpby_kernel: 0.244992
[177][MATVEC] copyElementsToBuffer: 3.553984, D2H memcpy: 0.079456, int kernel: 3.583872, MPI comm: 4.034880, ext kernel: 0.165632
[177][DOT-2] dot_kernel: 0.150944, dot_final_reduce_kernel: 0.004384, D2H memcpy: 0.009408, MPI_Allreduce: 0.148506
[177][WAXPBY-2] waxpby_kernel: 0.243744
[177][WAXPBY-3] waxpby_kernel: 0.232032
[178][DOT-1] dot_kernel: 0.101280, dot_final_reduce_kernel: 0.004512, D2H memcpy: 0.007968, MPI_Allreduce: 0.011226
[178][WAXPBY-1] waxpby_kernel: 0.244320
[178][MATVEC] copyElementsToBuffer: 3.553632, D2H memcpy: 0.081536, int kernel: 3.572416, MPI comm: 4.041370, ext kernel: 0.164896
[178][DOT-2] dot_kernel: 0.151040, dot_final_reduce_kernel: 0.004384, D2H memcpy: 0.008224, MPI_Allreduce: 0.154377
[178][WAXPBY-2] waxpby_kernel: 0.246208
[178][WAXPBY-3] waxpby_kernel: 0.231584
[179][DOT-1] dot_kernel: 0.100608, dot_final_reduce_kernel: 0.004448, D2H memcpy: 0.002880, MPI_Allreduce: 0.008186
[179][WAXPBY-1] waxpby_kernel: 0.246496
[179][MATVEC] copyElementsToBuffer: 3.550720, D2H memcpy: 0.070720, int kernel: 3.580480, MPI comm: 4.028988, ext kernel: 0.166432
[179][DOT-2] dot_kernel: 0.150720, dot_final_reduce_kernel: 0.004384, D2H memcpy: 0.009504, MPI_Allreduce: 0.161074
[179][WAXPBY-2] waxpby_kernel: 0.244928
[179][WAXPBY-3] waxpby_kernel: 0.231968
Iteration = 180   Residual = 0.0157535
[180][DOT-1] dot_kernel: 0.098400, dot_final_reduce_kernel: 0.004448, D2H memcpy: 0.003584, MPI_Allreduce: 0.008902
[180][WAXPBY-1] waxpby_kernel: 0.246560
[180][MATVEC] copyElementsToBuffer: 3.546560, D2H memcpy: 0.077920, int kernel: 3.581536, MPI comm: 4.030168, ext kernel: 0.166016
[180][DOT-2] dot_kernel: 0.151392, dot_final_reduce_kernel: 0.004448, D2H memcpy: 0.007648, MPI_Allreduce: 0.176666
[180][WAXPBY-2] waxpby_kernel: 0.242816
[180][WAXPBY-3] waxpby_kernel: 0.231648
[181][DOT-1] dot_kernel: 0.100992, dot_final_reduce_kernel: 0.004416, D2H memcpy: 0.005792, MPI_Allreduce: 0.007467
[181][WAXPBY-1] waxpby_kernel: 0.245216
[181][MATVEC] copyElementsToBuffer: 3.554080, D2H memcpy: 0.070208, int kernel: 3.584992, MPI comm: 4.059392, ext kernel: 0.162176
[181][DOT-2] dot_kernel: 0.150656, dot_final_reduce_kernel: 0.004416, D2H memcpy: 0.003872, MPI_Allreduce: 0.144981
[181][WAXPBY-2] waxpby_kernel: 0.243264
[181][WAXPBY-3] waxpby_kernel: 0.231744
[182][DOT-1] dot_kernel: 0.101312, dot_final_reduce_kernel: 0.004512, D2H memcpy: 0.007424, MPI_Allreduce: 0.011775
[182][WAXPBY-1] waxpby_kernel: 0.246016
[182][MATVEC] copyElementsToBuffer: 3.555520, D2H memcpy: 0.076448, int kernel: 3.583488, MPI comm: 4.049921, ext kernel: 0.163520
[182][DOT-2] dot_kernel: 0.151072, dot_final_reduce_kernel: 0.004480, D2H memcpy: 0.006976, MPI_Allreduce: 0.140088
[182][WAXPBY-2] waxpby_kernel: 0.245152
[182][WAXPBY-3] waxpby_kernel: 0.231712
[183][DOT-1] dot_kernel: 0.101344, dot_final_reduce_kernel: 0.004416, D2H memcpy: 0.001888, MPI_Allreduce: 0.009089
[183][WAXPBY-1] waxpby_kernel: 0.244960
[183][MATVEC] copyElementsToBuffer: 3.551648, D2H memcpy: 0.060928, int kernel: 3.580256, MPI comm: 4.039566, ext kernel: 0.166176
[183][DOT-2] dot_kernel: 0.151552, dot_final_reduce_kernel: 0.004416, D2H memcpy: 0.008256, MPI_Allreduce: 0.146130
[183][WAXPBY-2] waxpby_kernel: 0.245184
[183][WAXPBY-3] waxpby_kernel: 0.231616
[184][DOT-1] dot_kernel: 0.099296, dot_final_reduce_kernel: 0.004448, D2H memcpy: 0.003840, MPI_Allreduce: 0.008794
[184][WAXPBY-1] waxpby_kernel: 0.246176
[184][MATVEC] copyElementsToBuffer: 3.544768, D2H memcpy: 0.059552, int kernel: 3.575648, MPI comm: 4.032158, ext kernel: 0.164608
[184][DOT-2] dot_kernel: 0.151168, dot_final_reduce_kernel: 0.004448, D2H memcpy: 0.008864, MPI_Allreduce: 0.171462
[184][WAXPBY-2] waxpby_kernel: 0.244352
[184][WAXPBY-3] waxpby_kernel: 0.231328
[185][DOT-1] dot_kernel: 0.100480, dot_final_reduce_kernel: 0.004448, D2H memcpy: 0.004672, MPI_Allreduce: 0.009266
[185][WAXPBY-1] waxpby_kernel: 0.244640
[185][MATVEC] copyElementsToBuffer: 3.548480, D2H memcpy: 0.059744, int kernel: 3.581536, MPI comm: 4.063942, ext kernel: 0.164384
[185][DOT-2] dot_kernel: 0.151040, dot_final_reduce_kernel: 0.004416, D2H memcpy: 0.009344, MPI_Allreduce: 0.130084
[185][WAXPBY-2] waxpby_kernel: 0.242912
[185][WAXPBY-3] waxpby_kernel: 0.231584
[186][DOT-1] dot_kernel: 0.101920, dot_final_reduce_kernel: 0.004512, D2H memcpy: 0.004256, MPI_Allreduce: 0.011314
[186][WAXPBY-1] waxpby_kernel: 0.245696
[186][MATVEC] copyElementsToBuffer: 3.548128, D2H memcpy: 0.080064, int kernel: 3.583712, MPI comm: 4.185140, ext kernel: 0.165952
[186][DOT-2] dot_kernel: 0.150560, dot_final_reduce_kernel: 0.004416, D2H memcpy: 0.008992, MPI_Allreduce: 0.199927
[186][WAXPBY-2] waxpby_kernel: 0.244960
[186][WAXPBY-3] waxpby_kernel: 0.231360
[187][DOT-1] dot_kernel: 0.101728, dot_final_reduce_kernel: 0.004448, D2H memcpy: 0.008448, MPI_Allreduce: 0.008766
[187][WAXPBY-1] waxpby_kernel: 0.245824
[187][MATVEC] copyElementsToBuffer: 3.552384, D2H memcpy: 0.075168, int kernel: 3.582144, MPI comm: 4.038527, ext kernel: 0.162912
[187][DOT-2] dot_kernel: 0.150688, dot_final_reduce_kernel: 0.004608, D2H memcpy: 0.002368, MPI_Allreduce: 0.163247
[187][WAXPBY-2] waxpby_kernel: 0.243648
[187][WAXPBY-3] waxpby_kernel: 0.231936
[188][DOT-1] dot_kernel: 0.102624, dot_final_reduce_kernel: 0.004448, D2H memcpy: 0.003168, MPI_Allreduce: 0.008187
[188][WAXPBY-1] waxpby_kernel: 0.246400
[188][MATVEC] copyElementsToBuffer: 3.552000, D2H memcpy: 0.065920, int kernel: 3.578528, MPI comm: 4.031722, ext kernel: 0.166848
[188][DOT-2] dot_kernel: 0.151520, dot_final_reduce_kernel: 0.004480, D2H memcpy: 0.002304, MPI_Allreduce: 0.170903
[188][WAXPBY-2] waxpby_kernel: 0.245216
[188][WAXPBY-3] waxpby_kernel: 0.231904
[189][DOT-1] dot_kernel: 0.098656, dot_final_reduce_kernel: 0.004448, D2H memcpy: 0.001856, MPI_Allreduce: 0.008556
[189][WAXPBY-1] waxpby_kernel: 0.246624
[189][MATVEC] copyElementsToBuffer: 3.554016, D2H memcpy: 0.060768, int kernel: 3.581408, MPI comm: 4.048589, ext kernel: 0.163872
[189][DOT-2] dot_kernel: 0.150752, dot_final_reduce_kernel: 0.004608, D2H memcpy: 0.008224, MPI_Allreduce: 0.153237
[189][WAXPBY-2] waxpby_kernel: 0.242304
[189][WAXPBY-3] waxpby_kernel: 0.231968
[190][DOT-1] dot_kernel: 0.098240, dot_final_reduce_kernel: 0.004480, D2H memcpy: 0.007904, MPI_Allreduce: 0.011301
[190][WAXPBY-1] waxpby_kernel: 0.243168
[190][MATVEC] copyElementsToBuffer: 3.548864, D2H memcpy: 0.065664, int kernel: 3.583872, MPI comm: 4.033208, ext kernel: 0.163264
[190][DOT-2] dot_kernel: 0.150464, dot_final_reduce_kernel: 0.004384, D2H memcpy: 0.007232, MPI_Allreduce: 0.159413
[190][WAXPBY-2] waxpby_kernel: 0.244384
[190][WAXPBY-3] waxpby_kernel: 0.231712
[191][DOT-1] dot_kernel: 0.100160, dot_final_reduce_kernel: 0.004448, D2H memcpy: 0.007232, MPI_Allreduce: 0.008886
[191][WAXPBY-1] waxpby_kernel: 0.246976
[191][MATVEC] copyElementsToBuffer: 3.549152, D2H memcpy: 0.079808, int kernel: 3.585568, MPI comm: 4.037769, ext kernel: 0.164032
[191][DOT-2] dot_kernel: 0.150944, dot_final_reduce_kernel: 0.004640, D2H memcpy: 0.005120, MPI_Allreduce: 0.153856
[191][WAXPBY-2] waxpby_kernel: 0.245536
[191][WAXPBY-3] waxpby_kernel: 0.231616
[192][DOT-1] dot_kernel: 0.101312, dot_final_reduce_kernel: 0.004448, D2H memcpy: 0.007456, MPI_Allreduce: 0.009037
[192][WAXPBY-1] waxpby_kernel: 0.242432
[192][MATVEC] copyElementsToBuffer: 3.549728, D2H memcpy: 0.077984, int kernel: 3.583168, MPI comm: 4.049294, ext kernel: 0.165216
[192][DOT-2] dot_kernel: 0.151712, dot_final_reduce_kernel: 0.004448, D2H memcpy: 0.003360, MPI_Allreduce: 0.156451
[192][WAXPBY-2] waxpby_kernel: 0.242304
[192][WAXPBY-3] waxpby_kernel: 0.231904
[193][DOT-1] dot_kernel: 0.101824, dot_final_reduce_kernel: 0.004448, D2H memcpy: 0.005312, MPI_Allreduce: 0.008835
[193][WAXPBY-1] waxpby_kernel: 0.246816
[193][MATVEC] copyElementsToBuffer: 3.549888, D2H memcpy: 0.058176, int kernel: 3.577248, MPI comm: 4.042023, ext kernel: 0.164384
[193][DOT-2] dot_kernel: 0.150880, dot_final_reduce_kernel: 0.004832, D2H memcpy: 0.005888, MPI_Allreduce: 0.152355
[193][WAXPBY-2] waxpby_kernel: 0.245472
[193][WAXPBY-3] waxpby_kernel: 0.231840
[194][DOT-1] dot_kernel: 0.101248, dot_final_reduce_kernel: 0.004480, D2H memcpy: 0.006016, MPI_Allreduce: 0.012409
[194][WAXPBY-1] waxpby_kernel: 0.244544
[194][MATVEC] copyElementsToBuffer: 3.545600, D2H memcpy: 0.072160, int kernel: 3.577248, MPI comm: 4.025302, ext kernel: 0.162528
[194][DOT-2] dot_kernel: 0.150400, dot_final_reduce_kernel: 0.004416, D2H memcpy: 0.002240, MPI_Allreduce: 0.177047
[194][WAXPBY-2] waxpby_kernel: 0.244000
[194][WAXPBY-3] waxpby_kernel: 0.231744
[195][DOT-1] dot_kernel: 0.101056, dot_final_reduce_kernel: 0.004448, D2H memcpy: 0.003904, MPI_Allreduce: 0.009847
[195][WAXPBY-1] waxpby_kernel: 0.245664
[195][MATVEC] copyElementsToBuffer: 3.555616, D2H memcpy: 0.064480, int kernel: 3.580960, MPI comm: 4.025223, ext kernel: 0.166176
[195][DOT-2] dot_kernel: 0.150688, dot_final_reduce_kernel: 0.004416, D2H memcpy: 0.007648, MPI_Allreduce: 0.167427
[195][WAXPBY-2] waxpby_kernel: 0.243808
[195][WAXPBY-3] waxpby_kernel: 0.231648
[196][DOT-1] dot_kernel: 0.098016, dot_final_reduce_kernel: 0.004448, D2H memcpy: 0.008800, MPI_Allreduce: 0.007532
[196][WAXPBY-1] waxpby_kernel: 0.244928
[196][MATVEC] copyElementsToBuffer: 3.548192, D2H memcpy: 0.066880, int kernel: 3.574784, MPI comm: 4.024569, ext kernel: 0.164128
[196][DOT-2] dot_kernel: 0.150848, dot_final_reduce_kernel: 0.004448, D2H memcpy: 0.008256, MPI_Allreduce: 0.195214
[196][WAXPBY-2] waxpby_kernel: 0.243136
[196][WAXPBY-3] waxpby_kernel: 0.231520
[197][DOT-1] dot_kernel: 0.100352, dot_final_reduce_kernel: 0.004416, D2H memcpy: 0.006048, MPI_Allreduce: 0.007545
[197][WAXPBY-1] waxpby_kernel: 0.244192
[197][MATVEC] copyElementsToBuffer: 3.555136, D2H memcpy: 0.068544, int kernel: 3.582080, MPI comm: 4.058413, ext kernel: 0.164672
[197][DOT-2] dot_kernel: 0.150688, dot_final_reduce_kernel: 0.004384, D2H memcpy: 0.004512, MPI_Allreduce: 0.131916
[197][WAXPBY-2] waxpby_kernel: 0.242560
[197][WAXPBY-3] waxpby_kernel: 0.231648
[198][DOT-1] dot_kernel: 0.103776, dot_final_reduce_kernel: 0.004480, D2H memcpy: 0.006144, MPI_Allreduce: 0.010476
[198][WAXPBY-1] waxpby_kernel: 0.246976
[198][MATVEC] copyElementsToBuffer: 3.556128, D2H memcpy: 0.064672, int kernel: 3.584320, MPI comm: 4.065243, ext kernel: 0.159648
[198][DOT-2] dot_kernel: 0.150720, dot_final_reduce_kernel: 0.004416, D2H memcpy: 0.002528, MPI_Allreduce: 0.124151
[198][WAXPBY-2] waxpby_kernel: 0.240832
[198][WAXPBY-3] waxpby_kernel: 0.231456
[199][DOT-1] dot_kernel: 0.102240, dot_final_reduce_kernel: 0.004448, D2H memcpy: 0.007616, MPI_Allreduce: 0.007381
[199][WAXPBY-1] waxpby_kernel: 0.244512
[199][MATVEC] copyElementsToBuffer: 3.550240, D2H memcpy: 0.078560, int kernel: 3.578368, MPI comm: 4.036336, ext kernel: 0.167488
[199][DOT-2] dot_kernel: 0.150944, dot_final_reduce_kernel: 0.004384, D2H memcpy: 0.007456, MPI_Allreduce: 0.156699
[199][WAXPBY-2] waxpby_kernel: 0.245312
[199][WAXPBY-3] waxpby_kernel: 0.231776
Iteration = 200   Residual = 0.0133846
[200][DOT-1] dot_kernel: 0.100320, dot_final_reduce_kernel: 0.004416, D2H memcpy: 0.007424, MPI_Allreduce: 0.030159
[200][WAXPBY-1] waxpby_kernel: 0.246624
[200][MATVEC] copyElementsToBuffer: 3.554272, D2H memcpy: 0.065952, int kernel: 3.581568, MPI comm: 4.019527, ext kernel: 0.162656
[200][DOT-2] dot_kernel: 0.151360, dot_final_reduce_kernel: 0.004448, D2H memcpy: 0.002784, MPI_Allreduce: 0.176360
[200][WAXPBY-2] waxpby_kernel: 0.246080
[200][WAXPBY-3] waxpby_kernel: 0.231296
!!! [DOT-1] dot_kernel: 20.091872/0.100964, dot_final_reduce_kernel: 0.892928/0.004487, D2H memcpy: 1.141216/0.005735, MPI_Allreduce: 8.599196/0.043212
!!! [WAXPBY-1] waxpby_kernel: 48.808512/0.245269
!!! [MATVEC] copyElementsToBuffer: 706.504320/3.550273, D2H memcpy: 10.427584/0.052400, int kernel: 711.478306/3.575268, MPI comm: 816.128041/4.101146, ext kernel: 32.946048/0.165558
!!! [DOT-2] dot_kernel: 30.042816/0.150969, dot_final_reduce_kernel: 0.891520/0.004480, D2H memcpy: 1.261088/0.006337, MPI_Allreduce: 31.025192/0.155905
!!! [WAXPBY-2] waxpby_kernel: 48.629984/0.244372
!!! [WAXPBY-3] waxpby_kernel: 46.095776/0.231637
Final Resid Norm: 0.0133846
